-------------------------------------------------------------------------------
Test set: com.testing.HelloWorldIntegrationTest
-------------------------------------------------------------------------------
Tests run: 1, Failures: 1, Errors: 0, Skipped: 0, Time elapsed: 13.487 s <<< FAILURE! - in com.testing.HelloWorldIntegrationTest
responseShouldContainHelloWorldKey(com.testing.HelloWorldIntegrationTest)  Time elapsed: 0.639 s  <<< FAILURE!
org.junit.ComparisonFailure: expected:<"[Hello World!]"> but was:<"[No message available]">
	at com.testing.HelloWorldIntegrationTest.responseShouldContainHelloWorldKey(HelloWorldIntegrationTest.java:43)

