<?xml version="1.0" encoding="UTF-8"?>
<testsuite xmlns:xsi="http://www.w3.org/2001/XMLSchema-instance" xsi:noNamespaceSchemaLocation="https://maven.apache.org/surefire/maven-surefire-plugin/xsd/surefire-test-report.xsd" name="com.testing.HelloWorldIntegrationTest" time="6.349" tests="1" errors="1" skipped="0" failures="0">
  <properties>
[...]
</properties>
  <testcase name="responseShouldContainHelloWorldKey" classname="com.testing.HelloWorldIntegrationTest" time="0.015">
    <error message="Failed to load ApplicationContext" type="java.lang.IllegalStateException">java.lang.IllegalStateException: Failed to load ApplicationContext
Caused by: org.springframework.context.ApplicationContextException: Unable to start web server; nested exception is org.springframework.beans.factory.BeanCreationException: Error creating bean with name 'tomcatServletWebServerFactory' defined in class path resource [org/springframework/boot/autoconfigure/web/servlet/ServletWebServerFactoryConfiguration$EmbeddedTomcat.class]: Initialization of bean failed; nested exception is java.lang.IllegalArgumentException: ContextPath must start with '/' and not end with '/'
Caused by: org.springframework.beans.factory.BeanCreationException: Error creating bean with name 'tomcatServletWebServerFactory' defined in class path resource [org/springframework/boot/autoconfigure/web/servlet/ServletWebServerFactoryConfiguration$EmbeddedTomcat.class]: Initialization of bean failed; nested exception is java.lang.IllegalArgumentException: ContextPath must start with '/' and not end with '/'
Caused by: java.lang.IllegalArgumentException: ContextPath must start with '/' and not end with '/'
</error>
    <system-out><![CDATA[00:53:04.905 [main] DEBUG org.springframework.test.context.junit4.SpringJUnit4ClassRunner - SpringJUnit4ClassRunner constructor called with [class com.testing.HelloWorldIntegrationTest]
00:53:04.916 [main] DEBUG org.springframework.test.context.BootstrapUtils - Instantiating CacheAwareContextLoaderDelegate from class [org.springframework.test.context.cache.DefaultCacheAwareContextLoaderDelegate]
00:53:04.936 [main] DEBUG org.springframework.test.context.BootstrapUtils - Instantiating BootstrapContext using constructor [public org.springframework.test.context.support.DefaultBootstrapContext(java.lang.Class,org.springframework.test.context.CacheAwareContextLoaderDelegate)]
00:53:04.963 [main] DEBUG org.springframework.test.context.BootstrapUtils - Instantiating TestContextBootstrapper for test class [com.testing.HelloWorldIntegrationTest] from class [org.springframework.boot.test.context.SpringBootTestContextBootstrapper]
00:53:04.990 [main] INFO org.springframework.boot.test.context.SpringBootTestContextBootstrapper - Neither @ContextConfiguration nor @ContextHierarchy found for test class [com.testing.HelloWorldIntegrationTest], using SpringBootContextLoader
00:53:04.990 [main] DEBUG org.springframework.test.context.support.AbstractContextLoader - Did not detect default resource location for test class [com.testing.HelloWorldIntegrationTest]: class path resource [com/testing/HelloWorldIntegrationTest-context.xml] does not exist
00:53:04.990 [main] DEBUG org.springframework.test.context.support.AbstractContextLoader - Did not detect default resource location for test class [com.testing.HelloWorldIntegrationTest]: class path resource [com/testing/HelloWorldIntegrationTestContext.groovy] does not exist
00:53:04.990 [main] INFO org.springframework.test.context.support.AbstractContextLoader - Could not detect default resource locations for test class [com.testing.HelloWorldIntegrationTest]: no resource found for suffixes {-context.xml, Context.groovy}.
00:53:04.999 [main] INFO org.springframework.test.context.support.AnnotationConfigContextLoaderUtils - Could not detect default configuration classes for test class [com.testing.HelloWorldIntegrationTest]: HelloWorldIntegrationTest does not declare any static, non-private, non-final, nested classes annotated with @Configuration.
00:53:05.074 [main] DEBUG org.springframework.test.context.support.ActiveProfilesUtils - Could not find an 'annotation declaring class' for annotation type [org.springframework.test.context.ActiveProfiles] and class [com.testing.HelloWorldIntegrationTest]
00:53:05.099 [main] DEBUG org.springframework.core.env.StandardEnvironment - Adding PropertySource 'systemProperties' with lowest search precedence
00:53:05.100 [main] DEBUG org.springframework.core.env.StandardEnvironment - Adding PropertySource 'systemEnvironment' with lowest search precedence
00:53:05.102 [main] DEBUG org.springframework.core.env.StandardEnvironment - Initialized StandardEnvironment with PropertySources [MapPropertySource@1726054143 {name='systemProperties', properties={java.runtime.name=Java(TM) SE Runtime Environment, sun.boot.library.path=C:\Program Files\Java\jdk1.8.0_291\jre\bin, java.vm.version=25.291-b10, java.vm.vendor=Oracle Corporation, java.vendor.url=http://java.oracle.com/, path.separator=;, java.vm.name=Java HotSpot(TM) 64-Bit Server VM, file.encoding.pkg=sun.io, user.country=US, user.script=, sun.java.launcher=SUN_STANDARD, sun.os.patch.level=, java.vm.specification.name=Java Virtual Machine Specification, user.dir=C:\ProgramData\Jenkins\.jenkins\workspace\SampleProject, java.runtime.version=1.8.0_291-b10, basedir=C:\ProgramData\Jenkins\.jenkins\workspace\SampleProject, java.awt.graphicsenv=sun.awt.Win32GraphicsEnvironment, java.endorsed.dirs=C:\Program Files\Java\jdk1.8.0_291\jre\lib\endorsed, os.arch=amd64, surefire.real.class.path=C:\WINDOWS\TEMP\surefire7777615385942830550\surefirebooter4492546008605573382.jar;C:\\WINDOWS\\system32\\config\\systemprofile\\.m2\\repository\\org\\jacoco\\org.jacoco.agent\\0.7.9\\org.jacoco.agent-0.7.9-runtime.jar, java.io.tmpdir=C:\WINDOWS\TEMP\, line.separator=
, java.vm.specification.vendor=Oracle Corporation, user.variant=, os.name=Windows 10, sun.jnu.encoding=Cp1252, java.library.path=C:\Program Files\Java\jdk1.8.0_291\jre\bin;C:\WINDOWS\Sun\Java\bin;C:\WINDOWS\system32;C:\WINDOWS;C:\Program Files\Common Files\Oracle\Java\javapath;C:\Program Files\Scripts\;C:\Program Files\;C:\Program Files (x86)\Common Files\Oracle\Java\javapath;C:\Windows\system32;C:\Windows;C:\Windows\System32\Wbem;C:\Windows\System32\WindowsPowerShell\v1.0\;C:\Windows\System32\OpenSSH\;C:\Program Files (x86)\NVIDIA Corporation\PhysX\Common;C:\Program Files\Java\jdk1.8.0_291\bin;C:\Program Files\Git\cmd;C:\WINDOWS\system32;C:\WINDOWS;C:\WINDOWS\System32\Wbem;C:\WINDOWS\System32\WindowsPowerShell\v1.0\;C:\WINDOWS\System32\OpenSSH\;C:\Users\91770\AppData\Local\Microsoft\WindowsApps\python.exe;C:\Program Files\Docker\Docker\resources\bin;C:\Program Files\terraform_1.5.7_windows_386;C:\Program Files\Amazon\AWSCLIV2\;C:\Program Files\kubectl;C:\Program Files\nodejs\;C:\Program Files (x86)\apache-maven-3.9.9\bin;C:\WINDOWS\system32\config\systemprofile\AppData\Local\Microsoft\WindowsApps;., surefire.test.class.path=C:\ProgramData\Jenkins\.jenkins\workspace\SampleProject\target\test-classes;C:\ProgramData\Jenkins\.jenkins\workspace\SampleProject\target\classes;C:\WINDOWS\system32\config\systemprofile\.m2\repository\org\springframework\boot\spring-boot-starter\2.0.4.RELEASE\spring-boot-starter-2.0.4.RELEASE.jar;C:\WINDOWS\system32\config\systemprofile\.m2\repository\org\springframework\boot\spring-boot\2.0.4.RELEASE\spring-boot-2.0.4.RELEASE.jar;C:\WINDOWS\system32\config\systemprofile\.m2\repository\org\springframework\spring-context\5.0.8.RELEASE\spring-context-5.0.8.RELEASE.jar;C:\WINDOWS\system32\config\systemprofile\.m2\repository\org\springframework\boot\spring-boot-autoconfigure\2.0.4.RELEASE\spring-boot-autoconfigure-2.0.4.RELEASE.jar;C:\WINDOWS\system32\config\systemprofile\.m2\repository\org\springframework\boot\spring-boot-starter-logging\2.0.4.RELEASE\spring-boot-starter-logging-2.0.4.RELEASE.jar;C:\WINDOWS\system32\config\systemprofile\.m2\repository\ch\qos\logback\logback-classic\1.2.3\logback-classic-1.2.3.jar;C:\WINDOWS\system32\config\systemprofile\.m2\repository\org\apache\logging\log4j\log4j-to-slf4j\2.10.0\log4j-to-slf4j-2.10.0.jar;C:\WINDOWS\system32\config\systemprofile\.m2\repository\org\apache\logging\log4j\log4j-api\2.10.0\log4j-api-2.10.0.jar;C:\WINDOWS\system32\config\systemprofile\.m2\repository\org\slf4j\jul-to-slf4j\1.7.25\jul-to-slf4j-1.7.25.jar;C:\WINDOWS\system32\config\systemprofile\.m2\repository\javax\annotation\javax.annotation-api\1.3.2\javax.annotation-api-1.3.2.jar;C:\WINDOWS\system32\config\systemprofile\.m2\repository\org\springframework\spring-core\5.0.8.RELEASE\spring-core-5.0.8.RELEASE.jar;C:\WINDOWS\system32\config\systemprofile\.m2\repository\org\springframework\spring-jcl\5.0.8.RELEASE\spring-jcl-5.0.8.RELEASE.jar;C:\WINDOWS\system32\config\systemprofile\.m2\repository\org\yaml\snakeyaml\1.19\snakeyaml-1.19.jar;C:\WINDOWS\system32\config\systemprofile\.m2\repository\org\springframework\boot\spring-boot-starter-actuator\2.0.4.RELEASE\spring-boot-starter-actuator-2.0.4.RELEASE.jar;C:\WINDOWS\system32\config\systemprofile\.m2\repository\org\springframework\boot\spring-boot-actuator-autoconfigure\2.0.4.RELEASE\spring-boot-actuator-autoconfigure-2.0.4.RELEASE.jar;C:\WINDOWS\system32\config\systemprofile\.m2\repository\org\springframework\boot\spring-boot-actuator\2.0.4.RELEASE\spring-boot-actuator-2.0.4.RELEASE.jar;C:\WINDOWS\system32\config\systemprofile\.m2\repository\com\fasterxml\jackson\datatype\jackson-datatype-jsr310\2.9.6\jackson-datatype-jsr310-2.9.6.jar;C:\WINDOWS\system32\config\systemprofile\.m2\repository\io\micrometer\micrometer-core\1.0.6\micrometer-core-1.0.6.jar;C:\WINDOWS\system32\config\systemprofile\.m2\repository\org\hdrhistogram\HdrHistogram\2.1.10\HdrHistogram-2.1.10.jar;C:\WINDOWS\system32\config\systemprofile\.m2\repository\org\latencyutils\LatencyUtils\2.0.3\LatencyUtils-2.0.3.jar;C:\WINDOWS\system32\config\systemprofile\.m2\repository\org\springframework\boot\spring-boot-starter-data-jpa\2.0.4.RELEASE\spring-boot-starter-data-jpa-2.0.4.RELEASE.jar;C:\WINDOWS\system32\config\systemprofile\.m2\repository\org\springframework\boot\spring-boot-starter-aop\2.0.4.RELEASE\spring-boot-starter-aop-2.0.4.RELEASE.jar;C:\WINDOWS\system32\config\systemprofile\.m2\repository\org\springframework\spring-aop\5.0.8.RELEASE\spring-aop-5.0.8.RELEASE.jar;C:\WINDOWS\system32\config\systemprofile\.m2\repository\org\aspectj\aspectjweaver\1.8.13\aspectjweaver-1.8.13.jar;C:\WINDOWS\system32\config\systemprofile\.m2\repository\org\springframework\boot\spring-boot-starter-jdbc\2.0.4.RELEASE\spring-boot-starter-jdbc-2.0.4.RELEASE.jar;C:\WINDOWS\system32\config\systemprofile\.m2\repository\com\zaxxer\HikariCP\2.7.9\HikariCP-2.7.9.jar;C:\WINDOWS\system32\config\systemprofile\.m2\repository\org\springframework\spring-jdbc\5.0.8.RELEASE\spring-jdbc-5.0.8.RELEASE.jar;C:\WINDOWS\system32\config\systemprofile\.m2\repository\org\hibernate\hibernate-core\5.2.17.Final\hibernate-core-5.2.17.Final.jar;C:\WINDOWS\system32\config\systemprofile\.m2\repository\org\jboss\logging\jboss-logging\3.3.2.Final\jboss-logging-3.3.2.Final.jar;C:\WINDOWS\system32\config\systemprofile\.m2\repository\org\hibernate\javax\persistence\hibernate-jpa-2.1-api\1.0.2.Final\hibernate-jpa-2.1-api-1.0.2.Final.jar;C:\WINDOWS\system32\config\systemprofile\.m2\repository\org\javassist\javassist\3.22.0-GA\javassist-3.22.0-GA.jar;C:\WINDOWS\system32\config\systemprofile\.m2\repository\antlr\antlr\2.7.7\antlr-2.7.7.jar;C:\WINDOWS\system32\config\systemprofile\.m2\repository\org\jboss\jandex\2.0.3.Final\jandex-2.0.3.Final.jar;C:\WINDOWS\system32\config\systemprofile\.m2\repository\com\fasterxml\classmate\1.3.4\classmate-1.3.4.jar;C:\WINDOWS\system32\config\systemprofile\.m2\repository\dom4j\dom4j\1.6.1\dom4j-1.6.1.jar;C:\WINDOWS\system32\config\systemprofile\.m2\repository\org\hibernate\common\hibernate-commons-annotations\5.0.1.Final\hibernate-commons-annotations-5.0.1.Final.jar;C:\WINDOWS\system32\config\systemprofile\.m2\repository\javax\transaction\javax.transaction-api\1.2\javax.transaction-api-1.2.jar;C:\WINDOWS\system32\config\systemprofile\.m2\repository\org\springframework\data\spring-data-jpa\2.0.9.RELEASE\spring-data-jpa-2.0.9.RELEASE.jar;C:\WINDOWS\system32\config\systemprofile\.m2\repository\org\springframework\data\spring-data-commons\2.0.9.RELEASE\spring-data-commons-2.0.9.RELEASE.jar;C:\WINDOWS\system32\config\systemprofile\.m2\repository\org\springframework\spring-orm\5.0.8.RELEASE\spring-orm-5.0.8.RELEASE.jar;C:\WINDOWS\system32\config\systemprofile\.m2\repository\org\springframework\spring-tx\5.0.8.RELEASE\spring-tx-5.0.8.RELEASE.jar;C:\WINDOWS\system32\config\systemprofile\.m2\repository\org\springframework\spring-beans\5.0.8.RELEASE\spring-beans-5.0.8.RELEASE.jar;C:\WINDOWS\system32\config\systemprofile\.m2\repository\org\slf4j\slf4j-api\1.7.25\slf4j-api-1.7.25.jar;C:\WINDOWS\system32\config\systemprofile\.m2\repository\org\springframework\spring-aspects\5.0.8.RELEASE\spring-aspects-5.0.8.RELEASE.jar;C:\WINDOWS\system32\config\systemprofile\.m2\repository\org\springframework\boot\spring-boot-starter-test\2.0.4.RELEASE\spring-boot-starter-test-2.0.4.RELEASE.jar;C:\WINDOWS\system32\config\systemprofile\.m2\repository\org\springframework\boot\spring-boot-test-autoconfigure\2.0.4.RELEASE\spring-boot-test-autoconfigure-2.0.4.RELEASE.jar;C:\WINDOWS\system32\config\systemprofile\.m2\repository\com\jayway\jsonpath\json-path\2.4.0\json-path-2.4.0.jar;C:\WINDOWS\system32\config\systemprofile\.m2\repository\net\minidev\json-smart\2.3\json-smart-2.3.jar;C:\WINDOWS\system32\config\systemprofile\.m2\repository\net\minidev\accessors-smart\1.2\accessors-smart-1.2.jar;C:\WINDOWS\system32\config\systemprofile\.m2\repository\org\ow2\asm\asm\5.0.4\asm-5.0.4.jar;C:\WINDOWS\system32\config\systemprofile\.m2\repository\junit\junit\4.12\junit-4.12.jar;C:\WINDOWS\system32\config\systemprofile\.m2\repository\org\hamcrest\hamcrest-core\1.3\hamcrest-core-1.3.jar;C:\WINDOWS\system32\config\systemprofile\.m2\repository\org\hamcrest\hamcrest-library\1.3\hamcrest-library-1.3.jar;C:\WINDOWS\system32\config\systemprofile\.m2\repository\org\skyscreamer\jsonassert\1.5.0\jsonassert-1.5.0.jar;C:\WINDOWS\system32\config\systemprofile\.m2\repository\org\xmlunit\xmlunit-core\2.5.1\xmlunit-core-2.5.1.jar;C:\WINDOWS\system32\config\systemprofile\.m2\repository\org\springframework\boot\spring-boot-starter-web\2.0.4.RELEASE\spring-boot-starter-web-2.0.4.RELEASE.jar;C:\WINDOWS\system32\config\systemprofile\.m2\repository\org\springframework\boot\spring-boot-starter-json\2.0.4.RELEASE\spring-boot-starter-json-2.0.4.RELEASE.jar;C:\WINDOWS\system32\config\systemprofile\.m2\repository\com\fasterxml\jackson\datatype\jackson-datatype-jdk8\2.9.6\jackson-datatype-jdk8-2.9.6.jar;C:\WINDOWS\system32\config\systemprofile\.m2\repository\com\fasterxml\jackson\module\jackson-module-parameter-names\2.9.6\jackson-module-parameter-names-2.9.6.jar;C:\WINDOWS\system32\config\systemprofile\.m2\repository\org\springframework\boot\spring-boot-starter-tomcat\2.0.4.RELEASE\spring-boot-starter-tomcat-2.0.4.RELEASE.jar;C:\WINDOWS\system32\config\systemprofile\.m2\repository\org\apache\tomcat\embed\tomcat-embed-core\8.5.32\tomcat-embed-core-8.5.32.jar;C:\WINDOWS\system32\config\systemprofile\.m2\repository\org\apache\tomcat\embed\tomcat-embed-el\8.5.32\tomcat-embed-el-8.5.32.jar;C:\WINDOWS\system32\config\systemprofile\.m2\repository\org\apache\tomcat\embed\tomcat-embed-websocket\8.5.32\tomcat-embed-websocket-8.5.32.jar;C:\WINDOWS\system32\config\systemprofile\.m2\repository\org\hibernate\validator\hibernate-validator\6.0.11.Final\hibernate-validator-6.0.11.Final.jar;C:\WINDOWS\system32\config\systemprofile\.m2\repository\javax\validation\validation-api\2.0.1.Final\validation-api-2.0.1.Final.jar;C:\WINDOWS\system32\config\systemprofile\.m2\repository\org\springframework\spring-web\5.0.8.RELEASE\spring-web-5.0.8.RELEASE.jar;C:\WINDOWS\system32\config\systemprofile\.m2\repository\org\springframework\spring-webmvc\5.0.8.RELEASE\spring-webmvc-5.0.8.RELEASE.jar;C:\WINDOWS\system32\config\systemprofile\.m2\repository\org\springframework\spring-expression\5.0.8.RELEASE\spring-expression-5.0.8.RELEASE.jar;C:\WINDOWS\system32\config\systemprofile\.m2\repository\com\h2database\h2\1.4.197\h2-1.4.197.jar;C:\WINDOWS\system32\config\systemprofile\.m2\repository\org\springframework\cloud\spring-cloud-starter-sleuth\2.0.0.RELEASE\spring-cloud-starter-sleuth-2.0.0.RELEASE.jar;C:\WINDOWS\system32\config\systemprofile\.m2\repository\org\springframework\cloud\spring-cloud-starter\2.0.0.RELEASE\spring-cloud-starter-2.0.0.RELEASE.jar;C:\WINDOWS\system32\config\systemprofile\.m2\repository\org\springframework\cloud\spring-cloud-context\2.0.0.RELEASE\spring-cloud-context-2.0.0.RELEASE.jar;C:\WINDOWS\system32\config\systemprofile\.m2\repository\org\springframework\security\spring-security-rsa\1.0.5.RELEASE\spring-security-rsa-1.0.5.RELEASE.jar;C:\WINDOWS\system32\config\systemprofile\.m2\repository\org\bouncycastle\bcpkix-jdk15on\1.56\bcpkix-jdk15on-1.56.jar;C:\WINDOWS\system32\config\systemprofile\.m2\repository\org\bouncycastle\bcprov-jdk15on\1.56\bcprov-jdk15on-1.56.jar;C:\WINDOWS\system32\config\systemprofile\.m2\repository\org\springframework\cloud\spring-cloud-sleuth-core\2.0.0.RELEASE\spring-cloud-sleuth-core-2.0.0.RELEASE.jar;C:\WINDOWS\system32\config\systemprofile\.m2\repository\org\aspectj\aspectjrt\1.8.13\aspectjrt-1.8.13.jar;C:\WINDOWS\system32\config\systemprofile\.m2\repository\io\zipkin\brave\brave\5.1.0\brave-5.1.0.jar;C:\WINDOWS\system32\config\systemprofile\.m2\repository\io\zipkin\brave\brave-context-log4j2\5.1.0\brave-context-log4j2-5.1.0.jar;C:\WINDOWS\system32\config\systemprofile\.m2\repository\io\zipkin\brave\brave-instrumentation-spring-web\5.1.0\brave-instrumentation-spring-web-5.1.0.jar;C:\WINDOWS\system32\config\systemprofile\.m2\repository\io\zipkin\brave\brave-instrumentation-http\5.1.0\brave-instrumentation-http-5.1.0.jar;C:\WINDOWS\system32\config\systemprofile\.m2\repository\io\zipkin\brave\brave-instrumentation-spring-rabbit\5.1.0\brave-instrumentation-spring-rabbit-5.1.0.jar;C:\WINDOWS\system32\config\systemprofile\.m2\repository\io\zipkin\brave\brave-instrumentation-kafka-clients\5.1.0\brave-instrumentation-kafka-clients-5.1.0.jar;C:\WINDOWS\system32\config\systemprofile\.m2\repository\io\zipkin\brave\brave-instrumentation-httpclient\5.1.0\brave-instrumentation-httpclient-5.1.0.jar;C:\WINDOWS\system32\config\systemprofile\.m2\repository\io\zipkin\brave\brave-instrumentation-httpasyncclient\5.1.0\brave-instrumentation-httpasyncclient-5.1.0.jar;C:\WINDOWS\system32\config\systemprofile\.m2\repository\io\zipkin\brave\brave-instrumentation-spring-webmvc\5.1.0\brave-instrumentation-spring-webmvc-5.1.0.jar;C:\WINDOWS\system32\config\systemprofile\.m2\repository\io\zipkin\brave\brave-instrumentation-servlet\5.1.0\brave-instrumentation-servlet-5.1.0.jar;C:\WINDOWS\system32\config\systemprofile\.m2\repository\org\springframework\cloud\spring-cloud-sleuth-zipkin\2.0.0.RELEASE\spring-cloud-sleuth-zipkin-2.0.0.RELEASE.jar;C:\WINDOWS\system32\config\systemprofile\.m2\repository\org\springframework\cloud\spring-cloud-commons\2.0.0.RELEASE\spring-cloud-commons-2.0.0.RELEASE.jar;C:\WINDOWS\system32\config\systemprofile\.m2\repository\org\springframework\security\spring-security-crypto\5.0.7.RELEASE\spring-security-crypto-5.0.7.RELEASE.jar;C:\WINDOWS\system32\config\systemprofile\.m2\repository\io\zipkin\zipkin2\zipkin\2.9.3\zipkin-2.9.3.jar;C:\WINDOWS\system32\config\systemprofile\.m2\repository\io\zipkin\reporter2\zipkin-reporter\2.7.3\zipkin-reporter-2.7.3.jar;C:\WINDOWS\system32\config\systemprofile\.m2\repository\io\zipkin\reporter2\zipkin-sender-kafka11\2.7.3\zipkin-sender-kafka11-2.7.3.jar;C:\WINDOWS\system32\config\systemprofile\.m2\repository\io\zipkin\reporter2\zipkin-sender-amqp-client\2.7.3\zipkin-sender-amqp-client-2.7.3.jar;C:\WINDOWS\system32\config\systemprofile\.m2\repository\commons-collections\commons-collections\3.2.2\commons-collections-3.2.2.jar;C:\WINDOWS\system32\config\systemprofile\.m2\repository\net\logstash\logback\logstash-logback-encoder\4.11\logstash-logback-encoder-4.11.jar;C:\WINDOWS\system32\config\systemprofile\.m2\repository\ch\qos\logback\logback-core\1.2.3\logback-core-1.2.3.jar;C:\WINDOWS\system32\config\systemprofile\.m2\repository\com\fasterxml\jackson\core\jackson-databind\2.9.6\jackson-databind-2.9.6.jar;C:\WINDOWS\system32\config\systemprofile\.m2\repository\com\fasterxml\jackson\dataformat\jackson-dataformat-xml\2.9.6\jackson-dataformat-xml-2.9.6.jar;C:\WINDOWS\system32\config\systemprofile\.m2\repository\com\fasterxml\jackson\core\jackson-core\2.9.6\jackson-core-2.9.6.jar;C:\WINDOWS\system32\config\systemprofile\.m2\repository\com\fasterxml\jackson\core\jackson-annotations\2.9.0\jackson-annotations-2.9.0.jar;C:\WINDOWS\system32\config\systemprofile\.m2\repository\com\fasterxml\jackson\module\jackson-module-jaxb-annotations\2.9.6\jackson-module-jaxb-annotations-2.9.6.jar;C:\WINDOWS\system32\config\systemprofile\.m2\repository\org\codehaus\woodstox\stax2-api\3.1.4\stax2-api-3.1.4.jar;C:\WINDOWS\system32\config\systemprofile\.m2\repository\com\fasterxml\woodstox\woodstox-core\5.0.3\woodstox-core-5.0.3.jar;C:\WINDOWS\system32\config\systemprofile\.m2\repository\com\fasterxml\jackson\datatype\jackson-datatype-joda\2.9.6\jackson-datatype-joda-2.9.6.jar;C:\WINDOWS\system32\config\systemprofile\.m2\repository\joda-time\joda-time\2.9.9\joda-time-2.9.9.jar;C:\WINDOWS\system32\config\systemprofile\.m2\repository\org\junit\jupiter\junit-jupiter-api\5.1.1\junit-jupiter-api-5.1.1.jar;C:\WINDOWS\system32\config\systemprofile\.m2\repository\org\apiguardian\apiguardian-api\1.0.0\apiguardian-api-1.0.0.jar;C:\WINDOWS\system32\config\systemprofile\.m2\repository\org\opentest4j\opentest4j\1.0.0\opentest4j-1.0.0.jar;C:\WINDOWS\system32\config\systemprofile\.m2\repository\org\junit\platform\junit-platform-commons\1.1.1\junit-platform-commons-1.1.1.jar;C:\WINDOWS\system32\config\systemprofile\.m2\repository\org\mockito\mockito-core\2.15.0\mockito-core-2.15.0.jar;C:\WINDOWS\system32\config\systemprofile\.m2\repository\net\bytebuddy\byte-buddy\1.7.11\byte-buddy-1.7.11.jar;C:\WINDOWS\system32\config\systemprofile\.m2\repository\net\bytebuddy\byte-buddy-agent\1.7.11\byte-buddy-agent-1.7.11.jar;C:\WINDOWS\system32\config\systemprofile\.m2\repository\org\objenesis\objenesis\2.6\objenesis-2.6.jar;C:\WINDOWS\system32\config\systemprofile\.m2\repository\org\assertj\assertj-core\3.9.1\assertj-core-3.9.1.jar;C:\WINDOWS\system32\config\systemprofile\.m2\repository\org\springframework\boot\spring-boot-test\2.0.4.RELEASE\spring-boot-test-2.0.4.RELEASE.jar;C:\WINDOWS\system32\config\systemprofile\.m2\repository\org\springframework\spring-test\5.0.8.RELEASE\spring-test-5.0.8.RELEASE.jar;, java.specification.name=Java Platform API Specification, java.class.version=52.0, sun.management.compiler=HotSpot 64-Bit Tiered Compilers, os.version=10.0, user.home=C:\WINDOWS\system32\config\systemprofile, user.timezone=Asia/Calcutta, java.awt.printerjob=sun.awt.windows.WPrinterJob, file.encoding=Cp1252, java.specification.version=1.8, java.class.path=C:\ProgramData\Jenkins\.jenkins\workspace\SampleProject\target\test-classes;C:\ProgramData\Jenkins\.jenkins\workspace\SampleProject\target\classes;C:\WINDOWS\system32\config\systemprofile\.m2\repository\org\springframework\boot\spring-boot-starter\2.0.4.RELEASE\spring-boot-starter-2.0.4.RELEASE.jar;C:\WINDOWS\system32\config\systemprofile\.m2\repository\org\springframework\boot\spring-boot\2.0.4.RELEASE\spring-boot-2.0.4.RELEASE.jar;C:\WINDOWS\system32\config\systemprofile\.m2\repository\org\springframework\spring-context\5.0.8.RELEASE\spring-context-5.0.8.RELEASE.jar;C:\WINDOWS\system32\config\systemprofile\.m2\repository\org\springframework\boot\spring-boot-autoconfigure\2.0.4.RELEASE\spring-boot-autoconfigure-2.0.4.RELEASE.jar;C:\WINDOWS\system32\config\systemprofile\.m2\repository\org\springframework\boot\spring-boot-starter-logging\2.0.4.RELEASE\spring-boot-starter-logging-2.0.4.RELEASE.jar;C:\WINDOWS\system32\config\systemprofile\.m2\repository\ch\qos\logback\logback-classic\1.2.3\logback-classic-1.2.3.jar;C:\WINDOWS\system32\config\systemprofile\.m2\repository\org\apache\logging\log4j\log4j-to-slf4j\2.10.0\log4j-to-slf4j-2.10.0.jar;C:\WINDOWS\system32\config\systemprofile\.m2\repository\org\apache\logging\log4j\log4j-api\2.10.0\log4j-api-2.10.0.jar;C:\WINDOWS\system32\config\systemprofile\.m2\repository\org\slf4j\jul-to-slf4j\1.7.25\jul-to-slf4j-1.7.25.jar;C:\WINDOWS\system32\config\systemprofile\.m2\repository\javax\annotation\javax.annotation-api\1.3.2\javax.annotation-api-1.3.2.jar;C:\WINDOWS\system32\config\systemprofile\.m2\repository\org\springframework\spring-core\5.0.8.RELEASE\spring-core-5.0.8.RELEASE.jar;C:\WINDOWS\system32\config\systemprofile\.m2\repository\org\springframework\spring-jcl\5.0.8.RELEASE\spring-jcl-5.0.8.RELEASE.jar;C:\WINDOWS\system32\config\systemprofile\.m2\repository\org\yaml\snakeyaml\1.19\snakeyaml-1.19.jar;C:\WINDOWS\system32\config\systemprofile\.m2\repository\org\springframework\boot\spring-boot-starter-actuator\2.0.4.RELEASE\spring-boot-starter-actuator-2.0.4.RELEASE.jar;C:\WINDOWS\system32\config\systemprofile\.m2\repository\org\springframework\boot\spring-boot-actuator-autoconfigure\2.0.4.RELEASE\spring-boot-actuator-autoconfigure-2.0.4.RELEASE.jar;C:\WINDOWS\system32\config\systemprofile\.m2\repository\org\springframework\boot\spring-boot-actuator\2.0.4.RELEASE\spring-boot-actuator-2.0.4.RELEASE.jar;C:\WINDOWS\system32\config\systemprofile\.m2\repository\com\fasterxml\jackson\datatype\jackson-datatype-jsr310\2.9.6\jackson-datatype-jsr310-2.9.6.jar;C:\WINDOWS\system32\config\systemprofile\.m2\repository\io\micrometer\micrometer-core\1.0.6\micrometer-core-1.0.6.jar;C:\WINDOWS\system32\config\systemprofile\.m2\repository\org\hdrhistogram\HdrHistogram\2.1.10\HdrHistogram-2.1.10.jar;C:\WINDOWS\system32\config\systemprofile\.m2\repository\org\latencyutils\LatencyUtils\2.0.3\LatencyUtils-2.0.3.jar;C:\WINDOWS\system32\config\systemprofile\.m2\repository\org\springframework\boot\spring-boot-starter-data-jpa\2.0.4.RELEASE\spring-boot-starter-data-jpa-2.0.4.RELEASE.jar;C:\WINDOWS\system32\config\systemprofile\.m2\repository\org\springframework\boot\spring-boot-starter-aop\2.0.4.RELEASE\spring-boot-starter-aop-2.0.4.RELEASE.jar;C:\WINDOWS\system32\config\systemprofile\.m2\repository\org\springframework\spring-aop\5.0.8.RELEASE\spring-aop-5.0.8.RELEASE.jar;C:\WINDOWS\system32\config\systemprofile\.m2\repository\org\aspectj\aspectjweaver\1.8.13\aspectjweaver-1.8.13.jar;C:\WINDOWS\system32\config\systemprofile\.m2\repository\org\springframework\boot\spring-boot-starter-jdbc\2.0.4.RELEASE\spring-boot-starter-jdbc-2.0.4.RELEASE.jar;C:\WINDOWS\system32\config\systemprofile\.m2\repository\com\zaxxer\HikariCP\2.7.9\HikariCP-2.7.9.jar;C:\WINDOWS\system32\config\systemprofile\.m2\repository\org\springframework\spring-jdbc\5.0.8.RELEASE\spring-jdbc-5.0.8.RELEASE.jar;C:\WINDOWS\system32\config\systemprofile\.m2\repository\org\hibernate\hibernate-core\5.2.17.Final\hibernate-core-5.2.17.Final.jar;C:\WINDOWS\system32\config\systemprofile\.m2\repository\org\jboss\logging\jboss-logging\3.3.2.Final\jboss-logging-3.3.2.Final.jar;C:\WINDOWS\system32\config\systemprofile\.m2\repository\org\hibernate\javax\persistence\hibernate-jpa-2.1-api\1.0.2.Final\hibernate-jpa-2.1-api-1.0.2.Final.jar;C:\WINDOWS\system32\config\systemprofile\.m2\repository\org\javassist\javassist\3.22.0-GA\javassist-3.22.0-GA.jar;C:\WINDOWS\system32\config\systemprofile\.m2\repository\antlr\antlr\2.7.7\antlr-2.7.7.jar;C:\WINDOWS\system32\config\systemprofile\.m2\repository\org\jboss\jandex\2.0.3.Final\jandex-2.0.3.Final.jar;C:\WINDOWS\system32\config\systemprofile\.m2\repository\com\fasterxml\classmate\1.3.4\classmate-1.3.4.jar;C:\WINDOWS\system32\config\systemprofile\.m2\repository\dom4j\dom4j\1.6.1\dom4j-1.6.1.jar;C:\WINDOWS\system32\config\systemprofile\.m2\repository\org\hibernate\common\hibernate-commons-annotations\5.0.1.Final\hibernate-commons-annotations-5.0.1.Final.jar;C:\WINDOWS\system32\config\systemprofile\.m2\repository\javax\transaction\javax.transaction-api\1.2\javax.transaction-api-1.2.jar;C:\WINDOWS\system32\config\systemprofile\.m2\repository\org\springframework\data\spring-data-jpa\2.0.9.RELEASE\spring-data-jpa-2.0.9.RELEASE.jar;C:\WINDOWS\system32\config\systemprofile\.m2\repository\org\springframework\data\spring-data-commons\2.0.9.RELEASE\spring-data-commons-2.0.9.RELEASE.jar;C:\WINDOWS\system32\config\systemprofile\.m2\repository\org\springframework\spring-orm\5.0.8.RELEASE\spring-orm-5.0.8.RELEASE.jar;C:\WINDOWS\system32\config\systemprofile\.m2\repository\org\springframework\spring-tx\5.0.8.RELEASE\spring-tx-5.0.8.RELEASE.jar;C:\WINDOWS\system32\config\systemprofile\.m2\repository\org\springframework\spring-beans\5.0.8.RELEASE\spring-beans-5.0.8.RELEASE.jar;C:\WINDOWS\system32\config\systemprofile\.m2\repository\org\slf4j\slf4j-api\1.7.25\slf4j-api-1.7.25.jar;C:\WINDOWS\system32\config\systemprofile\.m2\repository\org\springframework\spring-aspects\5.0.8.RELEASE\spring-aspects-5.0.8.RELEASE.jar;C:\WINDOWS\system32\config\systemprofile\.m2\repository\org\springframework\boot\spring-boot-starter-test\2.0.4.RELEASE\spring-boot-starter-test-2.0.4.RELEASE.jar;C:\WINDOWS\system32\config\systemprofile\.m2\repository\org\springframework\boot\spring-boot-test-autoconfigure\2.0.4.RELEASE\spring-boot-test-autoconfigure-2.0.4.RELEASE.jar;C:\WINDOWS\system32\config\systemprofile\.m2\repository\com\jayway\jsonpath\json-path\2.4.0\json-path-2.4.0.jar;C:\WINDOWS\system32\config\systemprofile\.m2\repository\net\minidev\json-smart\2.3\json-smart-2.3.jar;C:\WINDOWS\system32\config\systemprofile\.m2\repository\net\minidev\accessors-smart\1.2\accessors-smart-1.2.jar;C:\WINDOWS\system32\config\systemprofile\.m2\repository\org\ow2\asm\asm\5.0.4\asm-5.0.4.jar;C:\WINDOWS\system32\config\systemprofile\.m2\repository\junit\junit\4.12\junit-4.12.jar;C:\WINDOWS\system32\config\systemprofile\.m2\repository\org\hamcrest\hamcrest-core\1.3\hamcrest-core-1.3.jar;C:\WINDOWS\system32\config\systemprofile\.m2\repository\org\hamcrest\hamcrest-library\1.3\hamcrest-library-1.3.jar;C:\WINDOWS\system32\config\systemprofile\.m2\repository\org\skyscreamer\jsonassert\1.5.0\jsonassert-1.5.0.jar;C:\WINDOWS\system32\config\systemprofile\.m2\repository\org\xmlunit\xmlunit-core\2.5.1\xmlunit-core-2.5.1.jar;C:\WINDOWS\system32\config\systemprofile\.m2\repository\org\springframework\boot\spring-boot-starter-web\2.0.4.RELEASE\spring-boot-starter-web-2.0.4.RELEASE.jar;C:\WINDOWS\system32\config\systemprofile\.m2\repository\org\springframework\boot\spring-boot-starter-json\2.0.4.RELEASE\spring-boot-starter-json-2.0.4.RELEASE.jar;C:\WINDOWS\system32\config\systemprofile\.m2\repository\com\fasterxml\jackson\datatype\jackson-datatype-jdk8\2.9.6\jackson-datatype-jdk8-2.9.6.jar;C:\WINDOWS\system32\config\systemprofile\.m2\repository\com\fasterxml\jackson\module\jackson-module-parameter-names\2.9.6\jackson-module-parameter-names-2.9.6.jar;C:\WINDOWS\system32\config\systemprofile\.m2\repository\org\springframework\boot\spring-boot-starter-tomcat\2.0.4.RELEASE\spring-boot-starter-tomcat-2.0.4.RELEASE.jar;C:\WINDOWS\system32\config\systemprofile\.m2\repository\org\apache\tomcat\embed\tomcat-embed-core\8.5.32\tomcat-embed-core-8.5.32.jar;C:\WINDOWS\system32\config\systemprofile\.m2\repository\org\apache\tomcat\embed\tomcat-embed-el\8.5.32\tomcat-embed-el-8.5.32.jar;C:\WINDOWS\system32\config\systemprofile\.m2\repository\org\apache\tomcat\embed\tomcat-embed-websocket\8.5.32\tomcat-embed-websocket-8.5.32.jar;C:\WINDOWS\system32\config\systemprofile\.m2\repository\org\hibernate\validator\hibernate-validator\6.0.11.Final\hibernate-validator-6.0.11.Final.jar;C:\WINDOWS\system32\config\systemprofile\.m2\repository\javax\validation\validation-api\2.0.1.Final\validation-api-2.0.1.Final.jar;C:\WINDOWS\system32\config\systemprofile\.m2\repository\org\springframework\spring-web\5.0.8.RELEASE\spring-web-5.0.8.RELEASE.jar;C:\WINDOWS\system32\config\systemprofile\.m2\repository\org\springframework\spring-webmvc\5.0.8.RELEASE\spring-webmvc-5.0.8.RELEASE.jar;C:\WINDOWS\system32\config\systemprofile\.m2\repository\org\springframework\spring-expression\5.0.8.RELEASE\spring-expression-5.0.8.RELEASE.jar;C:\WINDOWS\system32\config\systemprofile\.m2\repository\com\h2database\h2\1.4.197\h2-1.4.197.jar;C:\WINDOWS\system32\config\systemprofile\.m2\repository\org\springframework\cloud\spring-cloud-starter-sleuth\2.0.0.RELEASE\spring-cloud-starter-sleuth-2.0.0.RELEASE.jar;C:\WINDOWS\system32\config\systemprofile\.m2\repository\org\springframework\cloud\spring-cloud-starter\2.0.0.RELEASE\spring-cloud-starter-2.0.0.RELEASE.jar;C:\WINDOWS\system32\config\systemprofile\.m2\repository\org\springframework\cloud\spring-cloud-context\2.0.0.RELEASE\spring-cloud-context-2.0.0.RELEASE.jar;C:\WINDOWS\system32\config\systemprofile\.m2\repository\org\springframework\security\spring-security-rsa\1.0.5.RELEASE\spring-security-rsa-1.0.5.RELEASE.jar;C:\WINDOWS\system32\config\systemprofile\.m2\repository\org\bouncycastle\bcpkix-jdk15on\1.56\bcpkix-jdk15on-1.56.jar;C:\WINDOWS\system32\config\systemprofile\.m2\repository\org\bouncycastle\bcprov-jdk15on\1.56\bcprov-jdk15on-1.56.jar;C:\WINDOWS\system32\config\systemprofile\.m2\repository\org\springframework\cloud\spring-cloud-sleuth-core\2.0.0.RELEASE\spring-cloud-sleuth-core-2.0.0.RELEASE.jar;C:\WINDOWS\system32\config\systemprofile\.m2\repository\org\aspectj\aspectjrt\1.8.13\aspectjrt-1.8.13.jar;C:\WINDOWS\system32\config\systemprofile\.m2\repository\io\zipkin\brave\brave\5.1.0\brave-5.1.0.jar;C:\WINDOWS\system32\config\systemprofile\.m2\repository\io\zipkin\brave\brave-context-log4j2\5.1.0\brave-context-log4j2-5.1.0.jar;C:\WINDOWS\system32\config\systemprofile\.m2\repository\io\zipkin\brave\brave-instrumentation-spring-web\5.1.0\brave-instrumentation-spring-web-5.1.0.jar;C:\WINDOWS\system32\config\systemprofile\.m2\repository\io\zipkin\brave\brave-instrumentation-http\5.1.0\brave-instrumentation-http-5.1.0.jar;C:\WINDOWS\system32\config\systemprofile\.m2\repository\io\zipkin\brave\brave-instrumentation-spring-rabbit\5.1.0\brave-instrumentation-spring-rabbit-5.1.0.jar;C:\WINDOWS\system32\config\systemprofile\.m2\repository\io\zipkin\brave\brave-instrumentation-kafka-clients\5.1.0\brave-instrumentation-kafka-clients-5.1.0.jar;C:\WINDOWS\system32\config\systemprofile\.m2\repository\io\zipkin\brave\brave-instrumentation-httpclient\5.1.0\brave-instrumentation-httpclient-5.1.0.jar;C:\WINDOWS\system32\config\systemprofile\.m2\repository\io\zipkin\brave\brave-instrumentation-httpasyncclient\5.1.0\brave-instrumentation-httpasyncclient-5.1.0.jar;C:\WINDOWS\system32\config\systemprofile\.m2\repository\io\zipkin\brave\brave-instrumentation-spring-webmvc\5.1.0\brave-instrumentation-spring-webmvc-5.1.0.jar;C:\WINDOWS\system32\config\systemprofile\.m2\repository\io\zipkin\brave\brave-instrumentation-servlet\5.1.0\brave-instrumentation-servlet-5.1.0.jar;C:\WINDOWS\system32\config\systemprofile\.m2\repository\org\springframework\cloud\spring-cloud-sleuth-zipkin\2.0.0.RELEASE\spring-cloud-sleuth-zipkin-2.0.0.RELEASE.jar;C:\WINDOWS\system32\config\systemprofile\.m2\repository\org\springframework\cloud\spring-cloud-commons\2.0.0.RELEASE\spring-cloud-commons-2.0.0.RELEASE.jar;C:\WINDOWS\system32\config\systemprofile\.m2\repository\org\springframework\security\spring-security-crypto\5.0.7.RELEASE\spring-security-crypto-5.0.7.RELEASE.jar;C:\WINDOWS\system32\config\systemprofile\.m2\repository\io\zipkin\zipkin2\zipkin\2.9.3\zipkin-2.9.3.jar;C:\WINDOWS\system32\config\systemprofile\.m2\repository\io\zipkin\reporter2\zipkin-reporter\2.7.3\zipkin-reporter-2.7.3.jar;C:\WINDOWS\system32\config\systemprofile\.m2\repository\io\zipkin\reporter2\zipkin-sender-kafka11\2.7.3\zipkin-sender-kafka11-2.7.3.jar;C:\WINDOWS\system32\config\systemprofile\.m2\repository\io\zipkin\reporter2\zipkin-sender-amqp-client\2.7.3\zipkin-sender-amqp-client-2.7.3.jar;C:\WINDOWS\system32\config\systemprofile\.m2\repository\commons-collections\commons-collections\3.2.2\commons-collections-3.2.2.jar;C:\WINDOWS\system32\config\systemprofile\.m2\repository\net\logstash\logback\logstash-logback-encoder\4.11\logstash-logback-encoder-4.11.jar;C:\WINDOWS\system32\config\systemprofile\.m2\repository\ch\qos\logback\logback-core\1.2.3\logback-core-1.2.3.jar;C:\WINDOWS\system32\config\systemprofile\.m2\repository\com\fasterxml\jackson\core\jackson-databind\2.9.6\jackson-databind-2.9.6.jar;C:\WINDOWS\system32\config\systemprofile\.m2\repository\com\fasterxml\jackson\dataformat\jackson-dataformat-xml\2.9.6\jackson-dataformat-xml-2.9.6.jar;C:\WINDOWS\system32\config\systemprofile\.m2\repository\com\fasterxml\jackson\core\jackson-core\2.9.6\jackson-core-2.9.6.jar;C:\WINDOWS\system32\config\systemprofile\.m2\repository\com\fasterxml\jackson\core\jackson-annotations\2.9.0\jackson-annotations-2.9.0.jar;C:\WINDOWS\system32\config\systemprofile\.m2\repository\com\fasterxml\jackson\module\jackson-module-jaxb-annotations\2.9.6\jackson-module-jaxb-annotations-2.9.6.jar;C:\WINDOWS\system32\config\systemprofile\.m2\repository\org\codehaus\woodstox\stax2-api\3.1.4\stax2-api-3.1.4.jar;C:\WINDOWS\system32\config\systemprofile\.m2\repository\com\fasterxml\woodstox\woodstox-core\5.0.3\woodstox-core-5.0.3.jar;C:\WINDOWS\system32\config\systemprofile\.m2\repository\com\fasterxml\jackson\datatype\jackson-datatype-joda\2.9.6\jackson-datatype-joda-2.9.6.jar;C:\WINDOWS\system32\config\systemprofile\.m2\repository\joda-time\joda-time\2.9.9\joda-time-2.9.9.jar;C:\WINDOWS\system32\config\systemprofile\.m2\repository\org\junit\jupiter\junit-jupiter-api\5.1.1\junit-jupiter-api-5.1.1.jar;C:\WINDOWS\system32\config\systemprofile\.m2\repository\org\apiguardian\apiguardian-api\1.0.0\apiguardian-api-1.0.0.jar;C:\WINDOWS\system32\config\systemprofile\.m2\repository\org\opentest4j\opentest4j\1.0.0\opentest4j-1.0.0.jar;C:\WINDOWS\system32\config\systemprofile\.m2\repository\org\junit\platform\junit-platform-commons\1.1.1\junit-platform-commons-1.1.1.jar;C:\WINDOWS\system32\config\systemprofile\.m2\repository\org\mockito\mockito-core\2.15.0\mockito-core-2.15.0.jar;C:\WINDOWS\system32\config\systemprofile\.m2\repository\net\bytebuddy\byte-buddy\1.7.11\byte-buddy-1.7.11.jar;C:\WINDOWS\system32\config\systemprofile\.m2\repository\net\bytebuddy\byte-buddy-agent\1.7.11\byte-buddy-agent-1.7.11.jar;C:\WINDOWS\system32\config\systemprofile\.m2\repository\org\objenesis\objenesis\2.6\objenesis-2.6.jar;C:\WINDOWS\system32\config\systemprofile\.m2\repository\org\assertj\assertj-core\3.9.1\assertj-core-3.9.1.jar;C:\WINDOWS\system32\config\systemprofile\.m2\repository\org\springframework\boot\spring-boot-test\2.0.4.RELEASE\spring-boot-test-2.0.4.RELEASE.jar;C:\WINDOWS\system32\config\systemprofile\.m2\repository\org\springframework\spring-test\5.0.8.RELEASE\spring-test-5.0.8.RELEASE.jar;, user.name=LAPTOP-2892UREN$, java.vm.specification.version=1.8, sun.java.command=C:\WINDOWS\TEMP\surefire7777615385942830550\surefirebooter4492546008605573382.jar C:\Windows\Temp\surefire7777615385942830550 2025-05-07T00-53-03_206-jvmRun1 surefire3629409390838640246tmp surefire_08460919316365623606tmp, java.home=C:\Program Files\Java\jdk1.8.0_291\jre, sun.arch.data.model=64, user.language=en, java.specification.vendor=Oracle Corporation, awt.toolkit=sun.awt.windows.WToolkit, java.vm.info=mixed mode, java.version=1.8.0_291, java.ext.dirs=C:\Program Files\Java\jdk1.8.0_291\jre\lib\ext;C:\WINDOWS\Sun\Java\lib\ext, sun.boot.class.path=C:\Program Files\Java\jdk1.8.0_291\jre\lib\resources.jar;C:\Program Files\Java\jdk1.8.0_291\jre\lib\rt.jar;C:\Program Files\Java\jdk1.8.0_291\jre\lib\sunrsasign.jar;C:\Program Files\Java\jdk1.8.0_291\jre\lib\jsse.jar;C:\Program Files\Java\jdk1.8.0_291\jre\lib\jce.jar;C:\Program Files\Java\jdk1.8.0_291\jre\lib\charsets.jar;C:\Program Files\Java\jdk1.8.0_291\jre\lib\jfr.jar;C:\Program Files\Java\jdk1.8.0_291\jre\classes, java.vendor=Oracle Corporation, localRepository=C:\WINDOWS\system32\config\systemprofile\.m2\repository, file.separator=\, java.vendor.url.bug=http://bugreport.sun.com/bugreport/, sun.io.unicode.encoding=UnicodeLittle, sun.cpu.endian=little, sun.desktop=windows, sun.cpu.isalist=amd64}}, SystemEnvironmentPropertySource@1269938539 {name='systemEnvironment', properties={PATH=C:\Program Files\Common Files\Oracle\Java\javapath;C:\Program Files\Scripts\;C:\Program Files\;C:\Program Files (x86)\Common Files\Oracle\Java\javapath;C:\Windows\system32;C:\Windows;C:\Windows\System32\Wbem;C:\Windows\System32\WindowsPowerShell\v1.0\;C:\Windows\System32\OpenSSH\;C:\Program Files (x86)\NVIDIA Corporation\PhysX\Common;C:\Program Files\Java\jdk1.8.0_291\bin;C:\Program Files\Git\cmd;C:\WINDOWS\system32;C:\WINDOWS;C:\WINDOWS\System32\Wbem;C:\WINDOWS\System32\WindowsPowerShell\v1.0\;C:\WINDOWS\System32\OpenSSH\;C:\Users\91770\AppData\Local\Microsoft\WindowsApps\python.exe;C:\Program Files\Docker\Docker\resources\bin;C:\Program Files\terraform_1.5.7_windows_386;C:\Program Files\Amazon\AWSCLIV2\;C:\Program Files\kubectl;C:\Program Files\nodejs\;C:\Program Files (x86)\apache-maven-3.9.9\bin;C:\WINDOWS\system32\config\systemprofile\AppData\Local\Microsoft\WindowsApps, PROCESSOR_LEVEL=6, SYSTEMDRIVE=C:, RUN_DISPLAY_URL=http://localhost:8081/job/SampleProject/9/display/redirect, HUDSON_HOME=C:\ProgramData\Jenkins\.jenkins, RUN_CHANGES_DISPLAY_URL=http://localhost:8081/job/SampleProject/9/display/redirect?page=changes, JOB_URL=http://localhost:8081/job/SampleProject/, WINSW_SERVICE_ID=jenkins, HUDSON_COOKIE=b9e5a4ee-e5b3-49ab-baf2-aca0ff5ccd5e, ALLUSERSPROFILE=C:\ProgramData, PROCESSOR_ARCHITECTURE=AMD64, DRIVERDATA=C:\Windows\System32\Drivers\DriverData, JRE_HOME=C:\Program Files\Java\jre1.8.0_291, MAVEN_HOME=C:\Program Files (x86)\apache-maven-3.9.9, PROGRAMFILES=C:\Program Files, PSMODULEPATH=C:\Program Files\WindowsPowerShell\Modules;C:\WINDOWS\system32\WindowsPowerShell\v1.0\Modules, JENKINS_SERVER_COOKIE=ffc33538135b15db, PROGRAMDATA=C:\ProgramData, SERVICE_ID=jenkins, USERNAME=LAPTOP-2892UREN$, RUN_TESTS_DISPLAY_URL=http://localhost:8081/job/SampleProject/9/display/redirect?page=tests, JENKINS_URL=http://localhost:8081/, WDIR=C:\, BUILD_TAG=jenkins-SampleProject-9, PATHEXT=.COM;.EXE;.BAT;.CMD;.VBS;.VBE;.JS;.JSE;.WSF;.WSH;.MSC;.PY;.PYW, CLASSWORLDS_JAR="C:\Program Files (x86)\apache-maven-3.9.9\boot\plexus-classworlds-2.8.0.jar", JENKINS_HOME=C:\ProgramData\Jenkins\.jenkins, WINDIR=C:\WINDOWS, NODE_NAME=built-in, BUILD_DISPLAY_NAME=#9, PROCESSOR_IDENTIFIER=Intel64 Family 6 Model 142 Stepping 12, GenuineIntel, JOB_DISPLAY_URL=http://localhost:8081/job/SampleProject/display/redirect, WINSW_EXECUTABLE=C:\Program Files\Jenkins\jenkins.exe, GIT_BRANCH=origin/main, PUBLIC=C:\Users\Public, ZES_ENABLE_SYSMAN=1, LOCALAPPDATA=C:\WINDOWS\system32\config\systemprofile\AppData\Local, WORKSPACE_TMP=C:\ProgramData\Jenkins\.jenkins\workspace\SampleProject@tmp, COMMONPROGRAMFILES(X86)=C:\Program Files (x86)\Common Files, USERDOMAIN=WORKGROUP, JAVA_HOME=C:\Program Files\Java\jdk1.8.0_291, PROMPT=$P$G, PROGRAMFILES(X86)=C:\Program Files (x86), BUILD_ID=9, BASE=C:\Program Files\Jenkins, ERROR_CODE=0, EXEC_DIR=C:\ProgramData\Jenkins\.jenkins\workspace\SampleProject, JOB_NAME=SampleProject, =C:=C:\ProgramData\Jenkins\.jenkins\workspace\SampleProject, APPDATA=C:\WINDOWS\system32\config\systemprofile\AppData\Roaming, NODE_LABELS=built-in, HUDSON_URL=http://localhost:8081/, PROGRAMW6432=C:\Program Files, SYSTEMROOT=C:\WINDOWS, WORKSPACE=C:\ProgramData\Jenkins\.jenkins\workspace\SampleProject, MAVEN_CMD_LINE_ARGS=clean package, GIT_COMMIT=90fc2a2bcb77a15497d760d16f13bd5e4878623b, OS=Windows_NT, CI=true, COMMONPROGRAMW6432=C:\Program Files\Common Files, COMPUTERNAME=LAPTOP-2892UREN, EXECUTOR_NUMBER=1, COMMONPROGRAMFILES=C:\Program Files\Common Files, COMSPEC=C:\WINDOWS\system32\cmd.exe, HUDSON_SERVER_COOKIE=ffc33538135b15db, JAVACMD=C:\Program Files\Java\jdk1.8.0_291\bin\java.exe, MAVEN_PROJECTBASEDIR=C:\ProgramData\Jenkins\.jenkins\workspace\SampleProject, JOB_BASE_NAME=SampleProject, PROCESSOR_REVISION=8e0c, CLASSWORLDS_LAUNCHER=org.codehaus.plexus.classworlds.launcher.Launcher, BUILD_NUMBER=9, TEMP=C:\WINDOWS\TEMP, BUILD_URL=http://localhost:8081/job/SampleProject/9/, RUN_ARTIFACTS_DISPLAY_URL=http://localhost:8081/job/SampleProject/9/display/redirect?page=artifacts, USERPROFILE=C:\WINDOWS\system32\config\systemprofile, TMP=C:\WINDOWS\TEMP, GIT_URL=https://github.com/AdrsNotFound404/SampleProject.git, NUMBER_OF_PROCESSORS=8, JVMCONFIG=\.mvn\jvm.config}}]
00:53:05.137 [main] DEBUG org.springframework.core.io.support.PathMatchingResourcePatternResolver - Resolved classpath location [com/testing/] to resources [URL [file:/C:/ProgramData/Jenkins/.jenkins/workspace/SampleProject/target/test-classes/com/testing/], URL [file:/C:/ProgramData/Jenkins/.jenkins/workspace/SampleProject/target/classes/com/testing/]]
00:53:05.138 [main] DEBUG org.springframework.core.io.support.PathMatchingResourcePatternResolver - Looking for matching resources in directory tree [C:\ProgramData\Jenkins\.jenkins\workspace\SampleProject\target\test-classes\com\testing]
00:53:05.138 [main] DEBUG org.springframework.core.io.support.PathMatchingResourcePatternResolver - Searching directory [C:\ProgramData\Jenkins\.jenkins\workspace\SampleProject\target\test-classes\com\testing] for files matching pattern [C:/ProgramData/Jenkins/.jenkins/workspace/SampleProject/target/test-classes/com/testing/*.class]
00:53:05.142 [main] DEBUG org.springframework.core.io.support.PathMatchingResourcePatternResolver - Looking for matching resources in directory tree [C:\ProgramData\Jenkins\.jenkins\workspace\SampleProject\target\classes\com\testing]
00:53:05.142 [main] DEBUG org.springframework.core.io.support.PathMatchingResourcePatternResolver - Searching directory [C:\ProgramData\Jenkins\.jenkins\workspace\SampleProject\target\classes\com\testing] for files matching pattern [C:/ProgramData/Jenkins/.jenkins/workspace/SampleProject/target/classes/com/testing/*.class]
00:53:05.143 [main] DEBUG org.springframework.core.io.support.PathMatchingResourcePatternResolver - Resolved location pattern [classpath*:com/testing/*.class] to resources [file [C:\ProgramData\Jenkins\.jenkins\workspace\SampleProject\target\test-classes\com\testing\HelloWorldControllerTest.class], file [C:\ProgramData\Jenkins\.jenkins\workspace\SampleProject\target\test-classes\com\testing\HelloWorldIntegrationTest.class], file [C:\ProgramData\Jenkins\.jenkins\workspace\SampleProject\target\classes\com\testing\HelloWorldApplication.class], file [C:\ProgramData\Jenkins\.jenkins\workspace\SampleProject\target\classes\com\testing\HelloWorldController.class]]
00:53:05.224 [main] DEBUG org.springframework.context.annotation.ClassPathScanningCandidateComponentProvider - Identified candidate component class: file [C:\ProgramData\Jenkins\.jenkins\workspace\SampleProject\target\classes\com\testing\HelloWorldApplication.class]
00:53:05.244 [main] INFO org.springframework.boot.test.context.SpringBootTestContextBootstrapper - Found @SpringBootConfiguration com.testing.HelloWorldApplication for test class com.testing.HelloWorldIntegrationTest
00:53:05.497 [main] DEBUG org.springframework.boot.test.context.SpringBootTestContextBootstrapper - @TestExecutionListeners is not present for class [com.testing.HelloWorldIntegrationTest]: using defaults.
00:53:05.497 [main] INFO org.springframework.boot.test.context.SpringBootTestContextBootstrapper - Loaded default TestExecutionListener class names from location [META-INF/spring.factories]: [org.springframework.boot.test.autoconfigure.restdocs.RestDocsTestExecutionListener, org.springframework.boot.test.autoconfigure.web.client.MockRestServiceServerResetTestExecutionListener, org.springframework.boot.test.autoconfigure.web.servlet.MockMvcPrintOnlyOnFailureTestExecutionListener, org.springframework.boot.test.autoconfigure.web.servlet.WebDriverTestExecutionListener, org.springframework.boot.test.mock.mockito.MockitoTestExecutionListener, org.springframework.boot.test.mock.mockito.ResetMocksTestExecutionListener, org.springframework.test.context.web.ServletTestExecutionListener, org.springframework.test.context.support.DirtiesContextBeforeModesTestExecutionListener, org.springframework.test.context.support.DependencyInjectionTestExecutionListener, org.springframework.test.context.support.DirtiesContextTestExecutionListener, org.springframework.test.context.transaction.TransactionalTestExecutionListener, org.springframework.test.context.jdbc.SqlScriptsTestExecutionListener]
00:53:05.529 [main] INFO org.springframework.boot.test.context.SpringBootTestContextBootstrapper - Using TestExecutionListeners: [org.springframework.test.context.web.ServletTestExecutionListener@674ed201, org.springframework.test.context.support.DirtiesContextBeforeModesTestExecutionListener@4dad2363, org.springframework.boot.test.mock.mockito.MockitoTestExecutionListener@114b2414, org.springframework.boot.test.autoconfigure.SpringBootDependencyInjectionTestExecutionListener@57920d6c, org.springframework.test.context.support.DirtiesContextTestExecutionListener@465d1345, org.springframework.test.context.transaction.TransactionalTestExecutionListener@62cf86d6, org.springframework.test.context.jdbc.SqlScriptsTestExecutionListener@2a6c751f, org.springframework.boot.test.autoconfigure.restdocs.RestDocsTestExecutionListener@6dd2e453, org.springframework.boot.test.autoconfigure.web.client.MockRestServiceServerResetTestExecutionListener@433b1597, org.springframework.boot.test.autoconfigure.web.servlet.MockMvcPrintOnlyOnFailureTestExecutionListener@5d5cd210, org.springframework.boot.test.autoconfigure.web.servlet.WebDriverTestExecutionListener@14d18029, org.springframework.boot.test.mock.mockito.ResetMocksTestExecutionListener@6edb1e9c]
00:53:05.535 [main] DEBUG org.springframework.test.annotation.ProfileValueUtils - Retrieved @ProfileValueSourceConfiguration [null] for test class [com.testing.HelloWorldIntegrationTest]
00:53:05.535 [main] DEBUG org.springframework.test.annotation.ProfileValueUtils - Retrieved ProfileValueSource type [class org.springframework.test.annotation.SystemProfileValueSource] for class [com.testing.HelloWorldIntegrationTest]
00:53:05.535 [main] DEBUG org.springframework.test.annotation.ProfileValueUtils - Retrieved @ProfileValueSourceConfiguration [null] for test class [com.testing.HelloWorldIntegrationTest]
00:53:05.535 [main] DEBUG org.springframework.test.annotation.ProfileValueUtils - Retrieved ProfileValueSource type [class org.springframework.test.annotation.SystemProfileValueSource] for class [com.testing.HelloWorldIntegrationTest]
00:53:05.535 [main] DEBUG org.springframework.test.annotation.ProfileValueUtils - Retrieved @ProfileValueSourceConfiguration [null] for test class [com.testing.HelloWorldIntegrationTest]
00:53:05.535 [main] DEBUG org.springframework.test.annotation.ProfileValueUtils - Retrieved ProfileValueSource type [class org.springframework.test.annotation.SystemProfileValueSource] for class [com.testing.HelloWorldIntegrationTest]
00:53:05.544 [main] DEBUG org.springframework.test.context.support.AbstractDirtiesContextTestExecutionListener - Before test class: context [DefaultTestContext@713e49c3 testClass = HelloWorldIntegrationTest, testInstance = [null], testMethod = [null], testException = [null], mergedContextConfiguration = [WebMergedContextConfiguration@13d5606c testClass = HelloWorldIntegrationTest, locations = '{}', classes = '{class com.testing.HelloWorldApplication}', contextInitializerClasses = '[]', activeProfiles = '{}', propertySourceLocations = '{}', propertySourceProperties = '{org.springframework.boot.test.context.SpringBootTestContextBootstrapper=true, server.port=0}', contextCustomizers = set[org.springframework.boot.test.autoconfigure.properties.PropertyMappingContextCustomizer@0, org.springframework.boot.test.autoconfigure.web.servlet.WebDriverContextCustomizerFactory$Customizer@1de0641b, org.springframework.boot.test.context.filter.ExcludeFilterContextCustomizer@48eaf42f, org.springframework.boot.test.json.DuplicateJsonObjectContextCustomizerFactory$DuplicateJsonObjectContextCustomizer@ca8ef3a, org.springframework.boot.test.mock.mockito.MockitoContextCustomizer@0, org.springframework.boot.test.web.client.TestRestTemplateContextCustomizer@3635099], resourceBasePath = 'src/main/webapp', contextLoader = 'org.springframework.boot.test.context.SpringBootContextLoader', parent = [null]], attributes = map['org.springframework.test.context.web.ServletTestExecutionListener.activateListener' -> false]], class annotated with @DirtiesContext [false] with mode [null].
00:53:05.546 [main] DEBUG org.springframework.test.annotation.ProfileValueUtils - Retrieved @ProfileValueSourceConfiguration [null] for test class [com.testing.HelloWorldIntegrationTest]
00:53:05.546 [main] DEBUG org.springframework.test.annotation.ProfileValueUtils - Retrieved ProfileValueSource type [class org.springframework.test.annotation.SystemProfileValueSource] for class [com.testing.HelloWorldIntegrationTest]
00:53:05.558 [main] DEBUG org.springframework.test.context.support.DependencyInjectionTestExecutionListener - Performing dependency injection for test context [[DefaultTestContext@713e49c3 testClass = HelloWorldIntegrationTest, testInstance = com.testing.HelloWorldIntegrationTest@4a2653a0, testMethod = [null], testException = [null], mergedContextConfiguration = [WebMergedContextConfiguration@13d5606c testClass = HelloWorldIntegrationTest, locations = '{}', classes = '{class com.testing.HelloWorldApplication}', contextInitializerClasses = '[]', activeProfiles = '{}', propertySourceLocations = '{}', propertySourceProperties = '{org.springframework.boot.test.context.SpringBootTestContextBootstrapper=true, server.port=0}', contextCustomizers = set[org.springframework.boot.test.autoconfigure.properties.PropertyMappingContextCustomizer@0, org.springframework.boot.test.autoconfigure.web.servlet.WebDriverContextCustomizerFactory$Customizer@1de0641b, org.springframework.boot.test.context.filter.ExcludeFilterContextCustomizer@48eaf42f, org.springframework.boot.test.json.DuplicateJsonObjectContextCustomizerFactory$DuplicateJsonObjectContextCustomizer@ca8ef3a, org.springframework.boot.test.mock.mockito.MockitoContextCustomizer@0, org.springframework.boot.test.web.client.TestRestTemplateContextCustomizer@3635099], resourceBasePath = 'src/main/webapp', contextLoader = 'org.springframework.boot.test.context.SpringBootContextLoader', parent = [null]], attributes = map['org.springframework.test.context.web.ServletTestExecutionListener.activateListener' -> false]]].
00:53:05.595 [main] DEBUG org.springframework.core.env.StandardEnvironment - Adding PropertySource 'systemProperties' with lowest search precedence
00:53:05.595 [main] DEBUG org.springframework.core.env.StandardEnvironment - Adding PropertySource 'systemEnvironment' with lowest search precedence
00:53:05.597 [main] DEBUG org.springframework.core.env.StandardEnvironment - Initialized StandardEnvironment with PropertySources [MapPropertySource@140260642 {name='systemProperties', properties={java.runtime.name=Java(TM) SE Runtime Environment, sun.boot.library.path=C:\Program Files\Java\jdk1.8.0_291\jre\bin, java.vm.version=25.291-b10, java.vm.vendor=Oracle Corporation, java.vendor.url=http://java.oracle.com/, path.separator=;, java.vm.name=Java HotSpot(TM) 64-Bit Server VM, file.encoding.pkg=sun.io, user.country=US, user.script=, sun.java.launcher=SUN_STANDARD, sun.os.patch.level=, java.vm.specification.name=Java Virtual Machine Specification, user.dir=C:\ProgramData\Jenkins\.jenkins\workspace\SampleProject, java.runtime.version=1.8.0_291-b10, basedir=C:\ProgramData\Jenkins\.jenkins\workspace\SampleProject, java.awt.graphicsenv=sun.awt.Win32GraphicsEnvironment, java.endorsed.dirs=C:\Program Files\Java\jdk1.8.0_291\jre\lib\endorsed, os.arch=amd64, surefire.real.class.path=C:\WINDOWS\TEMP\surefire7777615385942830550\surefirebooter4492546008605573382.jar;C:\\WINDOWS\\system32\\config\\systemprofile\\.m2\\repository\\org\\jacoco\\org.jacoco.agent\\0.7.9\\org.jacoco.agent-0.7.9-runtime.jar, java.io.tmpdir=C:\WINDOWS\TEMP\, line.separator=
, java.vm.specification.vendor=Oracle Corporation, user.variant=, os.name=Windows 10, sun.jnu.encoding=Cp1252, java.library.path=C:\Program Files\Java\jdk1.8.0_291\jre\bin;C:\WINDOWS\Sun\Java\bin;C:\WINDOWS\system32;C:\WINDOWS;C:\Program Files\Common Files\Oracle\Java\javapath;C:\Program Files\Scripts\;C:\Program Files\;C:\Program Files (x86)\Common Files\Oracle\Java\javapath;C:\Windows\system32;C:\Windows;C:\Windows\System32\Wbem;C:\Windows\System32\WindowsPowerShell\v1.0\;C:\Windows\System32\OpenSSH\;C:\Program Files (x86)\NVIDIA Corporation\PhysX\Common;C:\Program Files\Java\jdk1.8.0_291\bin;C:\Program Files\Git\cmd;C:\WINDOWS\system32;C:\WINDOWS;C:\WINDOWS\System32\Wbem;C:\WINDOWS\System32\WindowsPowerShell\v1.0\;C:\WINDOWS\System32\OpenSSH\;C:\Users\91770\AppData\Local\Microsoft\WindowsApps\python.exe;C:\Program Files\Docker\Docker\resources\bin;C:\Program Files\terraform_1.5.7_windows_386;C:\Program Files\Amazon\AWSCLIV2\;C:\Program Files\kubectl;C:\Program Files\nodejs\;C:\Program Files (x86)\apache-maven-3.9.9\bin;C:\WINDOWS\system32\config\systemprofile\AppData\Local\Microsoft\WindowsApps;., surefire.test.class.path=C:\ProgramData\Jenkins\.jenkins\workspace\SampleProject\target\test-classes;C:\ProgramData\Jenkins\.jenkins\workspace\SampleProject\target\classes;C:\WINDOWS\system32\config\systemprofile\.m2\repository\org\springframework\boot\spring-boot-starter\2.0.4.RELEASE\spring-boot-starter-2.0.4.RELEASE.jar;C:\WINDOWS\system32\config\systemprofile\.m2\repository\org\springframework\boot\spring-boot\2.0.4.RELEASE\spring-boot-2.0.4.RELEASE.jar;C:\WINDOWS\system32\config\systemprofile\.m2\repository\org\springframework\spring-context\5.0.8.RELEASE\spring-context-5.0.8.RELEASE.jar;C:\WINDOWS\system32\config\systemprofile\.m2\repository\org\springframework\boot\spring-boot-autoconfigure\2.0.4.RELEASE\spring-boot-autoconfigure-2.0.4.RELEASE.jar;C:\WINDOWS\system32\config\systemprofile\.m2\repository\org\springframework\boot\spring-boot-starter-logging\2.0.4.RELEASE\spring-boot-starter-logging-2.0.4.RELEASE.jar;C:\WINDOWS\system32\config\systemprofile\.m2\repository\ch\qos\logback\logback-classic\1.2.3\logback-classic-1.2.3.jar;C:\WINDOWS\system32\config\systemprofile\.m2\repository\org\apache\logging\log4j\log4j-to-slf4j\2.10.0\log4j-to-slf4j-2.10.0.jar;C:\WINDOWS\system32\config\systemprofile\.m2\repository\org\apache\logging\log4j\log4j-api\2.10.0\log4j-api-2.10.0.jar;C:\WINDOWS\system32\config\systemprofile\.m2\repository\org\slf4j\jul-to-slf4j\1.7.25\jul-to-slf4j-1.7.25.jar;C:\WINDOWS\system32\config\systemprofile\.m2\repository\javax\annotation\javax.annotation-api\1.3.2\javax.annotation-api-1.3.2.jar;C:\WINDOWS\system32\config\systemprofile\.m2\repository\org\springframework\spring-core\5.0.8.RELEASE\spring-core-5.0.8.RELEASE.jar;C:\WINDOWS\system32\config\systemprofile\.m2\repository\org\springframework\spring-jcl\5.0.8.RELEASE\spring-jcl-5.0.8.RELEASE.jar;C:\WINDOWS\system32\config\systemprofile\.m2\repository\org\yaml\snakeyaml\1.19\snakeyaml-1.19.jar;C:\WINDOWS\system32\config\systemprofile\.m2\repository\org\springframework\boot\spring-boot-starter-actuator\2.0.4.RELEASE\spring-boot-starter-actuator-2.0.4.RELEASE.jar;C:\WINDOWS\system32\config\systemprofile\.m2\repository\org\springframework\boot\spring-boot-actuator-autoconfigure\2.0.4.RELEASE\spring-boot-actuator-autoconfigure-2.0.4.RELEASE.jar;C:\WINDOWS\system32\config\systemprofile\.m2\repository\org\springframework\boot\spring-boot-actuator\2.0.4.RELEASE\spring-boot-actuator-2.0.4.RELEASE.jar;C:\WINDOWS\system32\config\systemprofile\.m2\repository\com\fasterxml\jackson\datatype\jackson-datatype-jsr310\2.9.6\jackson-datatype-jsr310-2.9.6.jar;C:\WINDOWS\system32\config\systemprofile\.m2\repository\io\micrometer\micrometer-core\1.0.6\micrometer-core-1.0.6.jar;C:\WINDOWS\system32\config\systemprofile\.m2\repository\org\hdrhistogram\HdrHistogram\2.1.10\HdrHistogram-2.1.10.jar;C:\WINDOWS\system32\config\systemprofile\.m2\repository\org\latencyutils\LatencyUtils\2.0.3\LatencyUtils-2.0.3.jar;C:\WINDOWS\system32\config\systemprofile\.m2\repository\org\springframework\boot\spring-boot-starter-data-jpa\2.0.4.RELEASE\spring-boot-starter-data-jpa-2.0.4.RELEASE.jar;C:\WINDOWS\system32\config\systemprofile\.m2\repository\org\springframework\boot\spring-boot-starter-aop\2.0.4.RELEASE\spring-boot-starter-aop-2.0.4.RELEASE.jar;C:\WINDOWS\system32\config\systemprofile\.m2\repository\org\springframework\spring-aop\5.0.8.RELEASE\spring-aop-5.0.8.RELEASE.jar;C:\WINDOWS\system32\config\systemprofile\.m2\repository\org\aspectj\aspectjweaver\1.8.13\aspectjweaver-1.8.13.jar;C:\WINDOWS\system32\config\systemprofile\.m2\repository\org\springframework\boot\spring-boot-starter-jdbc\2.0.4.RELEASE\spring-boot-starter-jdbc-2.0.4.RELEASE.jar;C:\WINDOWS\system32\config\systemprofile\.m2\repository\com\zaxxer\HikariCP\2.7.9\HikariCP-2.7.9.jar;C:\WINDOWS\system32\config\systemprofile\.m2\repository\org\springframework\spring-jdbc\5.0.8.RELEASE\spring-jdbc-5.0.8.RELEASE.jar;C:\WINDOWS\system32\config\systemprofile\.m2\repository\org\hibernate\hibernate-core\5.2.17.Final\hibernate-core-5.2.17.Final.jar;C:\WINDOWS\system32\config\systemprofile\.m2\repository\org\jboss\logging\jboss-logging\3.3.2.Final\jboss-logging-3.3.2.Final.jar;C:\WINDOWS\system32\config\systemprofile\.m2\repository\org\hibernate\javax\persistence\hibernate-jpa-2.1-api\1.0.2.Final\hibernate-jpa-2.1-api-1.0.2.Final.jar;C:\WINDOWS\system32\config\systemprofile\.m2\repository\org\javassist\javassist\3.22.0-GA\javassist-3.22.0-GA.jar;C:\WINDOWS\system32\config\systemprofile\.m2\repository\antlr\antlr\2.7.7\antlr-2.7.7.jar;C:\WINDOWS\system32\config\systemprofile\.m2\repository\org\jboss\jandex\2.0.3.Final\jandex-2.0.3.Final.jar;C:\WINDOWS\system32\config\systemprofile\.m2\repository\com\fasterxml\classmate\1.3.4\classmate-1.3.4.jar;C:\WINDOWS\system32\config\systemprofile\.m2\repository\dom4j\dom4j\1.6.1\dom4j-1.6.1.jar;C:\WINDOWS\system32\config\systemprofile\.m2\repository\org\hibernate\common\hibernate-commons-annotations\5.0.1.Final\hibernate-commons-annotations-5.0.1.Final.jar;C:\WINDOWS\system32\config\systemprofile\.m2\repository\javax\transaction\javax.transaction-api\1.2\javax.transaction-api-1.2.jar;C:\WINDOWS\system32\config\systemprofile\.m2\repository\org\springframework\data\spring-data-jpa\2.0.9.RELEASE\spring-data-jpa-2.0.9.RELEASE.jar;C:\WINDOWS\system32\config\systemprofile\.m2\repository\org\springframework\data\spring-data-commons\2.0.9.RELEASE\spring-data-commons-2.0.9.RELEASE.jar;C:\WINDOWS\system32\config\systemprofile\.m2\repository\org\springframework\spring-orm\5.0.8.RELEASE\spring-orm-5.0.8.RELEASE.jar;C:\WINDOWS\system32\config\systemprofile\.m2\repository\org\springframework\spring-tx\5.0.8.RELEASE\spring-tx-5.0.8.RELEASE.jar;C:\WINDOWS\system32\config\systemprofile\.m2\repository\org\springframework\spring-beans\5.0.8.RELEASE\spring-beans-5.0.8.RELEASE.jar;C:\WINDOWS\system32\config\systemprofile\.m2\repository\org\slf4j\slf4j-api\1.7.25\slf4j-api-1.7.25.jar;C:\WINDOWS\system32\config\systemprofile\.m2\repository\org\springframework\spring-aspects\5.0.8.RELEASE\spring-aspects-5.0.8.RELEASE.jar;C:\WINDOWS\system32\config\systemprofile\.m2\repository\org\springframework\boot\spring-boot-starter-test\2.0.4.RELEASE\spring-boot-starter-test-2.0.4.RELEASE.jar;C:\WINDOWS\system32\config\systemprofile\.m2\repository\org\springframework\boot\spring-boot-test-autoconfigure\2.0.4.RELEASE\spring-boot-test-autoconfigure-2.0.4.RELEASE.jar;C:\WINDOWS\system32\config\systemprofile\.m2\repository\com\jayway\jsonpath\json-path\2.4.0\json-path-2.4.0.jar;C:\WINDOWS\system32\config\systemprofile\.m2\repository\net\minidev\json-smart\2.3\json-smart-2.3.jar;C:\WINDOWS\system32\config\systemprofile\.m2\repository\net\minidev\accessors-smart\1.2\accessors-smart-1.2.jar;C:\WINDOWS\system32\config\systemprofile\.m2\repository\org\ow2\asm\asm\5.0.4\asm-5.0.4.jar;C:\WINDOWS\system32\config\systemprofile\.m2\repository\junit\junit\4.12\junit-4.12.jar;C:\WINDOWS\system32\config\systemprofile\.m2\repository\org\hamcrest\hamcrest-core\1.3\hamcrest-core-1.3.jar;C:\WINDOWS\system32\config\systemprofile\.m2\repository\org\hamcrest\hamcrest-library\1.3\hamcrest-library-1.3.jar;C:\WINDOWS\system32\config\systemprofile\.m2\repository\org\skyscreamer\jsonassert\1.5.0\jsonassert-1.5.0.jar;C:\WINDOWS\system32\config\systemprofile\.m2\repository\org\xmlunit\xmlunit-core\2.5.1\xmlunit-core-2.5.1.jar;C:\WINDOWS\system32\config\systemprofile\.m2\repository\org\springframework\boot\spring-boot-starter-web\2.0.4.RELEASE\spring-boot-starter-web-2.0.4.RELEASE.jar;C:\WINDOWS\system32\config\systemprofile\.m2\repository\org\springframework\boot\spring-boot-starter-json\2.0.4.RELEASE\spring-boot-starter-json-2.0.4.RELEASE.jar;C:\WINDOWS\system32\config\systemprofile\.m2\repository\com\fasterxml\jackson\datatype\jackson-datatype-jdk8\2.9.6\jackson-datatype-jdk8-2.9.6.jar;C:\WINDOWS\system32\config\systemprofile\.m2\repository\com\fasterxml\jackson\module\jackson-module-parameter-names\2.9.6\jackson-module-parameter-names-2.9.6.jar;C:\WINDOWS\system32\config\systemprofile\.m2\repository\org\springframework\boot\spring-boot-starter-tomcat\2.0.4.RELEASE\spring-boot-starter-tomcat-2.0.4.RELEASE.jar;C:\WINDOWS\system32\config\systemprofile\.m2\repository\org\apache\tomcat\embed\tomcat-embed-core\8.5.32\tomcat-embed-core-8.5.32.jar;C:\WINDOWS\system32\config\systemprofile\.m2\repository\org\apache\tomcat\embed\tomcat-embed-el\8.5.32\tomcat-embed-el-8.5.32.jar;C:\WINDOWS\system32\config\systemprofile\.m2\repository\org\apache\tomcat\embed\tomcat-embed-websocket\8.5.32\tomcat-embed-websocket-8.5.32.jar;C:\WINDOWS\system32\config\systemprofile\.m2\repository\org\hibernate\validator\hibernate-validator\6.0.11.Final\hibernate-validator-6.0.11.Final.jar;C:\WINDOWS\system32\config\systemprofile\.m2\repository\javax\validation\validation-api\2.0.1.Final\validation-api-2.0.1.Final.jar;C:\WINDOWS\system32\config\systemprofile\.m2\repository\org\springframework\spring-web\5.0.8.RELEASE\spring-web-5.0.8.RELEASE.jar;C:\WINDOWS\system32\config\systemprofile\.m2\repository\org\springframework\spring-webmvc\5.0.8.RELEASE\spring-webmvc-5.0.8.RELEASE.jar;C:\WINDOWS\system32\config\systemprofile\.m2\repository\org\springframework\spring-expression\5.0.8.RELEASE\spring-expression-5.0.8.RELEASE.jar;C:\WINDOWS\system32\config\systemprofile\.m2\repository\com\h2database\h2\1.4.197\h2-1.4.197.jar;C:\WINDOWS\system32\config\systemprofile\.m2\repository\org\springframework\cloud\spring-cloud-starter-sleuth\2.0.0.RELEASE\spring-cloud-starter-sleuth-2.0.0.RELEASE.jar;C:\WINDOWS\system32\config\systemprofile\.m2\repository\org\springframework\cloud\spring-cloud-starter\2.0.0.RELEASE\spring-cloud-starter-2.0.0.RELEASE.jar;C:\WINDOWS\system32\config\systemprofile\.m2\repository\org\springframework\cloud\spring-cloud-context\2.0.0.RELEASE\spring-cloud-context-2.0.0.RELEASE.jar;C:\WINDOWS\system32\config\systemprofile\.m2\repository\org\springframework\security\spring-security-rsa\1.0.5.RELEASE\spring-security-rsa-1.0.5.RELEASE.jar;C:\WINDOWS\system32\config\systemprofile\.m2\repository\org\bouncycastle\bcpkix-jdk15on\1.56\bcpkix-jdk15on-1.56.jar;C:\WINDOWS\system32\config\systemprofile\.m2\repository\org\bouncycastle\bcprov-jdk15on\1.56\bcprov-jdk15on-1.56.jar;C:\WINDOWS\system32\config\systemprofile\.m2\repository\org\springframework\cloud\spring-cloud-sleuth-core\2.0.0.RELEASE\spring-cloud-sleuth-core-2.0.0.RELEASE.jar;C:\WINDOWS\system32\config\systemprofile\.m2\repository\org\aspectj\aspectjrt\1.8.13\aspectjrt-1.8.13.jar;C:\WINDOWS\system32\config\systemprofile\.m2\repository\io\zipkin\brave\brave\5.1.0\brave-5.1.0.jar;C:\WINDOWS\system32\config\systemprofile\.m2\repository\io\zipkin\brave\brave-context-log4j2\5.1.0\brave-context-log4j2-5.1.0.jar;C:\WINDOWS\system32\config\systemprofile\.m2\repository\io\zipkin\brave\brave-instrumentation-spring-web\5.1.0\brave-instrumentation-spring-web-5.1.0.jar;C:\WINDOWS\system32\config\systemprofile\.m2\repository\io\zipkin\brave\brave-instrumentation-http\5.1.0\brave-instrumentation-http-5.1.0.jar;C:\WINDOWS\system32\config\systemprofile\.m2\repository\io\zipkin\brave\brave-instrumentation-spring-rabbit\5.1.0\brave-instrumentation-spring-rabbit-5.1.0.jar;C:\WINDOWS\system32\config\systemprofile\.m2\repository\io\zipkin\brave\brave-instrumentation-kafka-clients\5.1.0\brave-instrumentation-kafka-clients-5.1.0.jar;C:\WINDOWS\system32\config\systemprofile\.m2\repository\io\zipkin\brave\brave-instrumentation-httpclient\5.1.0\brave-instrumentation-httpclient-5.1.0.jar;C:\WINDOWS\system32\config\systemprofile\.m2\repository\io\zipkin\brave\brave-instrumentation-httpasyncclient\5.1.0\brave-instrumentation-httpasyncclient-5.1.0.jar;C:\WINDOWS\system32\config\systemprofile\.m2\repository\io\zipkin\brave\brave-instrumentation-spring-webmvc\5.1.0\brave-instrumentation-spring-webmvc-5.1.0.jar;C:\WINDOWS\system32\config\systemprofile\.m2\repository\io\zipkin\brave\brave-instrumentation-servlet\5.1.0\brave-instrumentation-servlet-5.1.0.jar;C:\WINDOWS\system32\config\systemprofile\.m2\repository\org\springframework\cloud\spring-cloud-sleuth-zipkin\2.0.0.RELEASE\spring-cloud-sleuth-zipkin-2.0.0.RELEASE.jar;C:\WINDOWS\system32\config\systemprofile\.m2\repository\org\springframework\cloud\spring-cloud-commons\2.0.0.RELEASE\spring-cloud-commons-2.0.0.RELEASE.jar;C:\WINDOWS\system32\config\systemprofile\.m2\repository\org\springframework\security\spring-security-crypto\5.0.7.RELEASE\spring-security-crypto-5.0.7.RELEASE.jar;C:\WINDOWS\system32\config\systemprofile\.m2\repository\io\zipkin\zipkin2\zipkin\2.9.3\zipkin-2.9.3.jar;C:\WINDOWS\system32\config\systemprofile\.m2\repository\io\zipkin\reporter2\zipkin-reporter\2.7.3\zipkin-reporter-2.7.3.jar;C:\WINDOWS\system32\config\systemprofile\.m2\repository\io\zipkin\reporter2\zipkin-sender-kafka11\2.7.3\zipkin-sender-kafka11-2.7.3.jar;C:\WINDOWS\system32\config\systemprofile\.m2\repository\io\zipkin\reporter2\zipkin-sender-amqp-client\2.7.3\zipkin-sender-amqp-client-2.7.3.jar;C:\WINDOWS\system32\config\systemprofile\.m2\repository\commons-collections\commons-collections\3.2.2\commons-collections-3.2.2.jar;C:\WINDOWS\system32\config\systemprofile\.m2\repository\net\logstash\logback\logstash-logback-encoder\4.11\logstash-logback-encoder-4.11.jar;C:\WINDOWS\system32\config\systemprofile\.m2\repository\ch\qos\logback\logback-core\1.2.3\logback-core-1.2.3.jar;C:\WINDOWS\system32\config\systemprofile\.m2\repository\com\fasterxml\jackson\core\jackson-databind\2.9.6\jackson-databind-2.9.6.jar;C:\WINDOWS\system32\config\systemprofile\.m2\repository\com\fasterxml\jackson\dataformat\jackson-dataformat-xml\2.9.6\jackson-dataformat-xml-2.9.6.jar;C:\WINDOWS\system32\config\systemprofile\.m2\repository\com\fasterxml\jackson\core\jackson-core\2.9.6\jackson-core-2.9.6.jar;C:\WINDOWS\system32\config\systemprofile\.m2\repository\com\fasterxml\jackson\core\jackson-annotations\2.9.0\jackson-annotations-2.9.0.jar;C:\WINDOWS\system32\config\systemprofile\.m2\repository\com\fasterxml\jackson\module\jackson-module-jaxb-annotations\2.9.6\jackson-module-jaxb-annotations-2.9.6.jar;C:\WINDOWS\system32\config\systemprofile\.m2\repository\org\codehaus\woodstox\stax2-api\3.1.4\stax2-api-3.1.4.jar;C:\WINDOWS\system32\config\systemprofile\.m2\repository\com\fasterxml\woodstox\woodstox-core\5.0.3\woodstox-core-5.0.3.jar;C:\WINDOWS\system32\config\systemprofile\.m2\repository\com\fasterxml\jackson\datatype\jackson-datatype-joda\2.9.6\jackson-datatype-joda-2.9.6.jar;C:\WINDOWS\system32\config\systemprofile\.m2\repository\joda-time\joda-time\2.9.9\joda-time-2.9.9.jar;C:\WINDOWS\system32\config\systemprofile\.m2\repository\org\junit\jupiter\junit-jupiter-api\5.1.1\junit-jupiter-api-5.1.1.jar;C:\WINDOWS\system32\config\systemprofile\.m2\repository\org\apiguardian\apiguardian-api\1.0.0\apiguardian-api-1.0.0.jar;C:\WINDOWS\system32\config\systemprofile\.m2\repository\org\opentest4j\opentest4j\1.0.0\opentest4j-1.0.0.jar;C:\WINDOWS\system32\config\systemprofile\.m2\repository\org\junit\platform\junit-platform-commons\1.1.1\junit-platform-commons-1.1.1.jar;C:\WINDOWS\system32\config\systemprofile\.m2\repository\org\mockito\mockito-core\2.15.0\mockito-core-2.15.0.jar;C:\WINDOWS\system32\config\systemprofile\.m2\repository\net\bytebuddy\byte-buddy\1.7.11\byte-buddy-1.7.11.jar;C:\WINDOWS\system32\config\systemprofile\.m2\repository\net\bytebuddy\byte-buddy-agent\1.7.11\byte-buddy-agent-1.7.11.jar;C:\WINDOWS\system32\config\systemprofile\.m2\repository\org\objenesis\objenesis\2.6\objenesis-2.6.jar;C:\WINDOWS\system32\config\systemprofile\.m2\repository\org\assertj\assertj-core\3.9.1\assertj-core-3.9.1.jar;C:\WINDOWS\system32\config\systemprofile\.m2\repository\org\springframework\boot\spring-boot-test\2.0.4.RELEASE\spring-boot-test-2.0.4.RELEASE.jar;C:\WINDOWS\system32\config\systemprofile\.m2\repository\org\springframework\spring-test\5.0.8.RELEASE\spring-test-5.0.8.RELEASE.jar;, java.specification.name=Java Platform API Specification, java.class.version=52.0, sun.management.compiler=HotSpot 64-Bit Tiered Compilers, os.version=10.0, user.home=C:\WINDOWS\system32\config\systemprofile, user.timezone=Asia/Calcutta, java.awt.printerjob=sun.awt.windows.WPrinterJob, file.encoding=Cp1252, java.specification.version=1.8, java.class.path=C:\ProgramData\Jenkins\.jenkins\workspace\SampleProject\target\test-classes;C:\ProgramData\Jenkins\.jenkins\workspace\SampleProject\target\classes;C:\WINDOWS\system32\config\systemprofile\.m2\repository\org\springframework\boot\spring-boot-starter\2.0.4.RELEASE\spring-boot-starter-2.0.4.RELEASE.jar;C:\WINDOWS\system32\config\systemprofile\.m2\repository\org\springframework\boot\spring-boot\2.0.4.RELEASE\spring-boot-2.0.4.RELEASE.jar;C:\WINDOWS\system32\config\systemprofile\.m2\repository\org\springframework\spring-context\5.0.8.RELEASE\spring-context-5.0.8.RELEASE.jar;C:\WINDOWS\system32\config\systemprofile\.m2\repository\org\springframework\boot\spring-boot-autoconfigure\2.0.4.RELEASE\spring-boot-autoconfigure-2.0.4.RELEASE.jar;C:\WINDOWS\system32\config\systemprofile\.m2\repository\org\springframework\boot\spring-boot-starter-logging\2.0.4.RELEASE\spring-boot-starter-logging-2.0.4.RELEASE.jar;C:\WINDOWS\system32\config\systemprofile\.m2\repository\ch\qos\logback\logback-classic\1.2.3\logback-classic-1.2.3.jar;C:\WINDOWS\system32\config\systemprofile\.m2\repository\org\apache\logging\log4j\log4j-to-slf4j\2.10.0\log4j-to-slf4j-2.10.0.jar;C:\WINDOWS\system32\config\systemprofile\.m2\repository\org\apache\logging\log4j\log4j-api\2.10.0\log4j-api-2.10.0.jar;C:\WINDOWS\system32\config\systemprofile\.m2\repository\org\slf4j\jul-to-slf4j\1.7.25\jul-to-slf4j-1.7.25.jar;C:\WINDOWS\system32\config\systemprofile\.m2\repository\javax\annotation\javax.annotation-api\1.3.2\javax.annotation-api-1.3.2.jar;C:\WINDOWS\system32\config\systemprofile\.m2\repository\org\springframework\spring-core\5.0.8.RELEASE\spring-core-5.0.8.RELEASE.jar;C:\WINDOWS\system32\config\systemprofile\.m2\repository\org\springframework\spring-jcl\5.0.8.RELEASE\spring-jcl-5.0.8.RELEASE.jar;C:\WINDOWS\system32\config\systemprofile\.m2\repository\org\yaml\snakeyaml\1.19\snakeyaml-1.19.jar;C:\WINDOWS\system32\config\systemprofile\.m2\repository\org\springframework\boot\spring-boot-starter-actuator\2.0.4.RELEASE\spring-boot-starter-actuator-2.0.4.RELEASE.jar;C:\WINDOWS\system32\config\systemprofile\.m2\repository\org\springframework\boot\spring-boot-actuator-autoconfigure\2.0.4.RELEASE\spring-boot-actuator-autoconfigure-2.0.4.RELEASE.jar;C:\WINDOWS\system32\config\systemprofile\.m2\repository\org\springframework\boot\spring-boot-actuator\2.0.4.RELEASE\spring-boot-actuator-2.0.4.RELEASE.jar;C:\WINDOWS\system32\config\systemprofile\.m2\repository\com\fasterxml\jackson\datatype\jackson-datatype-jsr310\2.9.6\jackson-datatype-jsr310-2.9.6.jar;C:\WINDOWS\system32\config\systemprofile\.m2\repository\io\micrometer\micrometer-core\1.0.6\micrometer-core-1.0.6.jar;C:\WINDOWS\system32\config\systemprofile\.m2\repository\org\hdrhistogram\HdrHistogram\2.1.10\HdrHistogram-2.1.10.jar;C:\WINDOWS\system32\config\systemprofile\.m2\repository\org\latencyutils\LatencyUtils\2.0.3\LatencyUtils-2.0.3.jar;C:\WINDOWS\system32\config\systemprofile\.m2\repository\org\springframework\boot\spring-boot-starter-data-jpa\2.0.4.RELEASE\spring-boot-starter-data-jpa-2.0.4.RELEASE.jar;C:\WINDOWS\system32\config\systemprofile\.m2\repository\org\springframework\boot\spring-boot-starter-aop\2.0.4.RELEASE\spring-boot-starter-aop-2.0.4.RELEASE.jar;C:\WINDOWS\system32\config\systemprofile\.m2\repository\org\springframework\spring-aop\5.0.8.RELEASE\spring-aop-5.0.8.RELEASE.jar;C:\WINDOWS\system32\config\systemprofile\.m2\repository\org\aspectj\aspectjweaver\1.8.13\aspectjweaver-1.8.13.jar;C:\WINDOWS\system32\config\systemprofile\.m2\repository\org\springframework\boot\spring-boot-starter-jdbc\2.0.4.RELEASE\spring-boot-starter-jdbc-2.0.4.RELEASE.jar;C:\WINDOWS\system32\config\systemprofile\.m2\repository\com\zaxxer\HikariCP\2.7.9\HikariCP-2.7.9.jar;C:\WINDOWS\system32\config\systemprofile\.m2\repository\org\springframework\spring-jdbc\5.0.8.RELEASE\spring-jdbc-5.0.8.RELEASE.jar;C:\WINDOWS\system32\config\systemprofile\.m2\repository\org\hibernate\hibernate-core\5.2.17.Final\hibernate-core-5.2.17.Final.jar;C:\WINDOWS\system32\config\systemprofile\.m2\repository\org\jboss\logging\jboss-logging\3.3.2.Final\jboss-logging-3.3.2.Final.jar;C:\WINDOWS\system32\config\systemprofile\.m2\repository\org\hibernate\javax\persistence\hibernate-jpa-2.1-api\1.0.2.Final\hibernate-jpa-2.1-api-1.0.2.Final.jar;C:\WINDOWS\system32\config\systemprofile\.m2\repository\org\javassist\javassist\3.22.0-GA\javassist-3.22.0-GA.jar;C:\WINDOWS\system32\config\systemprofile\.m2\repository\antlr\antlr\2.7.7\antlr-2.7.7.jar;C:\WINDOWS\system32\config\systemprofile\.m2\repository\org\jboss\jandex\2.0.3.Final\jandex-2.0.3.Final.jar;C:\WINDOWS\system32\config\systemprofile\.m2\repository\com\fasterxml\classmate\1.3.4\classmate-1.3.4.jar;C:\WINDOWS\system32\config\systemprofile\.m2\repository\dom4j\dom4j\1.6.1\dom4j-1.6.1.jar;C:\WINDOWS\system32\config\systemprofile\.m2\repository\org\hibernate\common\hibernate-commons-annotations\5.0.1.Final\hibernate-commons-annotations-5.0.1.Final.jar;C:\WINDOWS\system32\config\systemprofile\.m2\repository\javax\transaction\javax.transaction-api\1.2\javax.transaction-api-1.2.jar;C:\WINDOWS\system32\config\systemprofile\.m2\repository\org\springframework\data\spring-data-jpa\2.0.9.RELEASE\spring-data-jpa-2.0.9.RELEASE.jar;C:\WINDOWS\system32\config\systemprofile\.m2\repository\org\springframework\data\spring-data-commons\2.0.9.RELEASE\spring-data-commons-2.0.9.RELEASE.jar;C:\WINDOWS\system32\config\systemprofile\.m2\repository\org\springframework\spring-orm\5.0.8.RELEASE\spring-orm-5.0.8.RELEASE.jar;C:\WINDOWS\system32\config\systemprofile\.m2\repository\org\springframework\spring-tx\5.0.8.RELEASE\spring-tx-5.0.8.RELEASE.jar;C:\WINDOWS\system32\config\systemprofile\.m2\repository\org\springframework\spring-beans\5.0.8.RELEASE\spring-beans-5.0.8.RELEASE.jar;C:\WINDOWS\system32\config\systemprofile\.m2\repository\org\slf4j\slf4j-api\1.7.25\slf4j-api-1.7.25.jar;C:\WINDOWS\system32\config\systemprofile\.m2\repository\org\springframework\spring-aspects\5.0.8.RELEASE\spring-aspects-5.0.8.RELEASE.jar;C:\WINDOWS\system32\config\systemprofile\.m2\repository\org\springframework\boot\spring-boot-starter-test\2.0.4.RELEASE\spring-boot-starter-test-2.0.4.RELEASE.jar;C:\WINDOWS\system32\config\systemprofile\.m2\repository\org\springframework\boot\spring-boot-test-autoconfigure\2.0.4.RELEASE\spring-boot-test-autoconfigure-2.0.4.RELEASE.jar;C:\WINDOW
[...]
	at org.springframework.test.context.TestContextManager.prepareTestInstance(TestContextManager.java:246) [spring-test-5.0.8.RELEASE.jar:5.0.8.RELEASE]
	at org.springframework.test.context.junit4.SpringJUnit4ClassRunner.createTest(SpringJUnit4ClassRunner.java:227) [spring-test-5.0.8.RELEASE.jar:5.0.8.RELEASE]
	at org.springframework.test.context.junit4.SpringJUnit4ClassRunner$1.runReflectiveCall(SpringJUnit4ClassRunner.java:289) [spring-test-5.0.8.RELEASE.jar:5.0.8.RELEASE]
	at org.junit.internal.runners.model.ReflectiveCallable.run(ReflectiveCallable.java:12) [junit-4.12.jar:4.12]
	at org.springframework.test.context.junit4.SpringJUnit4ClassRunner.methodBlock(SpringJUnit4ClassRunner.java:291) [spring-test-5.0.8.RELEASE.jar:5.0.8.RELEASE]
	at org.springframework.test.context.junit4.SpringJUnit4ClassRunner.runChild(SpringJUnit4ClassRunner.java:246) [spring-test-5.0.8.RELEASE.jar:5.0.8.RELEASE]
	at org.springframework.test.context.junit4.SpringJUnit4ClassRunner.runChild(SpringJUnit4ClassRunner.java:97) [spring-test-5.0.8.RELEASE.jar:5.0.8.RELEASE]
	at org.junit.runners.ParentRunner$3.run(ParentRunner.java:290) [junit-4.12.jar:4.12]
	at org.junit.runners.ParentRunner$1.schedule(ParentRunner.java:71) [junit-4.12.jar:4.12]
	at org.junit.runners.ParentRunner.runChildren(ParentRunner.java:288) [junit-4.12.jar:4.12]
	at org.junit.runners.ParentRunner.access$000(ParentRunner.java:58) [junit-4.12.jar:4.12]
	at org.junit.runners.ParentRunner$2.evaluate(ParentRunner.java:268) [junit-4.12.jar:4.12]
	at org.springframework.test.context.junit4.statements.RunBeforeTestClassCallbacks.evaluate(RunBeforeTestClassCallbacks.java:61) [spring-test-5.0.8.RELEASE.jar:5.0.8.RELEASE]
	at org.springframework.test.context.junit4.statements.RunAfterTestClassCallbacks.evaluate(RunAfterTestClassCallbacks.java:70) [spring-test-5.0.8.RELEASE.jar:5.0.8.RELEASE]
	at org.junit.runners.ParentRunner.run(ParentRunner.java:363) [junit-4.12.jar:4.12]
	at org.springframework.test.context.junit4.SpringJUnit4ClassRunner.run(SpringJUnit4ClassRunner.java:190) [spring-test-5.0.8.RELEASE.jar:5.0.8.RELEASE]
	at org.apache.maven.surefire.junit4.JUnit4Provider.execute(JUnit4Provider.java:369) [surefire-junit4-2.20.1.jar:2.20.1]
	at org.apache.maven.surefire.junit4.JUnit4Provider.executeWithRerun(JUnit4Provider.java:275) [surefire-junit4-2.20.1.jar:2.20.1]
	at org.apache.maven.surefire.junit4.JUnit4Provider.executeTestSet(JUnit4Provider.java:239) [surefire-junit4-2.20.1.jar:2.20.1]
	at org.apache.maven.surefire.junit4.JUnit4Provider.invoke(JUnit4Provider.java:160) [surefire-junit4-2.20.1.jar:2.20.1]
	at org.apache.maven.surefire.booter.ForkedBooter.invokeProviderInSameClassLoader(ForkedBooter.java:373) [surefire-booter-2.20.1.jar:2.20.1]
	at org.apache.maven.surefire.booter.ForkedBooter.runSuitesInProcess(ForkedBooter.java:334) [surefire-booter-2.20.1.jar:2.20.1]
	at org.apache.maven.surefire.booter.ForkedBooter.execute(ForkedBooter.java:119) [surefire-booter-2.20.1.jar:2.20.1]
	at org.apache.maven.surefire.booter.ForkedBooter.main(ForkedBooter.java:407) [surefire-booter-2.20.1.jar:2.20.1]
Caused by: org.springframework.beans.factory.BeanCreationException: Error creating bean with name 'tomcatServletWebServerFactory' defined in class path resource [org/springframework/boot/autoconfigure/web/servlet/ServletWebServerFactoryConfiguration$EmbeddedTomcat.class]: Initialization of bean failed; nested exception is java.lang.IllegalArgumentException: ContextPath must start with '/' and not end with '/'
	at org.springframework.beans.factory.support.AbstractAutowireCapableBeanFactory.doCreateBean(AbstractAutowireCapableBeanFactory.java:581) ~[spring-beans-5.0.8.RELEASE.jar:5.0.8.RELEASE]
	at org.springframework.beans.factory.support.AbstractAutowireCapableBeanFactory.createBean(AbstractAutowireCapableBeanFactory.java:495) ~[spring-beans-5.0.8.RELEASE.jar:5.0.8.RELEASE]
	at org.springframework.beans.factory.support.AbstractBeanFactory.lambda$doGetBean$0(AbstractBeanFactory.java:317) ~[spring-beans-5.0.8.RELEASE.jar:5.0.8.RELEASE]
	at org.springframework.beans.factory.support.DefaultSingletonBeanRegistry.getSingleton(DefaultSingletonBeanRegistry.java:222) ~[spring-beans-5.0.8.RELEASE.jar:5.0.8.RELEASE]
	at org.springframework.beans.factory.support.AbstractBeanFactory.doGetBean(AbstractBeanFactory.java:315) ~[spring-beans-5.0.8.RELEASE.jar:5.0.8.RELEASE]
	at org.springframework.beans.factory.support.AbstractBeanFactory.getBean(AbstractBeanFactory.java:204) ~[spring-beans-5.0.8.RELEASE.jar:5.0.8.RELEASE]
	at org.springframework.boot.web.servlet.context.ServletWebServerApplicationContext.getWebServerFactory(ServletWebServerApplicationContext.java:214) ~[spring-boot-2.0.4.RELEASE.jar:2.0.4.RELEASE]
	at org.springframework.boot.web.servlet.context.ServletWebServerApplicationContext.createWebServer(ServletWebServerApplicationContext.java:178) ~[spring-boot-2.0.4.RELEASE.jar:2.0.4.RELEASE]
	at org.springframework.boot.web.servlet.context.ServletWebServerApplicationContext.onRefresh(ServletWebServerApplicationContext.java:152) ~[spring-boot-2.0.4.RELEASE.jar:2.0.4.RELEASE]
	... 35 common frames omitted
Caused by: java.lang.IllegalArgumentException: ContextPath must start with '/' and not end with '/'
	at org.springframework.boot.web.servlet.server.AbstractServletWebServerFactory.checkContextPath(AbstractServletWebServerFactory.java:137) ~[spring-boot-2.0.4.RELEASE.jar:2.0.4.RELEASE]
	at org.springframework.boot.web.servlet.server.AbstractServletWebServerFactory.setContextPath(AbstractServletWebServerFactory.java:125) ~[spring-boot-2.0.4.RELEASE.jar:2.0.4.RELEASE]
	at org.springframework.boot.context.properties.PropertyMapper$Source.to(PropertyMapper.java:304) ~[spring-boot-2.0.4.RELEASE.jar:2.0.4.RELEASE]
	at org.springframework.boot.autoconfigure.web.servlet.ServletWebServerFactoryCustomizer.customize(ServletWebServerFactoryCustomizer.java:55) ~[spring-boot-autoconfigure-2.0.4.RELEASE.jar:2.0.4.RELEASE]
	at org.springframework.boot.autoconfigure.web.servlet.ServletWebServerFactoryCustomizer.customize(ServletWebServerFactoryCustomizer.java:35) ~[spring-boot-autoconfigure-2.0.4.RELEASE.jar:2.0.4.RELEASE]
	at org.springframework.boot.web.server.WebServerFactoryCustomizerBeanPostProcessor.lambda$postProcessBeforeInitialization$0(WebServerFactoryCustomizerBeanPostProcessor.java:78) ~[spring-boot-2.0.4.RELEASE.jar:2.0.4.RELEASE]
	at org.springframework.boot.util.LambdaSafe$Callbacks.lambda$null$0(LambdaSafe.java:291) ~[spring-boot-2.0.4.RELEASE.jar:2.0.4.RELEASE]
	at org.springframework.boot.util.LambdaSafe$LambdaSafeCallback.invoke(LambdaSafe.java:162) ~[spring-boot-2.0.4.RELEASE.jar:2.0.4.RELEASE]
	at org.springframework.boot.util.LambdaSafe$Callbacks.lambda$invoke$1(LambdaSafe.java:290) ~[spring-boot-2.0.4.RELEASE.jar:2.0.4.RELEASE]
	at java.util.ArrayList.forEach(ArrayList.java:1259) ~[na:1.8.0_291]
	at java.util.Collections$UnmodifiableCollection.forEach(Collections.java:1082) ~[na:1.8.0_291]
	at org.springframework.boot.util.LambdaSafe$Callbacks.invoke(LambdaSafe.java:289) ~[spring-boot-2.0.4.RELEASE.jar:2.0.4.RELEASE]
	at org.springframework.boot.web.server.WebServerFactoryCustomizerBeanPostProcessor.postProcessBeforeInitialization(WebServerFactoryCustomizerBeanPostProcessor.java:78) ~[spring-boot-2.0.4.RELEASE.jar:2.0.4.RELEASE]
	at org.springframework.boot.web.server.WebServerFactoryCustomizerBeanPostProcessor.postProcessBeforeInitialization(WebServerFactoryCustomizerBeanPostProcessor.java:61) ~[spring-boot-2.0.4.RELEASE.jar:2.0.4.RELEASE]
	at org.springframework.beans.factory.support.AbstractAutowireCapableBeanFactory.applyBeanPostProcessorsBeforeInitialization(AbstractAutowireCapableBeanFactory.java:416) ~[spring-beans-5.0.8.RELEASE.jar:5.0.8.RELEASE]
	at org.springframework.beans.factory.support.AbstractAutowireCapableBeanFactory.initializeBean(AbstractAutowireCapableBeanFactory.java:1691) ~[spring-beans-5.0.8.RELEASE.jar:5.0.8.RELEASE]
	at org.springframework.beans.factory.support.AbstractAutowireCapableBeanFactory.doCreateBean(AbstractAutowireCapableBeanFactory.java:573) ~[spring-beans-5.0.8.RELEASE.jar:5.0.8.RELEASE]
	... 43 common frames omitted

2025-05-07 00:53:11.135 ERROR [hello-world,,,] 16220 --- [           main] o.s.test.context.TestContextManager      : Caught exception while allowing TestExecutionListener [org.springframework.boot.test.autoconfigure.SpringBootDependencyInjectionTestExecutionListener@57920d6c] to prepare test instance [com.testing.HelloWorldIntegrationTest@4a2653a0]

java.lang.IllegalStateException: Failed to load ApplicationContext
	at org.springframework.test.context.cache.DefaultCacheAwareContextLoaderDelegate.loadContext(DefaultCacheAwareContextLoaderDelegate.java:125) ~[spring-test-5.0.8.RELEASE.jar:5.0.8.RELEASE]
	at org.springframework.test.context.support.DefaultTestContext.getApplicationContext(DefaultTestContext.java:108) ~[spring-test-5.0.8.RELEASE.jar:5.0.8.RELEASE]
	at org.springframework.test.context.support.DependencyInjectionTestExecutionListener.injectDependencies(DependencyInjectionTestExecutionListener.java:117) ~[spring-test-5.0.8.RELEASE.jar:5.0.8.RELEASE]
	at org.springframework.test.context.support.DependencyInjectionTestExecutionListener.prepareTestInstance(DependencyInjectionTestExecutionListener.java:83) ~[spring-test-5.0.8.RELEASE.jar:5.0.8.RELEASE]
	at org.springframework.boot.test.autoconfigure.SpringBootDependencyInjectionTestExecutionListener.prepareTestInstance(SpringBootDependencyInjectionTestExecutionListener.java:44) ~[spring-boot-test-autoconfigure-2.0.4.RELEASE.jar:2.0.4.RELEASE]
	at org.springframework.test.context.TestContextManager.prepareTestInstance(TestContextManager.java:246) ~[spring-test-5.0.8.RELEASE.jar:5.0.8.RELEASE]
	at org.springframework.test.context.junit4.SpringJUnit4ClassRunner.createTest(SpringJUnit4ClassRunner.java:227) [spring-test-5.0.8.RELEASE.jar:5.0.8.RELEASE]
	at org.springframework.test.context.junit4.SpringJUnit4ClassRunner$1.runReflectiveCall(SpringJUnit4ClassRunner.java:289) [spring-test-5.0.8.RELEASE.jar:5.0.8.RELEASE]
	at org.junit.internal.runners.model.ReflectiveCallable.run(ReflectiveCallable.java:12) [junit-4.12.jar:4.12]
	at org.springframework.test.context.junit4.SpringJUnit4ClassRunner.methodBlock(SpringJUnit4ClassRunner.java:291) [spring-test-5.0.8.RELEASE.jar:5.0.8.RELEASE]
	at org.springframework.test.context.junit4.SpringJUnit4ClassRunner.runChild(SpringJUnit4ClassRunner.java:246) [spring-test-5.0.8.RELEASE.jar:5.0.8.RELEASE]
	at org.springframework.test.context.junit4.SpringJUnit4ClassRunner.runChild(SpringJUnit4ClassRunner.java:97) [spring-test-5.0.8.RELEASE.jar:5.0.8.RELEASE]
	at org.junit.runners.ParentRunner$3.run(ParentRunner.java:290) [junit-4.12.jar:4.12]
	at org.junit.runners.ParentRunner$1.schedule(ParentRunner.java:71) [junit-4.12.jar:4.12]
	at org.junit.runners.ParentRunner.runChildren(ParentRunner.java:288) [junit-4.12.jar:4.12]
	at org.junit.runners.ParentRunner.access$000(ParentRunner.java:58) [junit-4.12.jar:4.12]
	at org.junit.runners.ParentRunner$2.evaluate(ParentRunner.java:268) [junit-4.12.jar:4.12]
	at org.springframework.test.context.junit4.statements.RunBeforeTestClassCallbacks.evaluate(RunBeforeTestClassCallbacks.java:61) [spring-test-5.0.8.RELEASE.jar:5.0.8.RELEASE]
	at org.springframework.test.context.junit4.statements.RunAfterTestClassCallbacks.evaluate(RunAfterTestClassCallbacks.java:70) [spring-test-5.0.8.RELEASE.jar:5.0.8.RELEASE]
	at org.junit.runners.ParentRunner.run(ParentRunner.java:363) [junit-4.12.jar:4.12]
	at org.springframework.test.context.junit4.SpringJUnit4ClassRunner.run(SpringJUnit4ClassRunner.java:190) [spring-test-5.0.8.RELEASE.jar:5.0.8.RELEASE]
	at org.apache.maven.surefire.junit4.JUnit4Provider.execute(JUnit4Provider.java:369) [surefire-junit4-2.20.1.jar:2.20.1]
	at org.apache.maven.surefire.junit4.JUnit4Provider.executeWithRerun(JUnit4Provider.java:275) [surefire-junit4-2.20.1.jar:2.20.1]
	at org.apache.maven.surefire.junit4.JUnit4Provider.executeTestSet(JUnit4Provider.java:239) [surefire-junit4-2.20.1.jar:2.20.1]
	at org.apache.maven.surefire.junit4.JUnit4Provider.invoke(JUnit4Provider.java:160) [surefire-junit4-2.20.1.jar:2.20.1]
	at org.apache.maven.surefire.booter.ForkedBooter.invokeProviderInSameClassLoader(ForkedBooter.java:373) [surefire-booter-2.20.1.jar:2.20.1]
	at org.apache.maven.surefire.booter.ForkedBooter.runSuitesInProcess(ForkedBooter.java:334) [surefire-booter-2.20.1.jar:2.20.1]
	at org.apache.maven.surefire.booter.ForkedBooter.execute(ForkedBooter.java:119) [surefire-booter-2.20.1.jar:2.20.1]
	at org.apache.maven.surefire.booter.ForkedBooter.main(ForkedBooter.java:407) [surefire-booter-2.20.1.jar:2.20.1]
Caused by: org.springframework.context.ApplicationContextException: Unable to start web server; nested exception is org.springframework.beans.factory.BeanCreationException: Error creating bean with name 'tomcatServletWebServerFactory' defined in class path resource [org/springframework/boot/autoconfigure/web/servlet/ServletWebServerFactoryConfiguration$EmbeddedTomcat.class]: Initialization of bean failed; nested exception is java.lang.IllegalArgumentException: ContextPath must start with '/' and not end with '/'
	at org.springframework.boot.web.servlet.context.ServletWebServerApplicationContext.onRefresh(ServletWebServerApplicationContext.java:155) ~[spring-boot-2.0.4.RELEASE.jar:2.0.4.RELEASE]
	at org.springframework.context.support.AbstractApplicationContext.refresh(AbstractApplicationContext.java:544) ~[spring-context-5.0.8.RELEASE.jar:5.0.8.RELEASE]
	at org.springframework.boot.web.servlet.context.ServletWebServerApplicationContext.refresh(ServletWebServerApplicationContext.java:140) ~[spring-boot-2.0.4.RELEASE.jar:2.0.4.RELEASE]
	at org.springframework.boot.SpringApplication.refresh(SpringApplication.java:762) ~[spring-boot-2.0.4.RELEASE.jar:2.0.4.RELEASE]
	at org.springframework.boot.SpringApplication.refreshContext(SpringApplication.java:398) ~[spring-boot-2.0.4.RELEASE.jar:2.0.4.RELEASE]
	at org.springframework.boot.SpringApplication.run(SpringApplication.java:330) ~[spring-boot-2.0.4.RELEASE.jar:2.0.4.RELEASE]
	at org.springframework.boot.test.context.SpringBootContextLoader.loadContext(SpringBootContextLoader.java:139) ~[spring-boot-test-2.0.4.RELEASE.jar:2.0.4.RELEASE]
	at org.springframework.test.context.cache.DefaultCacheAwareContextLoaderDelegate.loadContextInternal(DefaultCacheAwareContextLoaderDelegate.java:99) ~[spring-test-5.0.8.RELEASE.jar:5.0.8.RELEASE]
	at org.springframework.test.context.cache.DefaultCacheAwareContextLoaderDelegate.loadContext(DefaultCacheAwareContextLoaderDelegate.java:117) ~[spring-test-5.0.8.RELEASE.jar:5.0.8.RELEASE]
	... 28 common frames omitted
Caused by: org.springframework.beans.factory.BeanCreationException: Error creating bean with name 'tomcatServletWebServerFactory' defined in class path resource [org/springframework/boot/autoconfigure/web/servlet/ServletWebServerFactoryConfiguration$EmbeddedTomcat.class]: Initialization of bean failed; nested exception is java.lang.IllegalArgumentException: ContextPath must start with '/' and not end with '/'
	at org.springframework.beans.factory.support.AbstractAutowireCapableBeanFactory.doCreateBean(AbstractAutowireCapableBeanFactory.java:581) ~[spring-beans-5.0.8.RELEASE.jar:5.0.8.RELEASE]
	at org.springframework.beans.factory.support.AbstractAutowireCapableBeanFactory.createBean(AbstractAutowireCapableBeanFactory.java:495) ~[spring-beans-5.0.8.RELEASE.jar:5.0.8.RELEASE]
	at org.springframework.beans.factory.support.AbstractBeanFactory.lambda$doGetBean$0(AbstractBeanFactory.java:317) ~[spring-beans-5.0.8.RELEASE.jar:5.0.8.RELEASE]
	at org.springframework.beans.factory.support.DefaultSingletonBeanRegistry.getSingleton(DefaultSingletonBeanRegistry.java:222) ~[spring-beans-5.0.8.RELEASE.jar:5.0.8.RELEASE]
	at org.springframework.beans.factory.support.AbstractBeanFactory.doGetBean(AbstractBeanFactory.java:315) ~[spring-beans-5.0.8.RELEASE.jar:5.0.8.RELEASE]
	at org.springframework.beans.factory.support.AbstractBeanFactory.getBean(AbstractBeanFactory.java:204) ~[spring-beans-5.0.8.RELEASE.jar:5.0.8.RELEASE]
	at org.springframework.boot.web.servlet.context.ServletWebServerApplicationContext.getWebServerFactory(ServletWebServerApplicationContext.java:214) ~[spring-boot-2.0.4.RELEASE.jar:2.0.4.RELEASE]
	at org.springframework.boot.web.servlet.context.ServletWebServerApplicationContext.createWebServer(ServletWebServerApplicationContext.java:178) ~[spring-boot-2.0.4.RELEASE.jar:2.0.4.RELEASE]
	at org.springframework.boot.web.servlet.context.ServletWebServerApplicationContext.onRefresh(ServletWebServerApplicationContext.java:152) ~[spring-boot-2.0.4.RELEASE.jar:2.0.4.RELEASE]
	... 36 common frames omitted
Caused by: java.lang.IllegalArgumentException: ContextPath must start with '/' and not end with '/'
	at org.springframework.boot.web.servlet.server.AbstractServletWebServerFactory.checkContextPath(AbstractServletWebServerFactory.java:137) ~[spring-boot-2.0.4.RELEASE.jar:2.0.4.RELEASE]
	at org.springframework.boot.web.servlet.server.AbstractServletWebServerFactory.setContextPath(AbstractServletWebServerFactory.java:125) ~[spring-boot-2.0.4.RELEASE.jar:2.0.4.RELEASE]
	at org.springframework.boot.context.properties.PropertyMapper$Source.to(PropertyMapper.java:304) ~[spring-boot-2.0.4.RELEASE.jar:2.0.4.RELEASE]
	at org.springframework.boot.autoconfigure.web.servlet.ServletWebServerFactoryCustomizer.customize(ServletWebServerFactoryCustomizer.java:55) ~[spring-boot-autoconfigure-2.0.4.RELEASE.jar:2.0.4.RELEASE]
	at org.springframework.boot.autoconfigure.web.servlet.ServletWebServerFactoryCustomizer.customize(ServletWebServerFactoryCustomizer.java:35) ~[spring-boot-autoconfigure-2.0.4.RELEASE.jar:2.0.4.RELEASE]
	at org.springframework.boot.web.server.WebServerFactoryCustomizerBeanPostProcessor.lambda$postProcessBeforeInitialization$0(WebServerFactoryCustomizerBeanPostProcessor.java:78) ~[spring-boot-2.0.4.RELEASE.jar:2.0.4.RELEASE]
	at org.springframework.boot.util.LambdaSafe$Callbacks.lambda$null$0(LambdaSafe.java:291) ~[spring-boot-2.0.4.RELEASE.jar:2.0.4.RELEASE]
	at org.springframework.boot.util.LambdaSafe$LambdaSafeCallback.invoke(LambdaSafe.java:162) ~[spring-boot-2.0.4.RELEASE.jar:2.0.4.RELEASE]
	at org.springframework.boot.util.LambdaSafe$Callbacks.lambda$invoke$1(LambdaSafe.java:290) ~[spring-boot-2.0.4.RELEASE.jar:2.0.4.RELEASE]
	at java.util.ArrayList.forEach(ArrayList.java:1259) ~[na:1.8.0_291]
	at java.util.Collections$UnmodifiableCollection.forEach(Collections.java:1082) ~[na:1.8.0_291]
	at org.springframework.boot.util.LambdaSafe$Callbacks.invoke(LambdaSafe.java:289) ~[spring-boot-2.0.4.RELEASE.jar:2.0.4.RELEASE]
	at org.springframework.boot.web.server.WebServerFactoryCustomizerBeanPostProcessor.postProcessBeforeInitialization(WebServerFactoryCustomizerBeanPostProcessor.java:78) ~[spring-boot-2.0.4.RELEASE.jar:2.0.4.RELEASE]
	at org.springframework.boot.web.server.WebServerFactoryCustomizerBeanPostProcessor.postProcessBeforeInitialization(WebServerFactoryCustomizerBeanPostProcessor.java:61) ~[spring-boot-2.0.4.RELEASE.jar:2.0.4.RELEASE]
	at org.springframework.beans.factory.support.AbstractAutowireCapableBeanFactory.applyBeanPostProcessorsBeforeInitialization(AbstractAutowireCapableBeanFactory.java:416) ~[spring-beans-5.0.8.RELEASE.jar:5.0.8.RELEASE]
	at org.springframework.beans.factory.support.AbstractAutowireCapableBeanFactory.initializeBean(AbstractAutowireCapableBeanFactory.java:1691) ~[spring-beans-5.0.8.RELEASE.jar:5.0.8.RELEASE]
	at org.springframework.beans.factory.support.AbstractAutowireCapableBeanFactory.doCreateBean(AbstractAutowireCapableBeanFactory.java:573) ~[spring-beans-5.0.8.RELEASE.jar:5.0.8.RELEASE]
	... 44 common frames omitted

]]></system-out>
  </testcase>
</testsuite>