<?xml version="1.0" encoding="UTF-8"?>
<testsuite xmlns:xsi="http://www.w3.org/2001/XMLSchema-instance" xsi:noNamespaceSchemaLocation="https://maven.apache.org/surefire/maven-surefire-plugin/xsd/surefire-test-report.xsd" name="com.testing.HelloWorldIntegrationTest" time="13.487" tests="1" errors="0" skipped="0" failures="1">
  <properties>
[...]
</properties>
  <testcase name="responseShouldContainHelloWorldKey" classname="com.testing.HelloWorldIntegrationTest" time="0.639">
    <failure message="expected:&lt;&quot;[Hello World!]&quot;&gt; but was:&lt;&quot;[No message available]&quot;&gt;" type="org.junit.ComparisonFailure"><![CDATA[org.junit.ComparisonFailure: expected:<"[Hello World!]"> but was:<"[No message available]">
	at com.testing.HelloWorldIntegrationTest.responseShouldContainHelloWorldKey(HelloWorldIntegrationTest.java:43)
]]></failure>
    <system-out><![CDATA[01:03:05.963 [main] DEBUG org.springframework.test.context.junit4.SpringJUnit4ClassRunner - SpringJUnit4ClassRunner constructor called with [class com.testing.HelloWorldIntegrationTest]
01:03:05.970 [main] DEBUG org.springframework.test.context.BootstrapUtils - Instantiating CacheAwareContextLoaderDelegate from class [org.springframework.test.context.cache.DefaultCacheAwareContextLoaderDelegate]
01:03:05.991 [main] DEBUG org.springframework.test.context.BootstrapUtils - Instantiating BootstrapContext using constructor [public org.springframework.test.context.support.DefaultBootstrapContext(java.lang.Class,org.springframework.test.context.CacheAwareContextLoaderDelegate)]
01:03:06.028 [main] DEBUG org.springframework.test.context.BootstrapUtils - Instantiating TestContextBootstrapper for test class [com.testing.HelloWorldIntegrationTest] from class [org.springframework.boot.test.context.SpringBootTestContextBootstrapper]
01:03:06.056 [main] INFO org.springframework.boot.test.context.SpringBootTestContextBootstrapper - Neither @ContextConfiguration nor @ContextHierarchy found for test class [com.testing.HelloWorldIntegrationTest], using SpringBootContextLoader
01:03:06.056 [main] DEBUG org.springframework.test.context.support.AbstractContextLoader - Did not detect default resource location for test class [com.testing.HelloWorldIntegrationTest]: class path resource [com/testing/HelloWorldIntegrationTest-context.xml] does not exist
01:03:06.056 [main] DEBUG org.springframework.test.context.support.AbstractContextLoader - Did not detect default resource location for test class [com.testing.HelloWorldIntegrationTest]: class path resource [com/testing/HelloWorldIntegrationTestContext.groovy] does not exist
01:03:06.056 [main] INFO org.springframework.test.context.support.AbstractContextLoader - Could not detect default resource locations for test class [com.testing.HelloWorldIntegrationTest]: no resource found for suffixes {-context.xml, Context.groovy}.
01:03:06.066 [main] INFO org.springframework.test.context.support.AnnotationConfigContextLoaderUtils - Could not detect default configuration classes for test class [com.testing.HelloWorldIntegrationTest]: HelloWorldIntegrationTest does not declare any static, non-private, non-final, nested classes annotated with @Configuration.
01:03:06.144 [main] DEBUG org.springframework.test.context.support.ActiveProfilesUtils - Could not find an 'annotation declaring class' for annotation type [org.springframework.test.context.ActiveProfiles] and class [com.testing.HelloWorldIntegrationTest]
01:03:06.168 [main] DEBUG org.springframework.core.env.StandardEnvironment - Adding PropertySource 'systemProperties' with lowest search precedence
01:03:06.170 [main] DEBUG org.springframework.core.env.StandardEnvironment - Adding PropertySource 'systemEnvironment' with lowest search precedence
01:03:06.173 [main] DEBUG org.springframework.core.env.StandardEnvironment - Initialized StandardEnvironment with PropertySources [MapPropertySource@1726054143 {name='systemProperties', properties={java.runtime.name=Java(TM) SE Runtime Environment, sun.boot.library.path=C:\Program Files\Java\jdk1.8.0_291\jre\bin, java.vm.version=25.291-b10, java.vm.vendor=Oracle Corporation, java.vendor.url=http://java.oracle.com/, path.separator=;, java.vm.name=Java HotSpot(TM) 64-Bit Server VM, file.encoding.pkg=sun.io, user.country=US, user.script=, sun.java.launcher=SUN_STANDARD, sun.os.patch.level=, java.vm.specification.name=Java Virtual Machine Specification, user.dir=C:\ProgramData\Jenkins\.jenkins\workspace\SampleProject, java.runtime.version=1.8.0_291-b10, basedir=C:\ProgramData\Jenkins\.jenkins\workspace\SampleProject, java.awt.graphicsenv=sun.awt.Win32GraphicsEnvironment, java.endorsed.dirs=C:\Program Files\Java\jdk1.8.0_291\jre\lib\endorsed, os.arch=amd64, surefire.real.class.path=C:\WINDOWS\TEMP\surefire8921638478534242318\surefirebooter828700607075020163.jar;C:\\WINDOWS\\system32\\config\\systemprofile\\.m2\\repository\\org\\jacoco\\org.jacoco.agent\\0.7.9\\org.jacoco.agent-0.7.9-runtime.jar, java.io.tmpdir=C:\WINDOWS\TEMP\, line.separator=
, java.vm.specification.vendor=Oracle Corporation, user.variant=, os.name=Windows 10, sun.jnu.encoding=Cp1252, java.library.path=C:\Program Files\Java\jdk1.8.0_291\jre\bin;C:\WINDOWS\Sun\Java\bin;C:\WINDOWS\system32;C:\WINDOWS;C:\Program Files\Common Files\Oracle\Java\javapath;C:\Program Files\Scripts\;C:\Program Files\;C:\Program Files (x86)\Common Files\Oracle\Java\javapath;C:\Windows\system32;C:\Windows;C:\Windows\System32\Wbem;C:\Windows\System32\WindowsPowerShell\v1.0\;C:\Windows\System32\OpenSSH\;C:\Program Files (x86)\NVIDIA Corporation\PhysX\Common;C:\Program Files\Java\jdk1.8.0_291\bin;C:\Program Files\Git\cmd;C:\WINDOWS\system32;C:\WINDOWS;C:\WINDOWS\System32\Wbem;C:\WINDOWS\System32\WindowsPowerShell\v1.0\;C:\WINDOWS\System32\OpenSSH\;C:\Users\91770\AppData\Local\Microsoft\WindowsApps\python.exe;C:\Program Files\Docker\Docker\resources\bin;C:\Program Files\terraform_1.5.7_windows_386;C:\Program Files\Amazon\AWSCLIV2\;C:\Program Files\kubectl;C:\Program Files\nodejs\;C:\Program Files (x86)\apache-maven-3.9.9\bin;C:\WINDOWS\system32\config\systemprofile\AppData\Local\Microsoft\WindowsApps;., surefire.test.class.path=C:\ProgramData\Jenkins\.jenkins\workspace\SampleProject\target\test-classes;C:\ProgramData\Jenkins\.jenkins\workspace\SampleProject\target\classes;C:\WINDOWS\system32\config\systemprofile\.m2\repository\org\springframework\boot\spring-boot-starter\2.0.4.RELEASE\spring-boot-starter-2.0.4.RELEASE.jar;C:\WINDOWS\system32\config\systemprofile\.m2\repository\org\springframework\boot\spring-boot\2.0.4.RELEASE\spring-boot-2.0.4.RELEASE.jar;C:\WINDOWS\system32\config\systemprofile\.m2\repository\org\springframework\spring-context\5.0.8.RELEASE\spring-context-5.0.8.RELEASE.jar;C:\WINDOWS\system32\config\systemprofile\.m2\repository\org\springframework\boot\spring-boot-autoconfigure\2.0.4.RELEASE\spring-boot-autoconfigure-2.0.4.RELEASE.jar;C:\WINDOWS\system32\config\systemprofile\.m2\repository\org\springframework\boot\spring-boot-starter-logging\2.0.4.RELEASE\spring-boot-starter-logging-2.0.4.RELEASE.jar;C:\WINDOWS\system32\config\systemprofile\.m2\repository\ch\qos\logback\logback-classic\1.2.3\logback-classic-1.2.3.jar;C:\WINDOWS\system32\config\systemprofile\.m2\repository\org\apache\logging\log4j\log4j-to-slf4j\2.10.0\log4j-to-slf4j-2.10.0.jar;C:\WINDOWS\system32\config\systemprofile\.m2\repository\org\apache\logging\log4j\log4j-api\2.10.0\log4j-api-2.10.0.jar;C:\WINDOWS\system32\config\systemprofile\.m2\repository\org\slf4j\jul-to-slf4j\1.7.25\jul-to-slf4j-1.7.25.jar;C:\WINDOWS\system32\config\systemprofile\.m2\repository\javax\annotation\javax.annotation-api\1.3.2\javax.annotation-api-1.3.2.jar;C:\WINDOWS\system32\config\systemprofile\.m2\repository\org\springframework\spring-core\5.0.8.RELEASE\spring-core-5.0.8.RELEASE.jar;C:\WINDOWS\system32\config\systemprofile\.m2\repository\org\springframework\spring-jcl\5.0.8.RELEASE\spring-jcl-5.0.8.RELEASE.jar;C:\WINDOWS\system32\config\systemprofile\.m2\repository\org\yaml\snakeyaml\1.19\snakeyaml-1.19.jar;C:\WINDOWS\system32\config\systemprofile\.m2\repository\org\springframework\boot\spring-boot-starter-actuator\2.0.4.RELEASE\spring-boot-starter-actuator-2.0.4.RELEASE.jar;C:\WINDOWS\system32\config\systemprofile\.m2\repository\org\springframework\boot\spring-boot-actuator-autoconfigure\2.0.4.RELEASE\spring-boot-actuator-autoconfigure-2.0.4.RELEASE.jar;C:\WINDOWS\system32\config\systemprofile\.m2\repository\org\springframework\boot\spring-boot-actuator\2.0.4.RELEASE\spring-boot-actuator-2.0.4.RELEASE.jar;C:\WINDOWS\system32\config\systemprofile\.m2\repository\com\fasterxml\jackson\datatype\jackson-datatype-jsr310\2.9.6\jackson-datatype-jsr310-2.9.6.jar;C:\WINDOWS\system32\config\systemprofile\.m2\repository\io\micrometer\micrometer-core\1.0.6\micrometer-core-1.0.6.jar;C:\WINDOWS\system32\config\systemprofile\.m2\repository\org\hdrhistogram\HdrHistogram\2.1.10\HdrHistogram-2.1.10.jar;C:\WINDOWS\system32\config\systemprofile\.m2\repository\org\latencyutils\LatencyUtils\2.0.3\LatencyUtils-2.0.3.jar;C:\WINDOWS\system32\config\systemprofile\.m2\repository\org\springframework\boot\spring-boot-starter-data-jpa\2.0.4.RELEASE\spring-boot-starter-data-jpa-2.0.4.RELEASE.jar;C:\WINDOWS\system32\config\systemprofile\.m2\repository\org\springframework\boot\spring-boot-starter-aop\2.0.4.RELEASE\spring-boot-starter-aop-2.0.4.RELEASE.jar;C:\WINDOWS\system32\config\systemprofile\.m2\repository\org\springframework\spring-aop\5.0.8.RELEASE\spring-aop-5.0.8.RELEASE.jar;C:\WINDOWS\system32\config\systemprofile\.m2\repository\org\aspectj\aspectjweaver\1.8.13\aspectjweaver-1.8.13.jar;C:\WINDOWS\system32\config\systemprofile\.m2\repository\org\springframework\boot\spring-boot-starter-jdbc\2.0.4.RELEASE\spring-boot-starter-jdbc-2.0.4.RELEASE.jar;C:\WINDOWS\system32\config\systemprofile\.m2\repository\com\zaxxer\HikariCP\2.7.9\HikariCP-2.7.9.jar;C:\WINDOWS\system32\config\systemprofile\.m2\repository\org\springframework\spring-jdbc\5.0.8.RELEASE\spring-jdbc-5.0.8.RELEASE.jar;C:\WINDOWS\system32\config\systemprofile\.m2\repository\org\hibernate\hibernate-core\5.2.17.Final\hibernate-core-5.2.17.Final.jar;C:\WINDOWS\system32\config\systemprofile\.m2\repository\org\jboss\logging\jboss-logging\3.3.2.Final\jboss-logging-3.3.2.Final.jar;C:\WINDOWS\system32\config\systemprofile\.m2\repository\org\hibernate\javax\persistence\hibernate-jpa-2.1-api\1.0.2.Final\hibernate-jpa-2.1-api-1.0.2.Final.jar;C:\WINDOWS\system32\config\systemprofile\.m2\repository\org\javassist\javassist\3.22.0-GA\javassist-3.22.0-GA.jar;C:\WINDOWS\system32\config\systemprofile\.m2\repository\antlr\antlr\2.7.7\antlr-2.7.7.jar;C:\WINDOWS\system32\config\systemprofile\.m2\repository\org\jboss\jandex\2.0.3.Final\jandex-2.0.3.Final.jar;C:\WINDOWS\system32\config\systemprofile\.m2\repository\com\fasterxml\classmate\1.3.4\classmate-1.3.4.jar;C:\WINDOWS\system32\config\systemprofile\.m2\repository\dom4j\dom4j\1.6.1\dom4j-1.6.1.jar;C:\WINDOWS\system32\config\systemprofile\.m2\repository\org\hibernate\common\hibernate-commons-annotations\5.0.1.Final\hibernate-commons-annotations-5.0.1.Final.jar;C:\WINDOWS\system32\config\systemprofile\.m2\repository\javax\transaction\javax.transaction-api\1.2\javax.transaction-api-1.2.jar;C:\WINDOWS\system32\config\systemprofile\.m2\repository\org\springframework\data\spring-data-jpa\2.0.9.RELEASE\spring-data-jpa-2.0.9.RELEASE.jar;C:\WINDOWS\system32\config\systemprofile\.m2\repository\org\springframework\data\spring-data-commons\2.0.9.RELEASE\spring-data-commons-2.0.9.RELEASE.jar;C:\WINDOWS\system32\config\systemprofile\.m2\repository\org\springframework\spring-orm\5.0.8.RELEASE\spring-orm-5.0.8.RELEASE.jar;C:\WINDOWS\system32\config\systemprofile\.m2\repository\org\springframework\spring-tx\5.0.8.RELEASE\spring-tx-5.0.8.RELEASE.jar;C:\WINDOWS\system32\config\systemprofile\.m2\repository\org\springframework\spring-beans\5.0.8.RELEASE\spring-beans-5.0.8.RELEASE.jar;C:\WINDOWS\system32\config\systemprofile\.m2\repository\org\slf4j\slf4j-api\1.7.25\slf4j-api-1.7.25.jar;C:\WINDOWS\system32\config\systemprofile\.m2\repository\org\springframework\spring-aspects\5.0.8.RELEASE\spring-aspects-5.0.8.RELEASE.jar;C:\WINDOWS\system32\config\systemprofile\.m2\repository\org\springframework\boot\spring-boot-starter-test\2.0.4.RELEASE\spring-boot-starter-test-2.0.4.RELEASE.jar;C:\WINDOWS\system32\config\systemprofile\.m2\repository\org\springframework\boot\spring-boot-test-autoconfigure\2.0.4.RELEASE\spring-boot-test-autoconfigure-2.0.4.RELEASE.jar;C:\WINDOWS\system32\config\systemprofile\.m2\repository\com\jayway\jsonpath\json-path\2.4.0\json-path-2.4.0.jar;C:\WINDOWS\system32\config\systemprofile\.m2\repository\net\minidev\json-smart\2.3\json-smart-2.3.jar;C:\WINDOWS\system32\config\systemprofile\.m2\repository\net\minidev\accessors-smart\1.2\accessors-smart-1.2.jar;C:\WINDOWS\system32\config\systemprofile\.m2\repository\org\ow2\asm\asm\5.0.4\asm-5.0.4.jar;C:\WINDOWS\system32\config\systemprofile\.m2\repository\junit\junit\4.12\junit-4.12.jar;C:\WINDOWS\system32\config\systemprofile\.m2\repository\org\hamcrest\hamcrest-core\1.3\hamcrest-core-1.3.jar;C:\WINDOWS\system32\config\systemprofile\.m2\repository\org\hamcrest\hamcrest-library\1.3\hamcrest-library-1.3.jar;C:\WINDOWS\system32\config\systemprofile\.m2\repository\org\skyscreamer\jsonassert\1.5.0\jsonassert-1.5.0.jar;C:\WINDOWS\system32\config\systemprofile\.m2\repository\org\xmlunit\xmlunit-core\2.5.1\xmlunit-core-2.5.1.jar;C:\WINDOWS\system32\config\systemprofile\.m2\repository\org\springframework\boot\spring-boot-starter-web\2.0.4.RELEASE\spring-boot-starter-web-2.0.4.RELEASE.jar;C:\WINDOWS\system32\config\systemprofile\.m2\repository\org\springframework\boot\spring-boot-starter-json\2.0.4.RELEASE\spring-boot-starter-json-2.0.4.RELEASE.jar;C:\WINDOWS\system32\config\systemprofile\.m2\repository\com\fasterxml\jackson\datatype\jackson-datatype-jdk8\2.9.6\jackson-datatype-jdk8-2.9.6.jar;C:\WINDOWS\system32\config\systemprofile\.m2\repository\com\fasterxml\jackson\module\jackson-module-parameter-names\2.9.6\jackson-module-parameter-names-2.9.6.jar;C:\WINDOWS\system32\config\systemprofile\.m2\repository\org\springframework\boot\spring-boot-starter-tomcat\2.0.4.RELEASE\spring-boot-starter-tomcat-2.0.4.RELEASE.jar;C:\WINDOWS\system32\config\systemprofile\.m2\repository\org\apache\tomcat\embed\tomcat-embed-core\8.5.32\tomcat-embed-core-8.5.32.jar;C:\WINDOWS\system32\config\systemprofile\.m2\repository\org\apache\tomcat\embed\tomcat-embed-el\8.5.32\tomcat-embed-el-8.5.32.jar;C:\WINDOWS\system32\config\systemprofile\.m2\repository\org\apache\tomcat\embed\tomcat-embed-websocket\8.5.32\tomcat-embed-websocket-8.5.32.jar;C:\WINDOWS\system32\config\systemprofile\.m2\repository\org\hibernate\validator\hibernate-validator\6.0.11.Final\hibernate-validator-6.0.11.Final.jar;C:\WINDOWS\system32\config\systemprofile\.m2\repository\javax\validation\validation-api\2.0.1.Final\validation-api-2.0.1.Final.jar;C:\WINDOWS\system32\config\systemprofile\.m2\repository\org\springframework\spring-web\5.0.8.RELEASE\spring-web-5.0.8.RELEASE.jar;C:\WINDOWS\system32\config\systemprofile\.m2\repository\org\springframework\spring-webmvc\5.0.8.RELEASE\spring-webmvc-5.0.8.RELEASE.jar;C:\WINDOWS\system32\config\systemprofile\.m2\repository\org\springframework\spring-expression\5.0.8.RELEASE\spring-expression-5.0.8.RELEASE.jar;C:\WINDOWS\system32\config\systemprofile\.m2\repository\com\h2database\h2\1.4.197\h2-1.4.197.jar;C:\WINDOWS\system32\config\systemprofile\.m2\repository\org\springframework\cloud\spring-cloud-starter-sleuth\2.0.0.RELEASE\spring-cloud-starter-sleuth-2.0.0.RELEASE.jar;C:\WINDOWS\system32\config\systemprofile\.m2\repository\org\springframework\cloud\spring-cloud-starter\2.0.0.RELEASE\spring-cloud-starter-2.0.0.RELEASE.jar;C:\WINDOWS\system32\config\systemprofile\.m2\repository\org\springframework\cloud\spring-cloud-context\2.0.0.RELEASE\spring-cloud-context-2.0.0.RELEASE.jar;C:\WINDOWS\system32\config\systemprofile\.m2\repository\org\springframework\security\spring-security-rsa\1.0.5.RELEASE\spring-security-rsa-1.0.5.RELEASE.jar;C:\WINDOWS\system32\config\systemprofile\.m2\repository\org\bouncycastle\bcpkix-jdk15on\1.56\bcpkix-jdk15on-1.56.jar;C:\WINDOWS\system32\config\systemprofile\.m2\repository\org\bouncycastle\bcprov-jdk15on\1.56\bcprov-jdk15on-1.56.jar;C:\WINDOWS\system32\config\systemprofile\.m2\repository\org\springframework\cloud\spring-cloud-sleuth-core\2.0.0.RELEASE\spring-cloud-sleuth-core-2.0.0.RELEASE.jar;C:\WINDOWS\system32\config\systemprofile\.m2\repository\org\aspectj\aspectjrt\1.8.13\aspectjrt-1.8.13.jar;C:\WINDOWS\system32\config\systemprofile\.m2\repository\io\zipkin\brave\brave\5.1.0\brave-5.1.0.jar;C:\WINDOWS\system32\config\systemprofile\.m2\repository\io\zipkin\brave\brave-context-log4j2\5.1.0\brave-context-log4j2-5.1.0.jar;C:\WINDOWS\system32\config\systemprofile\.m2\repository\io\zipkin\brave\brave-instrumentation-spring-web\5.1.0\brave-instrumentation-spring-web-5.1.0.jar;C:\WINDOWS\system32\config\systemprofile\.m2\repository\io\zipkin\brave\brave-instrumentation-http\5.1.0\brave-instrumentation-http-5.1.0.jar;C:\WINDOWS\system32\config\systemprofile\.m2\repository\io\zipkin\brave\brave-instrumentation-spring-rabbit\5.1.0\brave-instrumentation-spring-rabbit-5.1.0.jar;C:\WINDOWS\system32\config\systemprofile\.m2\repository\io\zipkin\brave\brave-instrumentation-kafka-clients\5.1.0\brave-instrumentation-kafka-clients-5.1.0.jar;C:\WINDOWS\system32\config\systemprofile\.m2\repository\io\zipkin\brave\brave-instrumentation-httpclient\5.1.0\brave-instrumentation-httpclient-5.1.0.jar;C:\WINDOWS\system32\config\systemprofile\.m2\repository\io\zipkin\brave\brave-instrumentation-httpasyncclient\5.1.0\brave-instrumentation-httpasyncclient-5.1.0.jar;C:\WINDOWS\system32\config\systemprofile\.m2\repository\io\zipkin\brave\brave-instrumentation-spring-webmvc\5.1.0\brave-instrumentation-spring-webmvc-5.1.0.jar;C:\WINDOWS\system32\config\systemprofile\.m2\repository\io\zipkin\brave\brave-instrumentation-servlet\5.1.0\brave-instrumentation-servlet-5.1.0.jar;C:\WINDOWS\system32\config\systemprofile\.m2\repository\org\springframework\cloud\spring-cloud-sleuth-zipkin\2.0.0.RELEASE\spring-cloud-sleuth-zipkin-2.0.0.RELEASE.jar;C:\WINDOWS\system32\config\systemprofile\.m2\repository\org\springframework\cloud\spring-cloud-commons\2.0.0.RELEASE\spring-cloud-commons-2.0.0.RELEASE.jar;C:\WINDOWS\system32\config\systemprofile\.m2\repository\org\springframework\security\spring-security-crypto\5.0.7.RELEASE\spring-security-crypto-5.0.7.RELEASE.jar;C:\WINDOWS\system32\config\systemprofile\.m2\repository\io\zipkin\zipkin2\zipkin\2.9.3\zipkin-2.9.3.jar;C:\WINDOWS\system32\config\systemprofile\.m2\repository\io\zipkin\reporter2\zipkin-reporter\2.7.3\zipkin-reporter-2.7.3.jar;C:\WINDOWS\system32\config\systemprofile\.m2\repository\io\zipkin\reporter2\zipkin-sender-kafka11\2.7.3\zipkin-sender-kafka11-2.7.3.jar;C:\WINDOWS\system32\config\systemprofile\.m2\repository\io\zipkin\reporter2\zipkin-sender-amqp-client\2.7.3\zipkin-sender-amqp-client-2.7.3.jar;C:\WINDOWS\system32\config\systemprofile\.m2\repository\commons-collections\commons-collections\3.2.2\commons-collections-3.2.2.jar;C:\WINDOWS\system32\config\systemprofile\.m2\repository\net\logstash\logback\logstash-logback-encoder\4.11\logstash-logback-encoder-4.11.jar;C:\WINDOWS\system32\config\systemprofile\.m2\repository\ch\qos\logback\logback-core\1.2.3\logback-core-1.2.3.jar;C:\WINDOWS\system32\config\systemprofile\.m2\repository\com\fasterxml\jackson\core\jackson-databind\2.9.6\jackson-databind-2.9.6.jar;C:\WINDOWS\system32\config\systemprofile\.m2\repository\com\fasterxml\jackson\dataformat\jackson-dataformat-xml\2.9.6\jackson-dataformat-xml-2.9.6.jar;C:\WINDOWS\system32\config\systemprofile\.m2\repository\com\fasterxml\jackson\core\jackson-core\2.9.6\jackson-core-2.9.6.jar;C:\WINDOWS\system32\config\systemprofile\.m2\repository\com\fasterxml\jackson\core\jackson-annotations\2.9.0\jackson-annotations-2.9.0.jar;C:\WINDOWS\system32\config\systemprofile\.m2\repository\com\fasterxml\jackson\module\jackson-module-jaxb-annotations\2.9.6\jackson-module-jaxb-annotations-2.9.6.jar;C:\WINDOWS\system32\config\systemprofile\.m2\repository\org\codehaus\woodstox\stax2-api\3.1.4\stax2-api-3.1.4.jar;C:\WINDOWS\system32\config\systemprofile\.m2\repository\com\fasterxml\woodstox\woodstox-core\5.0.3\woodstox-core-5.0.3.jar;C:\WINDOWS\system32\config\systemprofile\.m2\repository\com\fasterxml\jackson\datatype\jackson-datatype-joda\2.9.6\jackson-datatype-joda-2.9.6.jar;C:\WINDOWS\system32\config\systemprofile\.m2\repository\joda-time\joda-time\2.9.9\joda-time-2.9.9.jar;C:\WINDOWS\system32\config\systemprofile\.m2\repository\org\junit\jupiter\junit-jupiter-api\5.1.1\junit-jupiter-api-5.1.1.jar;C:\WINDOWS\system32\config\systemprofile\.m2\repository\org\apiguardian\apiguardian-api\1.0.0\apiguardian-api-1.0.0.jar;C:\WINDOWS\system32\config\systemprofile\.m2\repository\org\opentest4j\opentest4j\1.0.0\opentest4j-1.0.0.jar;C:\WINDOWS\system32\config\systemprofile\.m2\repository\org\junit\platform\junit-platform-commons\1.1.1\junit-platform-commons-1.1.1.jar;C:\WINDOWS\system32\config\systemprofile\.m2\repository\org\mockito\mockito-core\2.15.0\mockito-core-2.15.0.jar;C:\WINDOWS\system32\config\systemprofile\.m2\repository\net\bytebuddy\byte-buddy\1.7.11\byte-buddy-1.7.11.jar;C:\WINDOWS\system32\config\systemprofile\.m2\repository\net\bytebuddy\byte-buddy-agent\1.7.11\byte-buddy-agent-1.7.11.jar;C:\WINDOWS\system32\config\systemprofile\.m2\repository\org\objenesis\objenesis\2.6\objenesis-2.6.jar;C:\WINDOWS\system32\config\systemprofile\.m2\repository\org\assertj\assertj-core\3.9.1\assertj-core-3.9.1.jar;C:\WINDOWS\system32\config\systemprofile\.m2\repository\org\springframework\boot\spring-boot-test\2.0.4.RELEASE\spring-boot-test-2.0.4.RELEASE.jar;C:\WINDOWS\system32\config\systemprofile\.m2\repository\org\springframework\spring-test\5.0.8.RELEASE\spring-test-5.0.8.RELEASE.jar;, java.specification.name=Java Platform API Specification, java.class.version=52.0, sun.management.compiler=HotSpot 64-Bit Tiered Compilers, os.version=10.0, user.home=C:\WINDOWS\system32\config\systemprofile, user.timezone=Asia/Calcutta, java.awt.printerjob=sun.awt.windows.WPrinterJob, file.encoding=Cp1252, java.specification.version=1.8, java.class.path=C:\ProgramData\Jenkins\.jenkins\workspace\SampleProject\target\test-classes;C:\ProgramData\Jenkins\.jenkins\workspace\SampleProject\target\classes;C:\WINDOWS\system32\config\systemprofile\.m2\repository\org\springframework\boot\spring-boot-starter\2.0.4.RELEASE\spring-boot-starter-2.0.4.RELEASE.jar;C:\WINDOWS\system32\config\systemprofile\.m2\repository\org\springframework\boot\spring-boot\2.0.4.RELEASE\spring-boot-2.0.4.RELEASE.jar;C:\WINDOWS\system32\config\systemprofile\.m2\repository\org\springframework\spring-context\5.0.8.RELEASE\spring-context-5.0.8.RELEASE.jar;C:\WINDOWS\system32\config\systemprofile\.m2\repository\org\springframework\boot\spring-boot-autoconfigure\2.0.4.RELEASE\spring-boot-autoconfigure-2.0.4.RELEASE.jar;C:\WINDOWS\system32\config\systemprofile\.m2\repository\org\springframework\boot\spring-boot-starter-logging\2.0.4.RELEASE\spring-boot-starter-logging-2.0.4.RELEASE.jar;C:\WINDOWS\system32\config\systemprofile\.m2\repository\ch\qos\logback\logback-classic\1.2.3\logback-classic-1.2.3.jar;C:\WINDOWS\system32\config\systemprofile\.m2\repository\org\apache\logging\log4j\log4j-to-slf4j\2.10.0\log4j-to-slf4j-2.10.0.jar;C:\WINDOWS\system32\config\systemprofile\.m2\repository\org\apache\logging\log4j\log4j-api\2.10.0\log4j-api-2.10.0.jar;C:\WINDOWS\system32\config\systemprofile\.m2\repository\org\slf4j\jul-to-slf4j\1.7.25\jul-to-slf4j-1.7.25.jar;C:\WINDOWS\system32\config\systemprofile\.m2\repository\javax\annotation\javax.annotation-api\1.3.2\javax.annotation-api-1.3.2.jar;C:\WINDOWS\system32\config\systemprofile\.m2\repository\org\springframework\spring-core\5.0.8.RELEASE\spring-core-5.0.8.RELEASE.jar;C:\WINDOWS\system32\config\systemprofile\.m2\repository\org\springframework\spring-jcl\5.0.8.RELEASE\spring-jcl-5.0.8.RELEASE.jar;C:\WINDOWS\system32\config\systemprofile\.m2\repository\org\yaml\snakeyaml\1.19\snakeyaml-1.19.jar;C:\WINDOWS\system32\config\systemprofile\.m2\repository\org\springframework\boot\spring-boot-starter-actuator\2.0.4.RELEASE\spring-boot-starter-actuator-2.0.4.RELEASE.jar;C:\WINDOWS\system32\config\systemprofile\.m2\repository\org\springframework\boot\spring-boot-actuator-autoconfigure\2.0.4.RELEASE\spring-boot-actuator-autoconfigure-2.0.4.RELEASE.jar;C:\WINDOWS\system32\config\systemprofile\.m2\repository\org\springframework\boot\spring-boot-actuator\2.0.4.RELEASE\spring-boot-actuator-2.0.4.RELEASE.jar;C:\WINDOWS\system32\config\systemprofile\.m2\repository\com\fasterxml\jackson\datatype\jackson-datatype-jsr310\2.9.6\jackson-datatype-jsr310-2.9.6.jar;C:\WINDOWS\system32\config\systemprofile\.m2\repository\io\micrometer\micrometer-core\1.0.6\micrometer-core-1.0.6.jar;C:\WINDOWS\system32\config\systemprofile\.m2\repository\org\hdrhistogram\HdrHistogram\2.1.10\HdrHistogram-2.1.10.jar;C:\WINDOWS\system32\config\systemprofile\.m2\repository\org\latencyutils\LatencyUtils\2.0.3\LatencyUtils-2.0.3.jar;C:\WINDOWS\system32\config\systemprofile\.m2\repository\org\springframework\boot\spring-boot-starter-data-jpa\2.0.4.RELEASE\spring-boot-starter-data-jpa-2.0.4.RELEASE.jar;C:\WINDOWS\system32\config\systemprofile\.m2\repository\org\springframework\boot\spring-boot-starter-aop\2.0.4.RELEASE\spring-boot-starter-aop-2.0.4.RELEASE.jar;C:\WINDOWS\system32\config\systemprofile\.m2\repository\org\springframework\spring-aop\5.0.8.RELEASE\spring-aop-5.0.8.RELEASE.jar;C:\WINDOWS\system32\config\systemprofile\.m2\repository\org\aspectj\aspectjweaver\1.8.13\aspectjweaver-1.8.13.jar;C:\WINDOWS\system32\config\systemprofile\.m2\repository\org\springframework\boot\spring-boot-starter-jdbc\2.0.4.RELEASE\spring-boot-starter-jdbc-2.0.4.RELEASE.jar;C:\WINDOWS\system32\config\systemprofile\.m2\repository\com\zaxxer\HikariCP\2.7.9\HikariCP-2.7.9.jar;C:\WINDOWS\system32\config\systemprofile\.m2\repository\org\springframework\spring-jdbc\5.0.8.RELEASE\spring-jdbc-5.0.8.RELEASE.jar;C:\WINDOWS\system32\config\systemprofile\.m2\repository\org\hibernate\hibernate-core\5.2.17.Final\hibernate-core-5.2.17.Final.jar;C:\WINDOWS\system32\config\systemprofile\.m2\repository\org\jboss\logging\jboss-logging\3.3.2.Final\jboss-logging-3.3.2.Final.jar;C:\WINDOWS\system32\config\systemprofile\.m2\repository\org\hibernate\javax\persistence\hibernate-jpa-2.1-api\1.0.2.Final\hibernate-jpa-2.1-api-1.0.2.Final.jar;C:\WINDOWS\system32\config\systemprofile\.m2\repository\org\javassist\javassist\3.22.0-GA\javassist-3.22.0-GA.jar;C:\WINDOWS\system32\config\systemprofile\.m2\repository\antlr\antlr\2.7.7\antlr-2.7.7.jar;C:\WINDOWS\system32\config\systemprofile\.m2\repository\org\jboss\jandex\2.0.3.Final\jandex-2.0.3.Final.jar;C:\WINDOWS\system32\config\systemprofile\.m2\repository\com\fasterxml\classmate\1.3.4\classmate-1.3.4.jar;C:\WINDOWS\system32\config\systemprofile\.m2\repository\dom4j\dom4j\1.6.1\dom4j-1.6.1.jar;C:\WINDOWS\system32\config\systemprofile\.m2\repository\org\hibernate\common\hibernate-commons-annotations\5.0.1.Final\hibernate-commons-annotations-5.0.1.Final.jar;C:\WINDOWS\system32\config\systemprofile\.m2\repository\javax\transaction\javax.transaction-api\1.2\javax.transaction-api-1.2.jar;C:\WINDOWS\system32\config\systemprofile\.m2\repository\org\springframework\data\spring-data-jpa\2.0.9.RELEASE\spring-data-jpa-2.0.9.RELEASE.jar;C:\WINDOWS\system32\config\systemprofile\.m2\repository\org\springframework\data\spring-data-commons\2.0.9.RELEASE\spring-data-commons-2.0.9.RELEASE.jar;C:\WINDOWS\system32\config\systemprofile\.m2\repository\org\springframework\spring-orm\5.0.8.RELEASE\spring-orm-5.0.8.RELEASE.jar;C:\WINDOWS\system32\config\systemprofile\.m2\repository\org\springframework\spring-tx\5.0.8.RELEASE\spring-tx-5.0.8.RELEASE.jar;C:\WINDOWS\system32\config\systemprofile\.m2\repository\org\springframework\spring-beans\5.0.8.RELEASE\spring-beans-5.0.8.RELEASE.jar;C:\WINDOWS\system32\config\systemprofile\.m2\repository\org\slf4j\slf4j-api\1.7.25\slf4j-api-1.7.25.jar;C:\WINDOWS\system32\config\systemprofile\.m2\repository\org\springframework\spring-aspects\5.0.8.RELEASE\spring-aspects-5.0.8.RELEASE.jar;C:\WINDOWS\system32\config\systemprofile\.m2\repository\org\springframework\boot\spring-boot-starter-test\2.0.4.RELEASE\spring-boot-starter-test-2.0.4.RELEASE.jar;C:\WINDOWS\system32\config\systemprofile\.m2\repository\org\springframework\boot\spring-boot-test-autoconfigure\2.0.4.RELEASE\spring-boot-test-autoconfigure-2.0.4.RELEASE.jar;C:\WINDOWS\system32\config\systemprofile\.m2\repository\com\jayway\jsonpath\json-path\2.4.0\json-path-2.4.0.jar;C:\WINDOWS\system32\config\systemprofile\.m2\repository\net\minidev\json-smart\2.3\json-smart-2.3.jar;C:\WINDOWS\system32\config\systemprofile\.m2\repository\net\minidev\accessors-smart\1.2\accessors-smart-1.2.jar;C:\WINDOWS\system32\config\systemprofile\.m2\repository\org\ow2\asm\asm\5.0.4\asm-5.0.4.jar;C:\WINDOWS\system32\config\systemprofile\.m2\repository\junit\junit\4.12\junit-4.12.jar;C:\WINDOWS\system32\config\systemprofile\.m2\repository\org\hamcrest\hamcrest-core\1.3\hamcrest-core-1.3.jar;C:\WINDOWS\system32\config\systemprofile\.m2\repository\org\hamcrest\hamcrest-library\1.3\hamcrest-library-1.3.jar;C:\WINDOWS\system32\config\systemprofile\.m2\repository\org\skyscreamer\jsonassert\1.5.0\jsonassert-1.5.0.jar;C:\WINDOWS\system32\config\systemprofile\.m2\repository\org\xmlunit\xmlunit-core\2.5.1\xmlunit-core-2.5.1.jar;C:\WINDOWS\system32\config\systemprofile\.m2\repository\org\springframework\boot\spring-boot-starter-web\2.0.4.RELEASE\spring-boot-starter-web-2.0.4.RELEASE.jar;C:\WINDOWS\system32\config\systemprofile\.m2\repository\org\springframework\boot\spring-boot-starter-json\2.0.4.RELEASE\spring-boot-starter-json-2.0.4.RELEASE.jar;C:\WINDOWS\system32\config\systemprofile\.m2\repository\com\fasterxml\jackson\datatype\jackson-datatype-jdk8\2.9.6\jackson-datatype-jdk8-2.9.6.jar;C:\WINDOWS\system32\config\systemprofile\.m2\repository\com\fasterxml\jackson\module\jackson-module-parameter-names\2.9.6\jackson-module-parameter-names-2.9.6.jar;C:\WINDOWS\system32\config\systemprofile\.m2\repository\org\springframework\boot\spring-boot-starter-tomcat\2.0.4.RELEASE\spring-boot-starter-tomcat-2.0.4.RELEASE.jar;C:\WINDOWS\system32\config\systemprofile\.m2\repository\org\apache\tomcat\embed\tomcat-embed-core\8.5.32\tomcat-embed-core-8.5.32.jar;C:\WINDOWS\system32\config\systemprofile\.m2\repository\org\apache\tomcat\embed\tomcat-embed-el\8.5.32\tomcat-embed-el-8.5.32.jar;C:\WINDOWS\system32\config\systemprofile\.m2\repository\org\apache\tomcat\embed\tomcat-embed-websocket\8.5.32\tomcat-embed-websocket-8.5.32.jar;C:\WINDOWS\system32\config\systemprofile\.m2\repository\org\hibernate\validator\hibernate-validator\6.0.11.Final\hibernate-validator-6.0.11.Final.jar;C:\WINDOWS\system32\config\systemprofile\.m2\repository\javax\validation\validation-api\2.0.1.Final\validation-api-2.0.1.Final.jar;C:\WINDOWS\system32\config\systemprofile\.m2\repository\org\springframework\spring-web\5.0.8.RELEASE\spring-web-5.0.8.RELEASE.jar;C:\WINDOWS\system32\config\systemprofile\.m2\repository\org\springframework\spring-webmvc\5.0.8.RELEASE\spring-webmvc-5.0.8.RELEASE.jar;C:\WINDOWS\system32\config\systemprofile\.m2\repository\org\springframework\spring-expression\5.0.8.RELEASE\spring-expression-5.0.8.RELEASE.jar;C:\WINDOWS\system32\config\systemprofile\.m2\repository\com\h2database\h2\1.4.197\h2-1.4.197.jar;C:\WINDOWS\system32\config\systemprofile\.m2\repository\org\springframework\cloud\spring-cloud-starter-sleuth\2.0.0.RELEASE\spring-cloud-starter-sleuth-2.0.0.RELEASE.jar;C:\WINDOWS\system32\config\systemprofile\.m2\repository\org\springframework\cloud\spring-cloud-starter\2.0.0.RELEASE\spring-cloud-starter-2.0.0.RELEASE.jar;C:\WINDOWS\system32\config\systemprofile\.m2\repository\org\springframework\cloud\spring-cloud-context\2.0.0.RELEASE\spring-cloud-context-2.0.0.RELEASE.jar;C:\WINDOWS\system32\config\systemprofile\.m2\repository\org\springframework\security\spring-security-rsa\1.0.5.RELEASE\spring-security-rsa-1.0.5.RELEASE.jar;C:\WINDOWS\system32\config\systemprofile\.m2\repository\org\bouncycastle\bcpkix-jdk15on\1.56\bcpkix-jdk15on-1.56.jar;C:\WINDOWS\system32\config\systemprofile\.m2\repository\org\bouncycastle\bcprov-jdk15on\1.56\bcprov-jdk15on-1.56.jar;C:\WINDOWS\system32\config\systemprofile\.m2\repository\org\springframework\cloud\spring-cloud-sleuth-core\2.0.0.RELEASE\spring-cloud-sleuth-core-2.0.0.RELEASE.jar;C:\WINDOWS\system32\config\systemprofile\.m2\repository\org\aspectj\aspectjrt\1.8.13\aspectjrt-1.8.13.jar;C:\WINDOWS\system32\config\systemprofile\.m2\repository\io\zipkin\brave\brave\5.1.0\brave-5.1.0.jar;C:\WINDOWS\system32\config\systemprofile\.m2\repository\io\zipkin\brave\brave-context-log4j2\5.1.0\brave-context-log4j2-5.1.0.jar;C:\WINDOWS\system32\config\systemprofile\.m2\repository\io\zipkin\brave\brave-instrumentation-spring-web\5.1.0\brave-instrumentation-spring-web-5.1.0.jar;C:\WINDOWS\system32\config\systemprofile\.m2\repository\io\zipkin\brave\brave-instrumentation-http\5.1.0\brave-instrumentation-http-5.1.0.jar;C:\WINDOWS\system32\config\systemprofile\.m2\repository\io\zipkin\brave\brave-instrumentation-spring-rabbit\5.1.0\brave-instrumentation-spring-rabbit-5.1.0.jar;C:\WINDOWS\system32\config\systemprofile\.m2\repository\io\zipkin\brave\brave-instrumentation-kafka-clients\5.1.0\brave-instrumentation-kafka-clients-5.1.0.jar;C:\WINDOWS\system32\config\systemprofile\.m2\repository\io\zipkin\brave\brave-instrumentation-httpclient\5.1.0\brave-instrumentation-httpclient-5.1.0.jar;C:\WINDOWS\system32\config\systemprofile\.m2\repository\io\zipkin\brave\brave-instrumentation-httpasyncclient\5.1.0\brave-instrumentation-httpasyncclient-5.1.0.jar;C:\WINDOWS\system32\config\systemprofile\.m2\repository\io\zipkin\brave\brave-instrumentation-spring-webmvc\5.1.0\brave-instrumentation-spring-webmvc-5.1.0.jar;C:\WINDOWS\system32\config\systemprofile\.m2\repository\io\zipkin\brave\brave-instrumentation-servlet\5.1.0\brave-instrumentation-servlet-5.1.0.jar;C:\WINDOWS\system32\config\systemprofile\.m2\repository\org\springframework\cloud\spring-cloud-sleuth-zipkin\2.0.0.RELEASE\spring-cloud-sleuth-zipkin-2.0.0.RELEASE.jar;C:\WINDOWS\system32\config\systemprofile\.m2\repository\org\springframework\cloud\spring-cloud-commons\2.0.0.RELEASE\spring-cloud-commons-2.0.0.RELEASE.jar;C:\WINDOWS\system32\config\systemprofile\.m2\repository\org\springframework\security\spring-security-crypto\5.0.7.RELEASE\spring-security-crypto-5.0.7.RELEASE.jar;C:\WINDOWS\system32\config\systemprofile\.m2\repository\io\zipkin\zipkin2\zipkin\2.9.3\zipkin-2.9.3.jar;C:\WINDOWS\system32\config\systemprofile\.m2\repository\io\zipkin\reporter2\zipkin-reporter\2.7.3\zipkin-reporter-2.7.3.jar;C:\WINDOWS\system32\config\systemprofile\.m2\repository\io\zipkin\reporter2\zipkin-sender-kafka11\2.7.3\zipkin-sender-kafka11-2.7.3.jar;C:\WINDOWS\system32\config\systemprofile\.m2\repository\io\zipkin\reporter2\zipkin-sender-amqp-client\2.7.3\zipkin-sender-amqp-client-2.7.3.jar;C:\WINDOWS\system32\config\systemprofile\.m2\repository\commons-collections\commons-collections\3.2.2\commons-collections-3.2.2.jar;C:\WINDOWS\system32\config\systemprofile\.m2\repository\net\logstash\logback\logstash-logback-encoder\4.11\logstash-logback-encoder-4.11.jar;C:\WINDOWS\system32\config\systemprofile\.m2\repository\ch\qos\logback\logback-core\1.2.3\logback-core-1.2.3.jar;C:\WINDOWS\system32\config\systemprofile\.m2\repository\com\fasterxml\jackson\core\jackson-databind\2.9.6\jackson-databind-2.9.6.jar;C:\WINDOWS\system32\config\systemprofile\.m2\repository\com\fasterxml\jackson\dataformat\jackson-dataformat-xml\2.9.6\jackson-dataformat-xml-2.9.6.jar;C:\WINDOWS\system32\config\systemprofile\.m2\repository\com\fasterxml\jackson\core\jackson-core\2.9.6\jackson-core-2.9.6.jar;C:\WINDOWS\system32\config\systemprofile\.m2\repository\com\fasterxml\jackson\core\jackson-annotations\2.9.0\jackson-annotations-2.9.0.jar;C:\WINDOWS\system32\config\systemprofile\.m2\repository\com\fasterxml\jackson\module\jackson-module-jaxb-annotations\2.9.6\jackson-module-jaxb-annotations-2.9.6.jar;C:\WINDOWS\system32\config\systemprofile\.m2\repository\org\codehaus\woodstox\stax2-api\3.1.4\stax2-api-3.1.4.jar;C:\WINDOWS\system32\config\systemprofile\.m2\repository\com\fasterxml\woodstox\woodstox-core\5.0.3\woodstox-core-5.0.3.jar;C:\WINDOWS\system32\config\systemprofile\.m2\repository\com\fasterxml\jackson\datatype\jackson-datatype-joda\2.9.6\jackson-datatype-joda-2.9.6.jar;C:\WINDOWS\system32\config\systemprofile\.m2\repository\joda-time\joda-time\2.9.9\joda-time-2.9.9.jar;C:\WINDOWS\system32\config\systemprofile\.m2\repository\org\junit\jupiter\junit-jupiter-api\5.1.1\junit-jupiter-api-5.1.1.jar;C:\WINDOWS\system32\config\systemprofile\.m2\repository\org\apiguardian\apiguardian-api\1.0.0\apiguardian-api-1.0.0.jar;C:\WINDOWS\system32\config\systemprofile\.m2\repository\org\opentest4j\opentest4j\1.0.0\opentest4j-1.0.0.jar;C:\WINDOWS\system32\config\systemprofile\.m2\repository\org\junit\platform\junit-platform-commons\1.1.1\junit-platform-commons-1.1.1.jar;C:\WINDOWS\system32\config\systemprofile\.m2\repository\org\mockito\mockito-core\2.15.0\mockito-core-2.15.0.jar;C:\WINDOWS\system32\config\systemprofile\.m2\repository\net\bytebuddy\byte-buddy\1.7.11\byte-buddy-1.7.11.jar;C:\WINDOWS\system32\config\systemprofile\.m2\repository\net\bytebuddy\byte-buddy-agent\1.7.11\byte-buddy-agent-1.7.11.jar;C:\WINDOWS\system32\config\systemprofile\.m2\repository\org\objenesis\objenesis\2.6\objenesis-2.6.jar;C:\WINDOWS\system32\config\systemprofile\.m2\repository\org\assertj\assertj-core\3.9.1\assertj-core-3.9.1.jar;C:\WINDOWS\system32\config\systemprofile\.m2\repository\org\springframework\boot\spring-boot-test\2.0.4.RELEASE\spring-boot-test-2.0.4.RELEASE.jar;C:\WINDOWS\system32\config\systemprofile\.m2\repository\org\springframework\spring-test\5.0.8.RELEASE\spring-test-5.0.8.RELEASE.jar;, user.name=LAPTOP-2892UREN$, java.vm.specification.version=1.8, sun.java.command=C:\WINDOWS\TEMP\surefire8921638478534242318\surefirebooter828700607075020163.jar C:\Windows\Temp\surefire8921638478534242318 2025-05-07T01-03-03_997-jvmRun1 surefire8767471324280146243tmp surefire_05952848638916842536tmp, java.home=C:\Program Files\Java\jdk1.8.0_291\jre, sun.arch.data.model=64, user.language=en, java.specification.vendor=Oracle Corporation, awt.toolkit=sun.awt.windows.WToolkit, java.vm.info=mixed mode, java.version=1.8.0_291, java.ext.dirs=C:\Program Files\Java\jdk1.8.0_291\jre\lib\ext;C:\WINDOWS\Sun\Java\lib\ext, sun.boot.class.path=C:\Program Files\Java\jdk1.8.0_291\jre\lib\resources.jar;C:\Program Files\Java\jdk1.8.0_291\jre\lib\rt.jar;C:\Program Files\Java\jdk1.8.0_291\jre\lib\sunrsasign.jar;C:\Program Files\Java\jdk1.8.0_291\jre\lib\jsse.jar;C:\Program Files\Java\jdk1.8.0_291\jre\lib\jce.jar;C:\Program Files\Java\jdk1.8.0_291\jre\lib\charsets.jar;C:\Program Files\Java\jdk1.8.0_291\jre\lib\jfr.jar;C:\Program Files\Java\jdk1.8.0_291\jre\classes, java.vendor=Oracle Corporation, localRepository=C:\WINDOWS\system32\config\systemprofile\.m2\repository, file.separator=\, java.vendor.url.bug=http://bugreport.sun.com/bugreport/, sun.io.unicode.encoding=UnicodeLittle, sun.cpu.endian=little, sun.desktop=windows, sun.cpu.isalist=amd64}}, SystemEnvironmentPropertySource@1269938539 {name='systemEnvironment', properties={PATH=C:\Program Files\Common Files\Oracle\Java\javapath;C:\Program Files\Scripts\;C:\Program Files\;C:\Program Files (x86)\Common Files\Oracle\Java\javapath;C:\Windows\system32;C:\Windows;C:\Windows\System32\Wbem;C:\Windows\System32\WindowsPowerShell\v1.0\;C:\Windows\System32\OpenSSH\;C:\Program Files (x86)\NVIDIA Corporation\PhysX\Common;C:\Program Files\Java\jdk1.8.0_291\bin;C:\Program Files\Git\cmd;C:\WINDOWS\system32;C:\WINDOWS;C:\WINDOWS\System32\Wbem;C:\WINDOWS\System32\WindowsPowerShell\v1.0\;C:\WINDOWS\System32\OpenSSH\;C:\Users\91770\AppData\Local\Microsoft\WindowsApps\python.exe;C:\Program Files\Docker\Docker\resources\bin;C:\Program Files\terraform_1.5.7_windows_386;C:\Program Files\Amazon\AWSCLIV2\;C:\Program Files\kubectl;C:\Program Files\nodejs\;C:\Program Files (x86)\apache-maven-3.9.9\bin;C:\WINDOWS\system32\config\systemprofile\AppData\Local\Microsoft\WindowsApps, PROCESSOR_LEVEL=6, SYSTEMDRIVE=C:, RUN_DISPLAY_URL=http://localhost:8081/job/SampleProject/11/display/redirect, HUDSON_HOME=C:\ProgramData\Jenkins\.jenkins, RUN_CHANGES_DISPLAY_URL=http://localhost:8081/job/SampleProject/11/display/redirect?page=changes, JOB_URL=http://localhost:8081/job/SampleProject/, WINSW_SERVICE_ID=jenkins, HUDSON_COOKIE=5b4cd99c-938f-4819-b381-5dbec4da0eda, ALLUSERSPROFILE=C:\ProgramData, PROCESSOR_ARCHITECTURE=AMD64, DRIVERDATA=C:\Windows\System32\Drivers\DriverData, JRE_HOME=C:\Program Files\Java\jre1.8.0_291, MAVEN_HOME=C:\Program Files (x86)\apache-maven-3.9.9, PROGRAMFILES=C:\Program Files, PSMODULEPATH=C:\Program Files\WindowsPowerShell\Modules;C:\WINDOWS\system32\WindowsPowerShell\v1.0\Modules, JENKINS_SERVER_COOKIE=ffc33538135b15db, PROGRAMDATA=C:\ProgramData, SERVICE_ID=jenkins, USERNAME=LAPTOP-2892UREN$, RUN_TESTS_DISPLAY_URL=http://localhost:8081/job/SampleProject/11/display/redirect?page=tests, JENKINS_URL=http://localhost:8081/, WDIR=C:\, BUILD_TAG=jenkins-SampleProject-11, PATHEXT=.COM;.EXE;.BAT;.CMD;.VBS;.VBE;.JS;.JSE;.WSF;.WSH;.MSC;.PY;.PYW, CLASSWORLDS_JAR="C:\Program Files (x86)\apache-maven-3.9.9\boot\plexus-classworlds-2.8.0.jar", JENKINS_HOME=C:\ProgramData\Jenkins\.jenkins, WINDIR=C:\WINDOWS, NODE_NAME=built-in, BUILD_DISPLAY_NAME=#11, PROCESSOR_IDENTIFIER=Intel64 Family 6 Model 142 Stepping 12, GenuineIntel, JOB_DISPLAY_URL=http://localhost:8081/job/SampleProject/display/redirect, WINSW_EXECUTABLE=C:\Program Files\Jenkins\jenkins.exe, GIT_BRANCH=origin/main, PUBLIC=C:\Users\Public, ZES_ENABLE_SYSMAN=1, GIT_PREVIOUS_COMMIT=9e3a1a35f48ba524db29a7942f30fa1cf3c7f560, LOCALAPPDATA=C:\WINDOWS\system32\config\systemprofile\AppData\Local, WORKSPACE_TMP=C:\ProgramData\Jenkins\.jenkins\workspace\SampleProject@tmp, COMMONPROGRAMFILES(X86)=C:\Program Files (x86)\Common Files, USERDOMAIN=WORKGROUP, JAVA_HOME=C:\Program Files\Java\jdk1.8.0_291, PROMPT=$P$G, PROGRAMFILES(X86)=C:\Program Files (x86), BUILD_ID=11, BASE=C:\Program Files\Jenkins, ERROR_CODE=0, EXEC_DIR=C:\ProgramData\Jenkins\.jenkins\workspace\SampleProject, JOB_NAME=SampleProject, =C:=C:\ProgramData\Jenkins\.jenkins\workspace\SampleProject, APPDATA=C:\WINDOWS\system32\config\systemprofile\AppData\Roaming, NODE_LABELS=built-in, HUDSON_URL=http://localhost:8081/, PROGRAMW6432=C:\Program Files, SYSTEMROOT=C:\WINDOWS, WORKSPACE=C:\ProgramData\Jenkins\.jenkins\workspace\SampleProject, MAVEN_CMD_LINE_ARGS=clean package, GIT_COMMIT=eea9cacbf47be9b70fe668406a40902de38592c1, OS=Windows_NT, CI=true, COMMONPROGRAMW6432=C:\Program Files\Common Files, COMPUTERNAME=LAPTOP-2892UREN, EXECUTOR_NUMBER=1, COMMONPROGRAMFILES=C:\Program Files\Common Files, COMSPEC=C:\WINDOWS\system32\cmd.exe, HUDSON_SERVER_COOKIE=ffc33538135b15db, JAVACMD=C:\Program Files\Java\jdk1.8.0_291\bin\java.exe, MAVEN_PROJECTBASEDIR=C:\ProgramData\Jenkins\.jenkins\workspace\SampleProject, JOB_BASE_NAME=SampleProject, PROCESSOR_REVISION=8e0c, CLASSWORLDS_LAUNCHER=org.codehaus.plexus.classworlds.launcher.Launcher, BUILD_NUMBER=11, TEMP=C:\WINDOWS\TEMP, BUILD_URL=http://localhost:8081/job/SampleProject/11/, RUN_ARTIFACTS_DISPLAY_URL=http://localhost:8081/job/SampleProject/11/display/redirect?page=artifacts, USERPROFILE=C:\WINDOWS\system32\config\systemprofile, TMP=C:\WINDOWS\TEMP, GIT_URL=https://github.com/AdrsNotFound404/SampleProject.git, NUMBER_OF_PROCESSORS=8, JVMCONFIG=\.mvn\jvm.config}}]
01:03:06.210 [main] DEBUG org.springframework.core.io.support.PathMatchingResourcePatternResolver - Resolved classpath location [com/testing/] to resources [URL [file:/C:/ProgramData/Jenkins/.jenkins/workspace/SampleProject/target/test-classes/com/testing/], URL [file:/C:/ProgramData/Jenkins/.jenkins/workspace/SampleProject/target/classes/com/testing/]]
01:03:06.210 [main] DEBUG org.springframework.core.io.support.PathMatchingResourcePatternResolver - Looking for matching resources in directory tree [C:\ProgramData\Jenkins\.jenkins\workspace\SampleProject\target\test-classes\com\testing]
01:03:06.210 [main] DEBUG org.springframework.core.io.support.PathMatchingResourcePatternResolver - Searching directory [C:\ProgramData\Jenkins\.jenkins\workspace\SampleProject\target\test-classes\com\testing] for files matching pattern [C:/ProgramData/Jenkins/.jenkins/workspace/SampleProject/target/test-classes/com/testing/*.class]
01:03:06.213 [main] DEBUG org.springframework.core.io.support.PathMatchingResourcePatternResolver - Looking for matching resources in directory tree [C:\ProgramData\Jenkins\.jenkins\workspace\SampleProject\target\classes\com\testing]
01:03:06.213 [main] DEBUG org.springframework.core.io.support.PathMatchingResourcePatternResolver - Searching directory [C:\ProgramData\Jenkins\.jenkins\workspace\SampleProject\target\classes\com\testing] for files matching pattern [C:/ProgramData/Jenkins/.jenkins/workspace/SampleProject/target/classes/com/testing/*.class]
01:03:06.213 [main] DEBUG org.springframework.core.io.support.PathMatchingResourcePatternResolver - Resolved location pattern [classpath*:com/testing/*.class] to resources [file [C:\ProgramData\Jenkins\.jenkins\workspace\SampleProject\target\test-classes\com\testing\HelloWorldControllerTest.class], file [C:\ProgramData\Jenkins\.jenkins\workspace\SampleProject\target\test-classes\com\testing\HelloWorldIntegrationTest.class], file [C:\ProgramData\Jenkins\.jenkins\workspace\SampleProject\target\classes\com\testing\HelloWorldApplication.class], file [C:\ProgramData\Jenkins\.jenkins\workspace\SampleProject\target\classes\com\testing\HelloWorldController.class]]
01:03:06.323 [main] DEBUG org.springframework.context.annotation.ClassPathScanningCandidateComponentProvider - Identified candidate component class: file [C:\ProgramData\Jenkins\.jenkins\workspace\SampleProject\target\classes\com\testing\HelloWorldApplication.class]
01:03:06.340 [main] INFO org.springframework.boot.test.context.SpringBootTestContextBootstrapper - Found @SpringBootConfiguration com.testing.HelloWorldApplication for test class com.testing.HelloWorldIntegrationTest
01:03:06.642 [main] DEBUG org.springframework.boot.test.context.SpringBootTestContextBootstrapper - @TestExecutionListeners is not present for class [com.testing.HelloWorldIntegrationTest]: using defaults.
01:03:06.642 [main] INFO org.springframework.boot.test.context.SpringBootTestContextBootstrapper - Loaded default TestExecutionListener class names from location [META-INF/spring.factories]: [org.springframework.boot.test.autoconfigure.restdocs.RestDocsTestExecutionListener, org.springframework.boot.test.autoconfigure.web.client.MockRestServiceServerResetTestExecutionListener, org.springframework.boot.test.autoconfigure.web.servlet.MockMvcPrintOnlyOnFailureTestExecutionListener, org.springframework.boot.test.autoconfigure.web.servlet.WebDriverTestExecutionListener, org.springframework.boot.test.mock.mockito.MockitoTestExecutionListener, org.springframework.boot.test.mock.mockito.ResetMocksTestExecutionListener, org.springframework.test.context.web.ServletTestExecutionListener, org.springframework.test.context.support.DirtiesContextBeforeModesTestExecutionListener, org.springframework.test.context.support.DependencyInjectionTestExecutionListener, org.springframework.test.context.support.DirtiesContextTestExecutionListener, org.springframework.test.context.transaction.TransactionalTestExecutionListener, org.springframework.test.context.jdbc.SqlScriptsTestExecutionListener]
01:03:06.671 [main] INFO org.springframework.boot.test.context.SpringBootTestContextBootstrapper - Using TestExecutionListeners: [org.springframework.test.context.web.ServletTestExecutionListener@674ed201, org.springframework.test.context.support.DirtiesContextBeforeModesTestExecutionListener@4dad2363, org.springframework.boot.test.mock.mockito.MockitoTestExecutionListener@114b2414, org.springframework.boot.test.autoconfigure.SpringBootDependencyInjectionTestExecutionListener@57920d6c, org.springframework.test.context.support.DirtiesContextTestExecutionListener@465d1345, org.springframework.test.context.transaction.TransactionalTestExecutionListener@62cf86d6, org.springframework.test.context.jdbc.SqlScriptsTestExecutionListener@2a6c751f, org.springframework.boot.test.autoconfigure.restdocs.RestDocsTestExecutionListener@6dd2e453, org.springframework.boot.test.autoconfigure.web.client.MockRestServiceServerResetTestExecutionListener@433b1597, org.springframework.boot.test.autoconfigure.web.servlet.MockMvcPrintOnlyOnFailureTestExecutionListener@5d5cd210, org.springframework.boot.test.autoconfigure.web.servlet.WebDriverTestExecutionListener@14d18029, org.springframework.boot.test.mock.mockito.ResetMocksTestExecutionListener@6edb1e9c]
01:03:06.674 [main] DEBUG org.springframework.test.annotation.ProfileValueUtils - Retrieved @ProfileValueSourceConfiguration [null] for test class [com.testing.HelloWorldIntegrationTest]
01:03:06.674 [main] DEBUG org.springframework.test.annotation.ProfileValueUtils - Retrieved ProfileValueSource type [class org.springframework.test.annotation.SystemProfileValueSource] for class [com.testing.HelloWorldIntegrationTest]
01:03:06.674 [main] DEBUG org.springframework.test.annotation.ProfileValueUtils - Retrieved @ProfileValueSourceConfiguration [null] for test class [com.testing.HelloWorldIntegrationTest]
01:03:06.674 [main] DEBUG org.springframework.test.annotation.ProfileValueUtils - Retrieved ProfileValueSource type [class org.springframework.test.annotation.SystemProfileValueSource] for class [com.testing.HelloWorldIntegrationTest]
01:03:06.674 [main] DEBUG org.springframework.test.annotation.ProfileValueUtils - Retrieved @ProfileValueSourceConfiguration [null] for test class [com.testing.HelloWorldIntegrationTest]
01:03:06.674 [main] DEBUG org.springframework.test.annotation.ProfileValueUtils - Retrieved ProfileValueSource type [class org.springframework.test.annotation.SystemProfileValueSource] for class [com.testing.HelloWorldIntegrationTest]
01:03:06.678 [main] DEBUG org.springframework.test.context.support.AbstractDirtiesContextTestExecutionListener - Before test class: context [DefaultTestContext@713e49c3 testClass = HelloWorldIntegrationTest, testInstance = [null], testMethod = [null], testException = [null], mergedContextConfiguration = [WebMergedContextConfiguration@13d5606c testClass = HelloWorldIntegrationTest, locations = '{}', classes = '{class com.testing.HelloWorldApplication}', contextInitializerClasses = '[]', activeProfiles = '{}', propertySourceLocations = '{}', propertySourceProperties = '{org.springframework.boot.test.context.SpringBootTestContextBootstrapper=true, server.port=0}', contextCustomizers = set[org.springframework.boot.test.autoconfigure.properties.PropertyMappingContextCustomizer@0, org.springframework.boot.test.autoconfigure.web.servlet.WebDriverContextCustomizerFactory$Customizer@1de0641b, org.springframework.boot.test.context.filter.ExcludeFilterContextCustomizer@48eaf42f, org.springframework.boot.test.json.DuplicateJsonObjectContextCustomizerFactory$DuplicateJsonObjectContextCustomizer@ca8ef3a, org.springframework.boot.test.mock.mockito.MockitoContextCustomizer@0, org.springframework.boot.test.web.client.TestRestTemplateContextCustomizer@3635099], resourceBasePath = 'src/main/webapp', contextLoader = 'org.springframework.boot.test.context.SpringBootContextLoader', parent = [null]], attributes = map['org.springframework.test.context.web.ServletTestExecutionListener.activateListener' -> false]], class annotated with @DirtiesContext [false] with mode [null].
01:03:06.678 [main] DEBUG org.springframework.test.annotation.ProfileValueUtils - Retrieved @ProfileValueSourceConfiguration [null] for test class [com.testing.HelloWorldIntegrationTest]
01:03:06.678 [main] DEBUG org.springframework.test.annotation.ProfileValueUtils - Retrieved ProfileValueSource type [class org.springframework.test.annotation.SystemProfileValueSource] for class [com.testing.HelloWorldIntegrationTest]
01:03:06.689 [main] DEBUG org.springframework.test.context.support.DependencyInjectionTestExecutionListener - Performing dependency injection for test context [[DefaultTestContext@713e49c3 testClass = HelloWorldIntegrationTest, testInstance = com.testing.HelloWorldIntegrationTest@4a2653a0, testMethod = [null], testException = [null], mergedContextConfiguration = [WebMergedContextConfiguration@13d5606c testClass = HelloWorldIntegrationTest, locations = '{}', classes = '{class com.testing.HelloWorldApplication}', contextInitializerClasses = '[]', activeProfiles = '{}', propertySourceLocations = '{}', propertySourceProperties = '{org.springframework.boot.test.context.SpringBootTestContextBootstrapper=true, server.port=0}', contextCustomizers = set[org.springframework.boot.test.autoconfigure.properties.PropertyMappingContextCustomizer@0, org.springframework.boot.test.autoconfigure.web.servlet.WebDriverContextCustomizerFactory$Customizer@1de0641b, org.springframework.boot.test.context.filter.ExcludeFilterContextCustomizer@48eaf42f, org.springframework.boot.test.json.DuplicateJsonObjectContextCustomizerFactory$DuplicateJsonObjectContextCustomizer@ca8ef3a, org.springframework.boot.test.mock.mockito.MockitoContextCustomizer@0, org.springframework.boot.test.web.client.TestRestTemplateContextCustomizer@3635099], resourceBasePath = 'src/main/webapp', contextLoader = 'org.springframework.boot.test.context.SpringBootContextLoader', parent = [null]], attributes = map['org.springframework.test.context.web.ServletTestExecutionListener.activateListener' -> false]]].
01:03:06.725 [main] DEBUG org.springframework.core.env.StandardEnvironment - Adding PropertySource 'systemProperties' with lowest search precedence
01:03:06.725 [main] DEBUG org.springframework.core.env.StandardEnvironment - Adding PropertySource 'systemEnvironment' with lowest search precedence
01:03:06.725 [main] DEBUG org.springframework.core.env.StandardEnvironment - Initialized StandardEnvironment with PropertySources [MapPropertySource@140260642 {name='systemProperties', properties={java.runtime.name=Java(TM) SE Runtime Environment, sun.boot.library.path=C:\Program Files\Java\jdk1.8.0_291\jre\bin, java.vm.version=25.291-b10, java.vm.vendor=Oracle Corporation, java.vendor.url=http://java.oracle.com/, path.separator=;, java.vm.name=Java HotSpot(TM) 64-Bit Server VM, file.encoding.pkg=sun.io, user.country=US, user.script=, sun.java.launcher=SUN_STANDARD, sun.os.patch.level=, java.vm.specification.name=Java Virtual Machine Specification, user.dir=C:\ProgramData\Jenkins\.jenkins\workspace\SampleProject, java.runtime.version=1.8.0_291-b10, basedir=C:\ProgramData\Jenkins\.jenkins\workspace\SampleProject, java.awt.graphicsenv=sun.awt.Win32GraphicsEnvironment, java.endorsed.dirs=C:\Program Files\Java\jdk1.8.0_291\jre\lib\endorsed, os.arch=amd64, surefire.real.class.path=C:\WINDOWS\TEMP\surefire8921638478534242318\surefirebooter828700607075020163.jar;C:\\WINDOWS\\system32\\config\\systemprofile\\.m2\\repository\\org\\jacoco\\org.jacoco.agent\\0.7.9\\org.jacoco.agent-0.7.9-runtime.jar, java.io.tmpdir=C:\WINDOWS\TEMP\, line.separator=
, java.vm.specification.vendor=Oracle Corporation, user.variant=, os.name=Windows 10, sun.jnu.encoding=Cp1252, java.library.path=C:\Program Files\Java\jdk1.8.0_291\jre\bin;C:\WINDOWS\Sun\Java\bin;C:\WINDOWS\system32;C:\WINDOWS;C:\Program Files\Common Files\Oracle\Java\javapath;C:\Program Files\Scripts\;C:\Program Files\;C:\Program Files (x86)\Common Files\Oracle\Java\javapath;C:\Windows\system32;C:\Windows;C:\Windows\System32\Wbem;C:\Windows\System32\WindowsPowerShell\v1.0\;C:\Windows\System32\OpenSSH\;C:\Program Files (x86)\NVIDIA Corporation\PhysX\Common;C:\Program Files\Java\jdk1.8.0_291\bin;C:\Program Files\Git\cmd;C:\WINDOWS\system32;C:\WINDOWS;C:\WINDOWS\System32\Wbem;C:\WINDOWS\System32\WindowsPowerShell\v1.0\;C:\WINDOWS\System32\OpenSSH\;C:\Users\91770\AppData\Local\Microsoft\WindowsApps\python.exe;C:\Program Files\Docker\Docker\resources\bin;C:\Program Files\terraform_1.5.7_windows_386;C:\Program Files\Amazon\AWSCLIV2\;C:\Program Files\kubectl;C:\Program Files\nodejs\;C:\Program Files (x86)\apache-maven-3.9.9\bin;C:\WINDOWS\system32\config\systemprofile\AppData\Local\Microsoft\WindowsApps;., surefire.test.class.path=C:\ProgramData\Jenkins\.jenkins\workspace\SampleProject\target\test-classes;C:\ProgramData\Jenkins\.jenkins\workspace\SampleProject\target\classes;C:\WINDOWS\system32\config\systemprofile\.m2\repository\org\springframework\boot\spring-boot-starter\2.0.4.RELEASE\spring-boot-starter-2.0.4.RELEASE.jar;C:\WINDOWS\system32\config\systemprofile\.m2\repository\org\springframework\boot\spring-boot\2.0.4.RELEASE\spring-boot-2.0.4.RELEASE.jar;C:\WINDOWS\system32\config\systemprofile\.m2\repository\org\springframework\spring-context\5.0.8.RELEASE\spring-context-5.0.8.RELEASE.jar;C:\WINDOWS\system32\config\systemprofile\.m2\repository\org\springframework\boot\spring-boot-autoconfigure\2.0.4.RELEASE\spring-boot-autoconfigure-2.0.4.RELEASE.jar;C:\WINDOWS\system32\config\systemprofile\.m2\repository\org\springframework\boot\spring-boot-starter-logging\2.0.4.RELEASE\spring-boot-starter-logging-2.0.4.RELEASE.jar;C:\WINDOWS\system32\config\systemprofile\.m2\repository\ch\qos\logback\logback-classic\1.2.3\logback-classic-1.2.3.jar;C:\WINDOWS\system32\config\systemprofile\.m2\repository\org\apache\logging\log4j\log4j-to-slf4j\2.10.0\log4j-to-slf4j-2.10.0.jar;C:\WINDOWS\system32\config\systemprofile\.m2\repository\org\apache\logging\log4j\log4j-api\2.10.0\log4j-api-2.10.0.jar;C:\WINDOWS\system32\config\systemprofile\.m2\repository\org\slf4j\jul-to-slf4j\1.7.25\jul-to-slf4j-1.7.25.jar;C:\WINDOWS\system32\config\systemprofile\.m2\repository\javax\annotation\javax.annotation-api\1.3.2\javax.annotation-api-1.3.2.jar;C:\WINDOWS\system32\config\systemprofile\.m2\repository\org\springframework\spring-core\5.0.8.RELEASE\spring-core-5.0.8.RELEASE.jar;C:\WINDOWS\system32\config\systemprofile\.m2\repository\org\springframework\spring-jcl\5.0.8.RELEASE\spring-jcl-5.0.8.RELEASE.jar;C:\WINDOWS\system32\config\systemprofile\.m2\repository\org\yaml\snakeyaml\1.19\snakeyaml-1.19.jar;C:\WINDOWS\system32\config\systemprofile\.m2\repository\org\springframework\boot\spring-boot-starter-actuator\2.0.4.RELEASE\spring-boot-starter-actuator-2.0.4.RELEASE.jar;C:\WINDOWS\system32\config\systemprofile\.m2\repository\org\springframework\boot\spring-boot-actuator-autoconfigure\2.0.4.RELEASE\spring-boot-actuator-autoconfigure-2.0.4.RELEASE.jar;C:\WINDOWS\system32\config\systemprofile\.m2\repository\org\springframework\boot\spring-boot-actuator\2.0.4.RELEASE\spring-boot-actuator-2.0.4.RELEASE.jar;C:\WINDOWS\system32\config\systemprofile\.m2\repository\com\fasterxml\jackson\datatype\jackson-datatype-jsr310\2.9.6\jackson-datatype-jsr310-2.9.6.jar;C:\WINDOWS\system32\config\systemprofile\.m2\repository\io\micrometer\micrometer-core\1.0.6\micrometer-core-1.0.6.jar;C:\WINDOWS\system32\config\systemprofile\.m2\repository\org\hdrhistogram\HdrHistogram\2.1.10\HdrHistogram-2.1.10.jar;C:\WINDOWS\system32\config\systemprofile\.m2\repository\org\latencyutils\LatencyUtils\2.0.3\LatencyUtils-2.0.3.jar;C:\WINDOWS\system32\config\systemprofile\.m2\repository\org\springframework\boot\spring-boot-starter-data-jpa\2.0.4.RELEASE\spring-boot-starter-data-jpa-2.0.4.RELEASE.jar;C:\WINDOWS\system32\config\systemprofile\.m2\repository\org\springframework\boot\spring-boot-starter-aop\2.0.4.RELEASE\spring-boot-starter-aop-2.0.4.RELEASE.jar;C:\WINDOWS\system32\config\systemprofile\.m2\repository\org\springframework\spring-aop\5.0.8.RELEASE\spring-aop-5.0.8.RELEASE.jar;C:\WINDOWS\system32\config\systemprofile\.m2\repository\org\aspectj\aspectjweaver\1.8.13\aspectjweaver-1.8.13.jar;C:\WINDOWS\system32\config\systemprofile\.m2\repository\org\springframework\boot\spring-boot-starter-jdbc\2.0.4.RELEASE\spring-boot-starter-jdbc-2.0.4.RELEASE.jar;C:\WINDOWS\system32\config\systemprofile\.m2\repository\com\zaxxer\HikariCP\2.7.9\HikariCP-2.7.9.jar;C:\WINDOWS\system32\config\systemprofile\.m2\repository\org\springframework\spring-jdbc\5.0.8.RELEASE\spring-jdbc-5.0.8.RELEASE.jar;C:\WINDOWS\system32\config\systemprofile\.m2\repository\org\hibernate\hibernate-core\5.2.17.Final\hibernate-core-5.2.17.Final.jar;C:\WINDOWS\system32\config\systemprofile\.m2\repository\org\jboss\logging\jboss-logging\3.3.2.Final\jboss-logging-3.3.2.Final.jar;C:\WINDOWS\system32\config\systemprofile\.m2\repository\org\hibernate\javax\persistence\hibernate-jpa-2.1-api\1.0.2.Final\hibernate-jpa-2.1-api-1.0.2.Final.jar;C:\WINDOWS\system32\config\systemprofile\.m2\repository\org\javassist\javassist\3.22.0-GA\javassist-3.22.0-GA.jar;C:\WINDOWS\system32\config\systemprofile\.m2\repository\antlr\antlr\2.7.7\antlr-2.7.7.jar;C:\WINDOWS\system32\config\systemprofile\.m2\repository\org\jboss\jandex\2.0.3.Final\jandex-2.0.3.Final.jar;C:\WINDOWS\system32\config\systemprofile\.m2\repository\com\fasterxml\classmate\1.3.4\classmate-1.3.4.jar;C:\WINDOWS\system32\config\systemprofile\.m2\repository\dom4j\dom4j\1.6.1\dom4j-1.6.1.jar;C:\WINDOWS\system32\config\systemprofile\.m2\repository\org\hibernate\common\hibernate-commons-annotations\5.0.1.Final\hibernate-commons-annotations-5.0.1.Final.jar;C:\WINDOWS\system32\config\systemprofile\.m2\repository\javax\transaction\javax.transaction-api\1.2\javax.transaction-api-1.2.jar;C:\WINDOWS\system32\config\systemprofile\.m2\repository\org\springframework\data\spring-data-jpa\2.0.9.RELEASE\spring-data-jpa-2.0.9.RELEASE.jar;C:\WINDOWS\system32\config\systemprofile\.m2\repository\org\springframework\data\spring-data-commons\2.0.9.RELEASE\spring-data-commons-2.0.9.RELEASE.jar;C:\WINDOWS\system32\config\systemprofile\.m2\repository\org\springframework\spring-orm\5.0.8.RELEASE\spring-orm-5.0.8.RELEASE.jar;C:\WINDOWS\system32\config\systemprofile\.m2\repository\org\springframework\spring-tx\5.0.8.RELEASE\spring-tx-5.0.8.RELEASE.jar;C:\WINDOWS\system32\config\systemprofile\.m2\repository\org\springframework\spring-beans\5.0.8.RELEASE\spring-beans-5.0.8.RELEASE.jar;C:\WINDOWS\system32\config\systemprofile\.m2\repository\org\slf4j\slf4j-api\1.7.25\slf4j-api-1.7.25.jar;C:\WINDOWS\system32\config\systemprofile\.m2\repository\org\springframework\spring-aspects\5.0.8.RELEASE\spring-aspects-5.0.8.RELEASE.jar;C:\WINDOWS\system32\config\systemprofile\.m2\repository\org\springframework\boot\spring-boot-starter-test\2.0.4.RELEASE\spring-boot-starter-test-2.0.4.RELEASE.jar;C:\WINDOWS\system32\config\systemprofile\.m2\repository\org\springframework\boot\spring-boot-test-autoconfigure\2.0.4.RELEASE\spring-boot-test-autoconfigure-2.0.4.RELEASE.jar;C:\WINDOWS\system32\config\systemprofile\.m2\repository\com\jayway\jsonpath\json-path\2.4.0\json-path-2.4.0.jar;C:\WINDOWS\system32\config\systemprofile\.m2\repository\net\minidev\json-smart\2.3\json-smart-2.3.jar;C:\WINDOWS\system32\config\systemprofile\.m2\repository\net\minidev\accessors-smart\1.2\accessors-smart-1.2.jar;C:\WINDOWS\system32\config\systemprofile\.m2\repository\org\ow2\asm\asm\5.0.4\asm-5.0.4.jar;C:\WINDOWS\system32\config\systemprofile\.m2\repository\junit\junit\4.12\junit-4.12.jar;C:\WINDOWS\system32\config\systemprofile\.m2\repository\org\hamcrest\hamcrest-core\1.3\hamcrest-core-1.3.jar;C:\WINDOWS\system32\config\systemprofile\.m2\repository\org\hamcrest\hamcrest-library\1.3\hamcrest-library-1.3.jar;C:\WINDOWS\system32\config\systemprofile\.m2\repository\org\skyscreamer\jsonassert\1.5.0\jsonassert-1.5.0.jar;C:\WINDOWS\system32\config\systemprofile\.m2\repository\org\xmlunit\xmlunit-core\2.5.1\xmlunit-core-2.5.1.jar;C:\WINDOWS\system32\config\systemprofile\.m2\repository\org\springframework\boot\spring-boot-starter-web\2.0.4.RELEASE\spring-boot-starter-web-2.0.4.RELEASE.jar;C:\WINDOWS\system32\config\systemprofile\.m2\repository\org\springframework\boot\spring-boot-starter-json\2.0.4.RELEASE\spring-boot-starter-json-2.0.4.RELEASE.jar;C:\WINDOWS\system32\config\systemprofile\.m2\repository\com\fasterxml\jackson\datatype\jackson-datatype-jdk8\2.9.6\jackson-datatype-jdk8-2.9.6.jar;C:\WINDOWS\system32\config\systemprofile\.m2\repository\com\fasterxml\jackson\module\jackson-module-parameter-names\2.9.6\jackson-module-parameter-names-2.9.6.jar;C:\WINDOWS\system32\config\systemprofile\.m2\repository\org\springframework\boot\spring-boot-starter-tomcat\2.0.4.RELEASE\spring-boot-starter-tomcat-2.0.4.RELEASE.jar;C:\WINDOWS\system32\config\systemprofile\.m2\repository\org\apache\tomcat\embed\tomcat-embed-core\8.5.32\tomcat-embed-core-8.5.32.jar;C:\WINDOWS\system32\config\systemprofile\.m2\repository\org\apache\tomcat\embed\tomcat-embed-el\8.5.32\tomcat-embed-el-8.5.32.jar;C:\WINDOWS\system32\config\systemprofile\.m2\repository\org\apache\tomcat\embed\tomcat-embed-websocket\8.5.32\tomcat-embed-websocket-8.5.32.jar;C:\WINDOWS\system32\config\systemprofile\.m2\repository\org\hibernate\validator\hibernate-validator\6.0.11.Final\hibernate-validator-6.0.11.Final.jar;C:\WINDOWS\system32\config\systemprofile\.m2\repository\javax\validation\validation-api\2.0.1.Final\validation-api-2.0.1.Final.jar;C:\WINDOWS\system32\config\systemprofile\.m2\repository\org\springframework\spring-web\5.0.8.RELEASE\spring-web-5.0.8.RELEASE.jar;C:\WINDOWS\system32\config\systemprofile\.m2\repository\org\springframework\spring-webmvc\5.0.8.RELEASE\spring-webmvc-5.0.8.RELEASE.jar;C:\WINDOWS\system32\config\systemprofile\.m2\repository\org\springframework\spring-expression\5.0.8.RELEASE\spring-expression-5.0.8.RELEASE.jar;C:\WINDOWS\system32\config\systemprofile\.m2\repository\com\h2database\h2\1.4.197\h2-1.4.197.jar;C:\WINDOWS\system32\config\systemprofile\.m2\repository\org\springframework\cloud\spring-cloud-starter-sleuth\2.0.0.RELEASE\spring-cloud-starter-sleuth-2.0.0.RELEASE.jar;C:\WINDOWS\system32\config\systemprofile\.m2\repository\org\springframework\cloud\spring-cloud-starter\2.0.0.RELEASE\spring-cloud-starter-2.0.0.RELEASE.jar;C:\WINDOWS\system32\config\systemprofile\.m2\repository\org\springframework\cloud\spring-cloud-context\2.0.0.RELEASE\spring-cloud-context-2.0.0.RELEASE.jar;C:\WINDOWS\system32\config\systemprofile\.m2\repository\org\springframework\security\spring-security-rsa\1.0.5.RELEASE\spring-security-rsa-1.0.5.RELEASE.jar;C:\WINDOWS\system32\config\systemprofile\.m2\repository\org\bouncycastle\bcpkix-jdk15on\1.56\bcpkix-jdk15on-1.56.jar;C:\WINDOWS\system32\config\systemprofile\.m2\repository\org\bouncycastle\bcprov-jdk15on\1.56\bcprov-jdk15on-1.56.jar;C:\WINDOWS\system32\config\systemprofile\.m2\repository\org\springframework\cloud\spring-cloud-sleuth-core\2.0.0.RELEASE\spring-cloud-sleuth-core-2.0.0.RELEASE.jar;C:\WINDOWS\system32\config\systemprofile\.m2\repository\org\aspectj\aspectjrt\1.8.13\aspectjrt-1.8.13.jar;C:\WINDOWS\system32\config\systemprofile\.m2\repository\io\zipkin\brave\brave\5.1.0\brave-5.1.0.jar;C:\WINDOWS\system32\config\systemprofile\.m2\repository\io\zipkin\brave\brave-context-log4j2\5.1.0\brave-context-log4j2-5.1.0.jar;C:\WINDOWS\system32\config\systemprofile\.m2\repository\io\zipkin\brave\brave-instrumentation-spring-web\5.1.0\brave-instrumentation-spring-web-5.1.0.jar;C:\WINDOWS\system32\config\systemprofile\.m2\repository\io\zipkin\brave\brave-instrumentation-http\5.1.0\brave-instrumentation-http-5.1.0.jar;C:\WINDOWS\system32\config\systemprofile\.m2\repository\io\zipkin\brave\brave-instrumentation-spring-rabbit\5.1.0\brave-instrumentation-spring-rabbit-5.1.0.jar;C:\WINDOWS\system32\config\systemprofile\.m2\repository\io\zipkin\brave\brave-instrumentation-kafka-clients\5.1.0\brave-instrumentation-kafka-clients-5.1.0.jar;C:\WINDOWS\system32\config\systemprofile\.m2\repository\io\zipkin\brave\brave-instrumentation-httpclient\5.1.0\brave-instrumentation-httpclient-5.1.0.jar;C:\WINDOWS\system32\config\systemprofile\.m2\repository\io\zipkin\brave\brave-instrumentation-httpasyncclient\5.1.0\brave-instrumentation-httpasyncclient-5.1.0.jar;C:\WINDOWS\system32\config\systemprofile\.m2\repository\io\zipkin\brave\brave-instrumentation-spring-webmvc\5.1.0\brave-instrumentation-spring-webmvc-5.1.0.jar;C:\WINDOWS\system32\config\systemprofile\.m2\repository\io\zipkin\brave\brave-instrumentation-servlet\5.1.0\brave-instrumentation-servlet-5.1.0.jar;C:\WINDOWS\system32\config\systemprofile\.m2\repository\org\springframework\cloud\spring-cloud-sleuth-zipkin\2.0.0.RELEASE\spring-cloud-sleuth-zipkin-2.0.0.RELEASE.jar;C:\WINDOWS\system32\config\systemprofile\.m2\repository\org\springframework\cloud\spring-cloud-commons\2.0.0.RELEASE\spring-cloud-commons-2.0.0.RELEASE.jar;C:\WINDOWS\system32\config\systemprofile\.m2\repository\org\springframework\security\spring-security-crypto\5.0.7.RELEASE\spring-security-crypto-5.0.7.RELEASE.jar;C:\WINDOWS\system32\config\systemprofile\.m2\repository\io\zipkin\zipkin2\zipkin\2.9.3\zipkin-2.9.3.jar;C:\WINDOWS\system32\config\systemprofile\.m2\repository\io\zipkin\reporter2\zipkin-reporter\2.7.3\zipkin-reporter-2.7.3.jar;C:\WINDOWS\system32\config\systemprofile\.m2\repository\io\zipkin\reporter2\zipkin-sender-kafka11\2.7.3\zipkin-sender-kafka11-2.7.3.jar;C:\WINDOWS\system32\config\systemprofile\.m2\repository\io\zipkin\reporter2\zipkin-sender-amqp-client\2.7.3\zipkin-sender-amqp-client-2.7.3.jar;C:\WINDOWS\system32\config\systemprofile\.m2\repository\commons-collections\commons-collections\3.2.2\commons-collections-3.2.2.jar;C:\WINDOWS\system32\config\systemprofile\.m2\repository\net\logstash\logback\logstash-logback-encoder\4.11\logstash-logback-encoder-4.11.jar;C:\WINDOWS\system32\config\systemprofile\.m2\repository\ch\qos\logback\logback-core\1.2.3\logback-core-1.2.3.jar;C:\WINDOWS\system32\config\systemprofile\.m2\repository\com\fasterxml\jackson\core\jackson-databind\2.9.6\jackson-databind-2.9.6.jar;C:\WINDOWS\system32\config\systemprofile\.m2\repository\com\fasterxml\jackson\dataformat\jackson-dataformat-xml\2.9.6\jackson-dataformat-xml-2.9.6.jar;C:\WINDOWS\system32\config\systemprofile\.m2\repository\com\fasterxml\jackson\core\jackson-core\2.9.6\jackson-core-2.9.6.jar;C:\WINDOWS\system32\config\systemprofile\.m2\repository\com\fasterxml\jackson\core\jackson-annotations\2.9.0\jackson-annotations-2.9.0.jar;C:\WINDOWS\system32\config\systemprofile\.m2\repository\com\fasterxml\jackson\module\jackson-module-jaxb-annotations\2.9.6\jackson-module-jaxb-annotations-2.9.6.jar;C:\WINDOWS\system32\config\systemprofile\.m2\repository\org\codehaus\woodstox\stax2-api\3.1.4\stax2-api-3.1.4.jar;C:\WINDOWS\system32\config\systemprofile\.m2\repository\com\fasterxml\woodstox\woodstox-core\5.0.3\woodstox-core-5.0.3.jar;C:\WINDOWS\system32\config\systemprofile\.m2\repository\com\fasterxml\jackson\datatype\jackson-datatype-joda\2.9.6\jackson-datatype-joda-2.9.6.jar;C:\WINDOWS\system32\config\systemprofile\.m2\repository\joda-time\joda-time\2.9.9\joda-time-2.9.9.jar;C:\WINDOWS\system32\config\systemprofile\.m2\repository\org\junit\jupiter\junit-jupiter-api\5.1.1\junit-jupiter-api-5.1.1.jar;C:\WINDOWS\system32\config\systemprofile\.m2\repository\org\apiguardian\apiguardian-api\1.0.0\apiguardian-api-1.0.0.jar;C:\WINDOWS\system32\config\systemprofile\.m2\repository\org\opentest4j\opentest4j\1.0.0\opentest4j-1.0.0.jar;C:\WINDOWS\system32\config\systemprofile\.m2\repository\org\junit\platform\junit-platform-commons\1.1.1\junit-platform-commons-1.1.1.jar;C:\WINDOWS\system32\config\systemprofile\.m2\repository\org\mockito\mockito-core\2.15.0\mockito-core-2.15.0.jar;C:\WINDOWS\system32\config\systemprofile\.m2\repository\net\bytebuddy\byte-buddy\1.7.11\byte-buddy-1.7.11.jar;C:\WINDOWS\system32\config\systemprofile\.m2\repository\net\bytebuddy\byte-buddy-agent\1.7.11\byte-buddy-agent-1.7.11.jar;C:\WINDOWS\system32\config\systemprofile\.m2\repository\org\objenesis\objenesis\2.6\objenesis-2.6.jar;C:\WINDOWS\system32\config\systemprofile\.m2\repository\org\assertj\assertj-core\3.9.1\assertj-core-3.9.1.jar;C:\WINDOWS\system32\config\systemprofile\.m2\repository\org\springframework\boot\spring-boot-test\2.0.4.RELEASE\spring-boot-test-2.0.4.RELEASE.jar;C:\WINDOWS\system32\config\systemprofile\.m2\repository\org\springframework\spring-test\5.0.8.RELEASE\spring-test-5.0.8.RELEASE.jar;, java.specification.name=Java Platform API Specification, java.class.version=52.0, sun.management.compiler=HotSpot 64-Bit Tiered Compilers, os.version=10.0, user.home=C:\WINDOWS\system32\config\systemprofile, user.timezone=Asia/Calcutta, java.awt.printerjob=sun.awt.windows.WPrinterJob, file.encoding=Cp1252, java.specification.version=1.8, java.class.path=C:\ProgramData\Jenkins\.jenkins\workspace\SampleProject\target\test-classes;C:\ProgramData\Jenkins\.jenkins\workspace\SampleProject\target\classes;C:\WINDOWS\system32\config\systemprofile\.m2\repository\org\springframework\boot\spring-boot-starter\2.0.4.RELEASE\spring-boot-starter-2.0.4.RELEASE.jar;C:\WINDOWS\system32\config\systemprofile\.m2\repository\org\springframework\boot\spring-boot\2.0.4.RELEASE\spring-boot-2.0.4.RELEASE.jar;C:\WINDOWS\system32\config\systemprofile\.m2\repository\org\springframework\spring-context\5.0.8.RELEASE\spring-context-5.0.8.RELEASE.jar;C:\WINDOWS\system32\config\systemprofile\.m2\repository\org\springframework\boot\spring-boot-autoconfigure\2.0.4.RELEASE\spring-boot-autoconfigure-2.0.4.RELEASE.jar;C:\WINDOWS\system32\config\systemprofile\.m2\repository\org\springframework\boot\spring-boot-starter-logging\2.0.4.RELEASE\spring-boot-starter-logging-2.0.4.RELEASE.jar;C:\WINDOWS\system32\config\systemprofile\.m2\repository\ch\qos\logback\logback-classic\1.2.3\logback-classic-1.2.3.jar;C:\WINDOWS\system32\config\systemprofile\.m2\repository\org\apache\logging\log4j\log4j-to-slf4j\2.10.0\log4j-to-slf4j-2.10.0.jar;C:\WINDOWS\system32\config\systemprofile\.m2\repository\org\apache\logging\log4j\log4j-api\2.10.0\log4j-api-2.10.0.jar;C:\WINDOWS\system32\config\systemprofile\.m2\repository\org\slf4j\jul-to-slf4j\1.7.25\jul-to-slf4j-1.7.25.jar;C:\WINDOWS\system32\config\systemprofile\.m2\repository\javax\annotation\javax.annotation-api\1.3.2\javax.annotation-api-1.3.2.jar;C:\WINDOWS\system32\config\systemprofile\.m2\repository\org\springframework\spring-core\5.0.8.RELEASE\spring-core-5.0.8.RELEASE.jar;C:\WINDOWS\system32\config\systemprofile\.m2\repository\org\springframework\spring-jcl\5.0.8.RELEASE\spring-jcl-5.0.8.RELEASE.jar;C:\WINDOWS\system32\config\systemprofile\.m2\repository\org\yaml\snakeyaml\1.19\snakeyaml-1.19.jar;C:\WINDOWS\system32\config\systemprofile\.m2\repository\org\springframework\boot\spring-boot-starter-actuator\2.0.4.RELEASE\spring-boot-starter-actuator-2.0.4.RELEASE.jar;C:\WINDOWS\system32\config\systemprofile\.m2\repository\org\springframework\boot\spring-boot-actuator-autoconfigure\2.0.4.RELEASE\spring-boot-actuator-autoconfigure-2.0.4.RELEASE.jar;C:\WINDOWS\system32\config\systemprofile\.m2\repository\org\springframework\boot\spring-boot-actuator\2.0.4.RELEASE\spring-boot-actuator-2.0.4.RELEASE.jar;C:\WINDOWS\system32\config\systemprofile\.m2\repository\com\fasterxml\jackson\datatype\jackson-datatype-jsr310\2.9.6\jackson-datatype-jsr310-2.9.6.jar;C:\WINDOWS\system32\config\systemprofile\.m2\repository\io\micrometer\micrometer-core\1.0.6\micrometer-core-1.0.6.jar;C:\WINDOWS\system32\config\systemprofile\.m2\repository\org\hdrhistogram\HdrHistogram\2.1.10\HdrHistogram-2.1.10.jar;C:\WINDOWS\system32\config\systemprofile\.m2\repository\org\latencyutils\LatencyUtils\2.0.3\LatencyUtils-2.0.3.jar;C:\WINDOWS\system32\config\systemprofile\.m2\repository\org\springframework\boot\spring-boot-starter-data-jpa\2.0.4.RELEASE\spring-boot-starter-data-jpa-2.0.4.RELEASE.jar;C:\WINDOWS\system32\config\systemprofile\.m2\repository\org\springframework\boot\spring-boot-starter-aop\2.0.4.RELEASE\spring-boot-starter-aop-2.0.4.RELEASE.jar;C:\WINDOWS\system32\config\systemprofile\.m2\repository\org\springframework\spring-aop\5.0.8.RELEASE\spring-aop-5.0.8.RELEASE.jar;C:\WINDOWS\system32\config\systemprofile\.m2\repository\org\aspectj\aspectjweaver\1.8.13\aspectjweaver-1.8.13.jar;C:\WINDOWS\system32\config\systemprofile\.m2\repository\org\springframework\boot\spring-boot-starter-jdbc\2.0.4.RELEASE\spring-boot-starter-jdbc-2.0.4.RELEASE.jar;C:\WINDOWS\system32\config\systemprofile\.m2\repository\com\zaxxer\HikariCP\2.7.9\HikariCP-2.7.9.jar;C:\WINDOWS\system32\config\systemprofile\.m2\repository\org\springframework\spring-jdbc\5.0.8.RELEASE\spring-jdbc-5.0.8.RELEASE.jar;C:\WINDOWS\system32\config\systemprofile\.m2\repository\org\hibernate\hibernate-core\5.2.17.Final\hibernate-core-5.2.17.Final.jar;C:\WINDOWS\system32\config\systemprofile\.m2\repository\org\jboss\logging\jboss-logging\3.3.2.Final\jboss-logging-3.3.2.Final.jar;C:\WINDOWS\system32\config\systemprofile\.m2\repository\org\hibernate\javax\persistence\hibernate-jpa-2.1-api\1.0.2.Final\hibernate-jpa-2.1-api-1.0.2.Final.jar;C:\WINDOWS\system32\config\systemprofile\.m2\repository\org\javassist\javassist\3.22.0-GA\javassist-3.22.0-GA.jar;C:\WINDOWS\system32\config\systemprofile\.m2\repository\antlr\antlr\2.7.7\antlr-2.7.7.jar;C:\WINDOWS\system32\config\systemprofile\.m2\repository\org\jboss\jandex\2.0.3.Final\jandex-2.0.3.Final.jar;C:\WINDOWS\system32\config\systemprofile\.m2\repository\com\fasterxml\classmate\1.3.4\classmate-1.3.4.jar;C:\WINDOWS\system32\config\systemprofile\.m2\repository\dom4j\dom4j\1.6.1\dom4j-1.6.1.jar;C:\WINDOWS\system32\config\systemprofile\.m2\repository\org\hibernate\common\hibernate-commons-annotations\5.0.1.Final\hibernate-commons-annotations-5.0.1.Final.jar;C:\WINDOWS\system32\config\systemprofile\.m2\repository\javax\transaction\javax.transaction-api\1.2\javax.transaction-api-1.2.jar;C:\WINDOWS\system32\config\systemprofile\.m2\repository\org\springframework\data\spring-data-jpa\2.0.9.RELEASE\spring-data-jpa-2.0.9.RELEASE.jar;C:\WINDOWS\system32\config\systemprofile\.m2\repository\org\springframework\data\spring-data-commons\2.0.9.RELEASE\spring-data-commons-2.0.9.RELEASE.jar;C:\WINDOWS\system32\config\systemprofile\.m2\repository\org\springframework\spring-orm\5.0.8.RELEASE\spring-orm-5.0.8.RELEASE.jar;C:\WINDOWS\system32\config\systemprofile\.m2\repository\org\springframework\spring-tx\5.0.8.RELEASE\spring-tx-5.0.8.RELEASE.jar;C:\WINDOWS\system32\config\systemprofile\.m2\repository\org\springframework\spring-beans\5.0.8.RELEASE\spring-beans-5.0.8.RELEASE.jar;C:\WINDOWS\system32\config\systemprofile\.m2\repository\org\slf4j\slf4j-api\1.7.25\slf4j-api-1.7.25.jar;C:\WINDOWS\system32\config\systemprofile\.m2\repository\org\springframework\spring-aspects\5.0.8.RELEASE\spring-aspects-5.0.8.RELEASE.jar;C:\WINDOWS\system32\config\systemprofile\.m2\repository\org\springframework\boot\spring-boot-starter-test\2.0.4.RELEASE\spring-boot-starter-test-2.0.4.RELEASE.jar;C:\WINDOWS\system32\config\systemprofile\.m2\repository\org\springframework\boot\spring-boot-test-autoconfigure\2.0.4.RELEASE\spring-boot-test-autoconfigure-2.0.4.RELEASE.jar;C:\WINDOWS\system32\config\systemprofile\.m2\repository\com\jayway\jsonpath\json-path\2.4.0\json-path-2.4.0.jar;C:\WINDOWS\system32\config\systemprofile\.m2\repository\net\minidev\json-smart\2.3\json-smart-2.3.jar;C:\WINDOWS\system32\config\systemprofile\.m2\repository\net\minidev\accessors-smart\1.2\accessors-smart-1.2.jar;C:\WINDOWS\system32\config\systemprofile\.m2\repository\org\ow2\asm\asm\5.0.4\asm-5.0.4.jar;C:\WINDOWS\system32\config\systemprofile\.m2\repository\junit\junit\4.12\junit-4.12.jar;C:\WINDOWS\system32\config\systemprofile\.m2\repository\org\hamcrest\hamcrest-core\1.3\hamcrest-core-1.3.jar;C:\WINDOWS\system32\config\systemprofile\.m2\repository\org\hamcrest\hamcrest-library\1.3\hamcrest-library-1.3.jar;C:\WINDOWS\system32\config\syst
[...]
01:03:06.730 [main] DEBUG org.springframework.test.context.support.TestPropertySourceUtils - Adding inlined properties to environment: {spring.jmx.enabled=false, org.springframework.boot.test.context.SpringBootTestContextBootstrapper=true, server.port=0}
01:03:06.730 [main] DEBUG org.springframework.core.env.StandardEnvironment - Adding PropertySource 'Inlined Test Properties' with highest search precedence
2025-05-07 01:03:07.574  INFO [-,,,] 8468 --- [           main] s.c.a.AnnotationConfigApplicationContext : Refreshing org.springframework.context.annotation.AnnotationConfigApplicationContext@67062a93: startup date [Wed May 07 01:03:07 IST 2025]; root of context hierarchy
2025-05-07 01:03:08.020  INFO [-,,,] 8468 --- [           main] trationDelegate$BeanPostProcessorChecker : Bean 'configurationPropertiesRebinderAutoConfiguration' of type [org.springframework.cloud.autoconfigure.ConfigurationPropertiesRebinderAutoConfiguration$$EnhancerBySpringCGLIB$$904e870e] is not eligible for getting processed by all BeanPostProcessors (for example: not eligible for auto-proxying)

  .   ____          _            __ _ _
 /\\ / ___'_ __ _ _(_)_ __  __ _ \ \ \ \
( ( )\___ | '_ | '_| | '_ \/ _` | \ \ \ \
 \\/  ___)| |_)| | | | | || (_| |  ) ) ) )
  '  |____| .__|_| |_|_| |_\__, | / / / /
 =========|_|==============|___/=/_/_/_/
 :: Spring Boot ::        (v2.0.4.RELEASE)

2025-05-07 01:03:08.630  INFO [hello-world,,,] 8468 --- [           main] com.testing.HelloWorldIntegrationTest    : No active profile set, falling back to default profiles: default
2025-05-07 01:03:08.638  INFO [hello-world,,,] 8468 --- [           main] ConfigServletWebServerApplicationContext : Refreshing org.springframework.boot.web.servlet.context.AnnotationConfigServletWebServerApplicationContext@6245303e: startup date [Wed May 07 01:03:08 IST 2025]; parent: org.springframework.context.annotation.AnnotationConfigApplicationContext@67062a93
2025-05-07 01:03:10.058  INFO [hello-world,,,] 8468 --- [           main] o.s.b.f.s.DefaultListableBeanFactory     : Overriding bean definition for bean 'dataSource' with a different definition: replacing [Root bean: class [null]; scope=refresh; abstract=false; lazyInit=false; autowireMode=3; dependencyCheck=0; autowireCandidate=false; primary=false; factoryBeanName=org.springframework.boot.autoconfigure.jdbc.DataSourceConfiguration$Hikari; factoryMethodName=dataSource; initMethodName=null; destroyMethodName=(inferred); defined in class path resource [org/springframework/boot/autoconfigure/jdbc/DataSourceConfiguration$Hikari.class]] with [Root bean: class [org.springframework.aop.scope.ScopedProxyFactoryBean]; scope=; abstract=false; lazyInit=false; autowireMode=0; dependencyCheck=0; autowireCandidate=true; primary=false; factoryBeanName=null; factoryMethodName=null; initMethodName=null; destroyMethodName=null; defined in BeanDefinition defined in class path resource [org/springframework/boot/autoconfigure/jdbc/DataSourceConfiguration$Hikari.class]]
2025-05-07 01:03:10.446  INFO [hello-world,,,] 8468 --- [           main] o.s.cloud.context.scope.GenericScope     : BeanFactory id=3426897a-d620-3621-950f-29edad6a8995
2025-05-07 01:03:11.015  INFO [hello-world,,,] 8468 --- [           main] trationDelegate$BeanPostProcessorChecker : Bean 'org.springframework.transaction.annotation.ProxyTransactionManagementConfiguration' of type [org.springframework.transaction.annotation.ProxyTransactionManagementConfiguration$$EnhancerBySpringCGLIB$$74348411] is not eligible for getting processed by all BeanPostProcessors (for example: not eligible for auto-proxying)
2025-05-07 01:03:11.098  INFO [hello-world,,,] 8468 --- [           main] trationDelegate$BeanPostProcessorChecker : Bean 'org.springframework.cloud.autoconfigure.ConfigurationPropertiesRebinderAutoConfiguration' of type [org.springframework.cloud.autoconfigure.ConfigurationPropertiesRebinderAutoConfiguration$$EnhancerBySpringCGLIB$$904e870e] is not eligible for getting processed by all BeanPostProcessors (for example: not eligible for auto-proxying)
2025-05-07 01:03:11.971  INFO [hello-world,,,] 8468 --- [           main] o.s.b.w.embedded.tomcat.TomcatWebServer  : Tomcat initialized with port(s): 0 (http)
2025-05-07 01:03:12.028  INFO [hello-world,,,] 8468 --- [           main] o.apache.catalina.core.StandardService   : Starting service [Tomcat]
2025-05-07 01:03:12.028  INFO [hello-world,,,] 8468 --- [           main] org.apache.catalina.core.StandardEngine  : Starting Servlet Engine: Apache Tomcat/8.5.32
2025-05-07 01:03:12.043  INFO [hello-world,,,] 8468 --- [ost-startStop-1] o.a.catalina.core.AprLifecycleListener   : The APR based Apache Tomcat Native library which allows optimal performance in production environments was not found on the java.library.path: [C:\Program Files\Java\jdk1.8.0_291\jre\bin;C:\WINDOWS\Sun\Java\bin;C:\WINDOWS\system32;C:\WINDOWS;C:\Program Files\Common Files\Oracle\Java\javapath;C:\Program Files\Scripts\;C:\Program Files\;C:\Program Files (x86)\Common Files\Oracle\Java\javapath;C:\Windows\system32;C:\Windows;C:\Windows\System32\Wbem;C:\Windows\System32\WindowsPowerShell\v1.0\;C:\Windows\System32\OpenSSH\;C:\Program Files (x86)\NVIDIA Corporation\PhysX\Common;C:\Program Files\Java\jdk1.8.0_291\bin;C:\Program Files\Git\cmd;C:\WINDOWS\system32;C:\WINDOWS;C:\WINDOWS\System32\Wbem;C:\WINDOWS\System32\WindowsPowerShell\v1.0\;C:\WINDOWS\System32\OpenSSH\;C:\Users\91770\AppData\Local\Microsoft\WindowsApps\python.exe;C:\Program Files\Docker\Docker\resources\bin;C:\Program Files\terraform_1.5.7_windows_386;C:\Program Files\Amazon\AWSCLIV2\;C:\Program Files\kubectl;C:\Program Files\nodejs\;C:\Program Files (x86)\apache-maven-3.9.9\bin;C:\WINDOWS\system32\config\systemprofile\AppData\Local\Microsoft\WindowsApps;.]
2025-05-07 01:03:12.240  INFO [hello-world,,,] 8468 --- [ost-startStop-1] o.a.c.c.C.[Tomcat].[localhost].[/]       : Initializing Spring embedded WebApplicationContext
2025-05-07 01:03:12.240  INFO [hello-world,,,] 8468 --- [ost-startStop-1] o.s.web.context.ContextLoader            : Root WebApplicationContext: initialization completed in 3602 ms
2025-05-07 01:03:14.216  INFO [hello-world,,,] 8468 --- [ost-startStop-1] o.s.b.w.servlet.FilterRegistrationBean   : Mapping filter: 'characterEncodingFilter' to: [/*]
2025-05-07 01:03:14.216  INFO [hello-world,,,] 8468 --- [ost-startStop-1] o.s.b.w.servlet.FilterRegistrationBean   : Mapping filter: 'webMvcMetricsFilter' to: [/*]
2025-05-07 01:03:14.216  INFO [hello-world,,,] 8468 --- [ost-startStop-1] o.s.b.w.servlet.FilterRegistrationBean   : Mapping filter: 'tracingFilter' to: [/*]
2025-05-07 01:03:14.216  INFO [hello-world,,,] 8468 --- [ost-startStop-1] o.s.b.w.servlet.FilterRegistrationBean   : Mapping filter: 'exceptionLoggingFilter' to: [/*]
2025-05-07 01:03:14.216  INFO [hello-world,,,] 8468 --- [ost-startStop-1] o.s.b.w.servlet.FilterRegistrationBean   : Mapping filter: 'hiddenHttpMethodFilter' to: [/*]
2025-05-07 01:03:14.218  INFO [hello-world,,,] 8468 --- [ost-startStop-1] o.s.b.w.servlet.FilterRegistrationBean   : Mapping filter: 'httpPutFormContentFilter' to: [/*]
2025-05-07 01:03:14.218  INFO [hello-world,,,] 8468 --- [ost-startStop-1] o.s.b.w.servlet.FilterRegistrationBean   : Mapping filter: 'requestContextFilter' to: [/*]
2025-05-07 01:03:14.218  INFO [hello-world,,,] 8468 --- [ost-startStop-1] o.s.b.w.servlet.FilterRegistrationBean   : Mapping filter: 'httpTraceFilter' to: [/*]
2025-05-07 01:03:14.218  INFO [hello-world,,,] 8468 --- [ost-startStop-1] o.s.b.w.servlet.ServletRegistrationBean  : Servlet dispatcherServlet mapped to [/]
2025-05-07 01:03:14.422  INFO [hello-world,,,] 8468 --- [           main] com.zaxxer.hikari.HikariDataSource       : HikariPool-1 - Starting...
2025-05-07 01:03:14.754  INFO [hello-world,,,] 8468 --- [           main] com.zaxxer.hikari.HikariDataSource       : HikariPool-1 - Start completed.
2025-05-07 01:03:14.829  INFO [hello-world,,,] 8468 --- [           main] j.LocalContainerEntityManagerFactoryBean : Building JPA container EntityManagerFactory for persistence unit 'default'
2025-05-07 01:03:14.871  INFO [hello-world,,,] 8468 --- [           main] o.hibernate.jpa.internal.util.LogHelper  : HHH000204: Processing PersistenceUnitInfo [
	name: default
	...]
2025-05-07 01:03:15.189  INFO [hello-world,,,] 8468 --- [           main] org.hibernate.Version                    : HHH000412: Hibernate Core {5.2.17.Final}
2025-05-07 01:03:15.192  INFO [hello-world,,,] 8468 --- [           main] org.hibernate.cfg.Environment            : HHH000206: hibernate.properties not found
2025-05-07 01:03:15.286  INFO [hello-world,,,] 8468 --- [           main] o.hibernate.annotations.common.Version   : HCANN000001: Hibernate Commons Annotations {5.0.1.Final}
2025-05-07 01:03:15.555  INFO [hello-world,,,] 8468 --- [           main] org.hibernate.dialect.Dialect            : HHH000400: Using dialect: org.hibernate.dialect.H2Dialect
2025-05-07 01:03:16.055  INFO [hello-world,,,] 8468 --- [           main] o.h.t.schema.internal.SchemaCreatorImpl  : HHH000476: Executing import script 'org.hibernate.tool.schema.internal.exec.ScriptSourceInputNonExistentImpl@b12bef0'
2025-05-07 01:03:16.072  INFO [hello-world,,,] 8468 --- [           main] j.LocalContainerEntityManagerFactoryBean : Initialized JPA EntityManagerFactory for persistence unit 'default'
2025-05-07 01:03:16.254  INFO [hello-world,,,] 8468 --- [           main] o.s.w.s.handler.SimpleUrlHandlerMapping  : Mapped URL path [/**/favicon.ico] onto handler of type [class org.springframework.web.servlet.resource.ResourceHttpRequestHandler]
2025-05-07 01:03:16.823  INFO [hello-world,,,] 8468 --- [           main] s.w.s.m.m.a.RequestMappingHandlerAdapter : Looking for @ControllerAdvice: org.springframework.boot.web.servlet.context.AnnotationConfigServletWebServerApplicationContext@6245303e: startup date [Wed May 07 01:03:08 IST 2025]; parent: org.springframework.context.annotation.AnnotationConfigApplicationContext@67062a93
2025-05-07 01:03:16.921  WARN [hello-world,,,] 8468 --- [           main] aWebConfiguration$JpaWebMvcConfiguration : spring.jpa.open-in-view is enabled by default. Therefore, database queries may be performed during view rendering. Explicitly configure spring.jpa.open-in-view to disable this warning
2025-05-07 01:03:16.988  INFO [hello-world,,,] 8468 --- [           main] s.w.s.m.m.a.RequestMappingHandlerMapping : Mapped "{[/],methods=[GET],produces=[application/json;charset=UTF-8]}" onto public java.util.Map<java.lang.String, java.lang.String> com.testing.HelloWorldController.helloWorld() throws java.net.UnknownHostException
2025-05-07 01:03:16.988  INFO [hello-world,,,] 8468 --- [           main] s.w.s.m.m.a.RequestMappingHandlerMapping : Mapped "{[/error],produces=[text/html]}" onto public org.springframework.web.servlet.ModelAndView org.springframework.boot.autoconfigure.web.servlet.error.BasicErrorController.errorHtml(javax.servlet.http.HttpServletRequest,javax.servlet.http.HttpServletResponse)
2025-05-07 01:03:16.988  INFO [hello-world,,,] 8468 --- [           main] s.w.s.m.m.a.RequestMappingHandlerMapping : Mapped "{[/error]}" onto public org.springframework.http.ResponseEntity<java.util.Map<java.lang.String, java.lang.Object>> org.springframework.boot.autoconfigure.web.servlet.error.BasicErrorController.error(javax.servlet.http.HttpServletRequest)
2025-05-07 01:03:17.047  INFO [hello-world,,,] 8468 --- [           main] o.s.w.s.handler.SimpleUrlHandlerMapping  : Mapped URL path [/webjars/**] onto handler of type [class org.springframework.web.servlet.resource.ResourceHttpRequestHandler]
2025-05-07 01:03:17.047  INFO [hello-world,,,] 8468 --- [           main] o.s.w.s.handler.SimpleUrlHandlerMapping  : Mapped URL path [/**] onto handler of type [class org.springframework.web.servlet.resource.ResourceHttpRequestHandler]
2025-05-07 01:03:18.456  INFO [hello-world,,,] 8468 --- [           main] o.s.b.a.e.web.EndpointLinksResolver      : Exposing 4 endpoint(s) beneath base path ''
2025-05-07 01:03:18.474  INFO [hello-world,,,] 8468 --- [           main] s.b.a.e.w.s.WebMvcEndpointHandlerMapping : Mapped "{[/health],methods=[GET],produces=[application/vnd.spring-boot.actuator.v2+json || application/json]}" onto public java.lang.Object org.springframework.boot.actuate.endpoint.web.servlet.AbstractWebMvcEndpointHandlerMapping$OperationHandler.handle(javax.servlet.http.HttpServletRequest,java.util.Map<java.lang.String, java.lang.String>)
2025-05-07 01:03:18.474  INFO [hello-world,,,] 8468 --- [           main] s.b.a.e.w.s.WebMvcEndpointHandlerMapping : Mapped "{[/configprops],methods=[GET],produces=[application/vnd.spring-boot.actuator.v2+json || application/json]}" onto public java.lang.Object org.springframework.boot.actuate.endpoint.web.servlet.AbstractWebMvcEndpointHandlerMapping$OperationHandler.handle(javax.servlet.http.HttpServletRequest,java.util.Map<java.lang.String, java.lang.String>)
2025-05-07 01:03:18.474  INFO [hello-world,,,] 8468 --- [           main] s.b.a.e.w.s.WebMvcEndpointHandlerMapping : Mapped "{[/info],methods=[GET],produces=[application/vnd.spring-boot.actuator.v2+json || application/json]}" onto public java.lang.Object org.springframework.boot.actuate.endpoint.web.servlet.AbstractWebMvcEndpointHandlerMapping$OperationHandler.handle(javax.servlet.http.HttpServletRequest,java.util.Map<java.lang.String, java.lang.String>)
2025-05-07 01:03:18.474  INFO [hello-world,,,] 8468 --- [           main] s.b.a.e.w.s.WebMvcEndpointHandlerMapping : Mapped "{[/metrics],methods=[GET],produces=[application/vnd.spring-boot.actuator.v2+json || application/json]}" onto public java.lang.Object org.springframework.boot.actuate.endpoint.web.servlet.AbstractWebMvcEndpointHandlerMapping$OperationHandler.handle(javax.servlet.http.HttpServletRequest,java.util.Map<java.lang.String, java.lang.String>)
2025-05-07 01:03:18.474  INFO [hello-world,,,] 8468 --- [           main] s.b.a.e.w.s.WebMvcEndpointHandlerMapping : Mapped "{[/metrics/{requiredMetricName}],methods=[GET],produces=[application/vnd.spring-boot.actuator.v2+json || application/json]}" onto public java.lang.Object org.springframework.boot.actuate.endpoint.web.servlet.AbstractWebMvcEndpointHandlerMapping$OperationHandler.handle(javax.servlet.http.HttpServletRequest,java.util.Map<java.lang.String, java.lang.String>)
2025-05-07 01:03:18.653  INFO [hello-world,,,] 8468 --- [           main] o.s.b.w.embedded.tomcat.TomcatWebServer  : Tomcat started on port(s): 50897 (http) with context path ''
2025-05-07 01:03:18.655  INFO [hello-world,,,] 8468 --- [           main] com.testing.HelloWorldIntegrationTest    : Started HelloWorldIntegrationTest in 11.919 seconds (JVM running for 14.19)
2025-05-07 01:03:18.812  INFO [hello-world,,,] 8468 --- [           main] o.s.t.c.transaction.TransactionContext   : Began transaction (1) for test context [DefaultTestContext@713e49c3 testClass = HelloWorldIntegrationTest, testInstance = com.testing.HelloWorldIntegrationTest@4a2653a0, testMethod = responseShouldContainHelloWorldKey@HelloWorldIntegrationTest, testException = [null], mergedContextConfiguration = [WebMergedContextConfiguration@13d5606c testClass = HelloWorldIntegrationTest, locations = '{}', classes = '{class com.testing.HelloWorldApplication}', contextInitializerClasses = '[]', activeProfiles = '{}', propertySourceLocations = '{}', propertySourceProperties = '{org.springframework.boot.test.context.SpringBootTestContextBootstrapper=true, server.port=0}', contextCustomizers = set[org.springframework.boot.test.autoconfigure.properties.PropertyMappingContextCustomizer@0, org.springframework.boot.test.autoconfigure.web.servlet.WebDriverContextCustomizerFactory$Customizer@1de0641b, org.springframework.boot.test.context.filter.ExcludeFilterContextCustomizer@48eaf42f, org.springframework.boot.test.json.DuplicateJsonObjectContextCustomizerFactory$DuplicateJsonObjectContextCustomizer@ca8ef3a, org.springframework.boot.test.mock.mockito.MockitoContextCustomizer@0, org.springframework.boot.test.web.client.TestRestTemplateContextCustomizer@3635099], resourceBasePath = 'src/main/webapp', contextLoader = 'org.springframework.boot.test.context.SpringBootContextLoader', parent = [null]], attributes = map['org.springframework.test.context.web.ServletTestExecutionListener.activateListener' -> false]]; transaction manager [org.springframework.orm.jpa.JpaTransactionManager@7793675f]; rollback [true]
2025-05-07 01:03:18.989  INFO [hello-world,,,] 8468 --- [o-auto-1-exec-1] o.a.c.c.C.[Tomcat].[localhost].[/]       : Initializing Spring FrameworkServlet 'dispatcherServlet'
2025-05-07 01:03:18.989  INFO [hello-world,,,] 8468 --- [o-auto-1-exec-1] o.s.web.servlet.DispatcherServlet        : FrameworkServlet 'dispatcherServlet': initialization started
2025-05-07 01:03:19.033  INFO [hello-world,,,] 8468 --- [o-auto-1-exec-1] o.s.web.servlet.DispatcherServlet        : FrameworkServlet 'dispatcherServlet': initialization completed in 44 ms
2025-05-07 01:03:19.326  INFO [hello-world,,,] 8468 --- [           main] o.s.t.c.transaction.TransactionContext   : Rolled back transaction for test: [DefaultTestContext@713e49c3 testClass = HelloWorldIntegrationTest, testInstance = com.testing.HelloWorldIntegrationTest@4a2653a0, testMethod = responseShouldContainHelloWorldKey@HelloWorldIntegrationTest, testException = org.junit.ComparisonFailure: expected:<"[Hello World!]"> but was:<"[No message available]">, mergedContextConfiguration = [WebMergedContextConfiguration@13d5606c testClass = HelloWorldIntegrationTest, locations = '{}', classes = '{class com.testing.HelloWorldApplication}', contextInitializerClasses = '[]', activeProfiles = '{}', propertySourceLocations = '{}', propertySourceProperties = '{org.springframework.boot.test.context.SpringBootTestContextBootstrapper=true, server.port=0}', contextCustomizers = set[org.springframework.boot.test.autoconfigure.properties.PropertyMappingContextCustomizer@0, org.springframework.boot.test.autoconfigure.web.servlet.WebDriverContextCustomizerFactory$Customizer@1de0641b, org.springframework.boot.test.context.filter.ExcludeFilterContextCustomizer@48eaf42f, org.springframework.boot.test.json.DuplicateJsonObjectContextCustomizerFactory$DuplicateJsonObjectContextCustomizer@ca8ef3a, org.springframework.boot.test.mock.mockito.MockitoContextCustomizer@0, org.springframework.boot.test.web.client.TestRestTemplateContextCustomizer@3635099], resourceBasePath = 'src/main/webapp', contextLoader = 'org.springframework.boot.test.context.SpringBootContextLoader', parent = [null]], attributes = map['org.springframework.test.context.web.ServletTestExecutionListener.activateListener' -> false]]
]]></system-out>
  </testcase>
</testsuite>